[ 2018-11-11T19:05:11+08:00 ] ::1 /waijiedemo/waijie/index.php/Home/user/register
INFO: [ app_init ] --START--
INFO: Run Behavior\BuildLiteBehavior [ RunTime:0.000010s ]
INFO: [ app_init ] --END-- [ RunTime:0.000752s ]
INFO: [ app_begin ] --START--
INFO: Run Behavior\ReadHtmlCacheBehavior [ RunTime:0.001071s ]
INFO: [ app_begin ] --END-- [ RunTime:0.001101s ]
NOTIC: [2] include_once(Conf/config.php): failed to open stream: No such file or directory D:\xampp\htdocs\waijiedemo\waijie\Application\Home\Controller\UserController.class.php 第 3 行.
NOTIC: [2] include_once(): Failed opening 'Conf/config.php' for inclusion (include_path='D:\xampp\php\PEAR') D:\xampp\htdocs\waijiedemo\waijie\Application\Home\Controller\UserController.class.php 第 3 行.
SQL: SHOW COLUMNS FROM `user` [ RunTime:0.0581s ]
SQL: INSERT INTO `user` (`username`,`password`,`company`,`tel`,`email`) VALUES ('堃','987','没有','123456','98765432') [ RunTime:0.0609s ]

[ 2018-11-11T19:05:21+08:00 ] ::1 /waijiedemo/waijie/index.php/Home/user/login
INFO: [ app_init ] --START--
INFO: Run Behavior\BuildLiteBehavior [ RunTime:0.000007s ]
INFO: [ app_init ] --END-- [ RunTime:0.000586s ]
INFO: [ app_begin ] --START--
INFO: Run Behavior\ReadHtmlCacheBehavior [ RunTime:0.000853s ]
INFO: [ app_begin ] --END-- [ RunTime:0.000883s ]
NOTIC: [2] include_once(Conf/config.php): failed to open stream: No such file or directory D:\xampp\htdocs\waijiedemo\waijie\Application\Home\Controller\UserController.class.php 第 3 行.
NOTIC: [2] include_once(): Failed opening 'Conf/config.php' for inclusion (include_path='D:\xampp\php\PEAR') D:\xampp\htdocs\waijiedemo\waijie\Application\Home\Controller\UserController.class.php 第 3 行.
SQL: SHOW COLUMNS FROM `user` [ RunTime:0.0256s ]
SQL: SELECT * FROM `user` WHERE `username` = '堃'  [ RunTime:0.0005s ]
SQL: SELECT * FROM `user` WHERE `username` = '堃'  [ RunTime:0.0003s ]
SQL: SELECT COUNT(*) AS tp_count FROM `user` WHERE `username` = '堃' LIMIT 1   [ RunTime:0.0004s ]
SQL: SELECT COUNT(*) AS tp_count FROM `user` WHERE `username` = '堃' AND `password` = '123' LIMIT 1   [ RunTime:0.0004s ]

[ 2018-11-11T19:06:22+08:00 ] ::1 /waijiedemo/waijie/index.php/Home/user/login
INFO: [ app_init ] --START--
INFO: Run Behavior\BuildLiteBehavior [ RunTime:0.000008s ]
INFO: [ app_init ] --END-- [ RunTime:0.000678s ]
INFO: [ app_begin ] --START--
INFO: Run Behavior\ReadHtmlCacheBehavior [ RunTime:0.001116s ]
INFO: [ app_begin ] --END-- [ RunTime:0.001155s ]
NOTIC: [2] include_once(Conf/config.php): failed to open stream: No such file or directory D:\xampp\htdocs\waijiedemo\waijie\Application\Home\Controller\UserController.class.php 第 3 行.
NOTIC: [2] include_once(): Failed opening 'Conf/config.php' for inclusion (include_path='D:\xampp\php\PEAR') D:\xampp\htdocs\waijiedemo\waijie\Application\Home\Controller\UserController.class.php 第 3 行.
SQL: SHOW COLUMNS FROM `user` [ RunTime:0.0066s ]
SQL: SELECT * FROM `user` WHERE `username` = 'admin'  [ RunTime:0.0005s ]
SQL: SELECT * FROM `user` WHERE `username` = 'admin'  [ RunTime:0.0003s ]
SQL: SELECT COUNT(*) AS tp_count FROM `user` WHERE `username` = 'admin' LIMIT 1   [ RunTime:0.0004s ]
SQL: SELECT COUNT(*) AS tp_count FROM `user` WHERE `username` = 'admin' AND `password` = '123' LIMIT 1   [ RunTime:0.0003s ]

[ 2018-11-11T19:06:22+08:00 ] ::1 /waijiedemo/waijie/index.php/Home/user/index
INFO: [ app_init ] --START--
INFO: Run Behavior\BuildLiteBehavior [ RunTime:0.000008s ]
INFO: [ app_init ] --END-- [ RunTime:0.000648s ]
INFO: [ app_begin ] --START--
INFO: Run Behavior\ReadHtmlCacheBehavior [ RunTime:0.000906s ]
INFO: [ app_begin ] --END-- [ RunTime:0.000933s ]
NOTIC: [2] include_once(Conf/config.php): failed to open stream: No such file or directory D:\xampp\htdocs\waijiedemo\waijie\Application\Home\Controller\UserController.class.php 第 3 行.
NOTIC: [2] include_once(): Failed opening 'Conf/config.php' for inclusion (include_path='D:\xampp\php\PEAR') D:\xampp\htdocs\waijiedemo\waijie\Application\Home\Controller\UserController.class.php 第 3 行.
SQL: SHOW COLUMNS FROM `user` [ RunTime:0.0072s ]
SQL: SELECT * FROM `user`  [ RunTime:0.0004s ]

[ 2018-11-11T19:06:35+08:00 ] ::1 /waijiedemo/waijie/index.php/Home/user/login
INFO: [ app_init ] --START--
INFO: Run Behavior\BuildLiteBehavior [ RunTime:0.000008s ]
INFO: [ app_init ] --END-- [ RunTime:0.000610s ]
INFO: [ app_begin ] --START--
INFO: Run Behavior\ReadHtmlCacheBehavior [ RunTime:0.000899s ]
INFO: [ app_begin ] --END-- [ RunTime:0.000926s ]
NOTIC: [2] include_once(Conf/config.php): failed to open stream: No such file or directory D:\xampp\htdocs\waijiedemo\waijie\Application\Home\Controller\UserController.class.php 第 3 行.
NOTIC: [2] include_once(): Failed opening 'Conf/config.php' for inclusion (include_path='D:\xampp\php\PEAR') D:\xampp\htdocs\waijiedemo\waijie\Application\Home\Controller\UserController.class.php 第 3 行.
SQL: SHOW COLUMNS FROM `user` [ RunTime:0.0065s ]
SQL: SELECT * FROM `user` WHERE `username` = 'admin'  [ RunTime:0.0004s ]
SQL: SELECT * FROM `user` WHERE `username` = 'admin'  [ RunTime:0.0003s ]
SQL: SELECT COUNT(*) AS tp_count FROM `user` WHERE `username` = 'admin' LIMIT 1   [ RunTime:0.0003s ]
SQL: SELECT COUNT(*) AS tp_count FROM `user` WHERE `username` = 'admin' AND `password` = '1' LIMIT 1   [ RunTime:0.0003s ]

[ 2018-11-11T19:06:35+08:00 ] ::1 /waijiedemo/waijie/index.php/Home/user/index
INFO: [ app_init ] --START--
INFO: Run Behavior\BuildLiteBehavior [ RunTime:0.000008s ]
INFO: [ app_init ] --END-- [ RunTime:0.000657s ]
INFO: [ app_begin ] --START--
INFO: Run Behavior\ReadHtmlCacheBehavior [ RunTime:0.000967s ]
INFO: [ app_begin ] --END-- [ RunTime:0.000997s ]
NOTIC: [2] include_once(Conf/config.php): failed to open stream: No such file or directory D:\xampp\htdocs\waijiedemo\waijie\Application\Home\Controller\UserController.class.php 第 3 行.
NOTIC: [2] include_once(): Failed opening 'Conf/config.php' for inclusion (include_path='D:\xampp\php\PEAR') D:\xampp\htdocs\waijiedemo\waijie\Application\Home\Controller\UserController.class.php 第 3 行.
SQL: SHOW COLUMNS FROM `user` [ RunTime:0.0065s ]
SQL: SELECT * FROM `user`  [ RunTime:0.0004s ]

[ 2018-11-11T19:07:21+08:00 ] ::1 /waijiedemo/waijie/index.php/Home/user/login
INFO: [ app_init ] --START--
INFO: Run Behavior\BuildLiteBehavior [ RunTime:0.000007s ]
INFO: [ app_init ] --END-- [ RunTime:0.000622s ]
INFO: [ app_begin ] --START--
INFO: Run Behavior\ReadHtmlCacheBehavior [ RunTime:0.000896s ]
INFO: [ app_begin ] --END-- [ RunTime:0.000924s ]
NOTIC: [2] include_once(Conf/config.php): failed to open stream: No such file or directory D:\xampp\htdocs\waijiedemo\waijie\Application\Home\Controller\UserController.class.php 第 3 行.
NOTIC: [2] include_once(): Failed opening 'Conf/config.php' for inclusion (include_path='D:\xampp\php\PEAR') D:\xampp\htdocs\waijiedemo\waijie\Application\Home\Controller\UserController.class.php 第 3 行.
SQL: SHOW COLUMNS FROM `user` [ RunTime:0.0063s ]
SQL: SELECT * FROM `user` WHERE `username` = 'admin'  [ RunTime:0.0004s ]
SQL: SELECT * FROM `user` WHERE `username` = 'admin'  [ RunTime:0.0003s ]
SQL: SELECT COUNT(*) AS tp_count FROM `user` WHERE `username` = 'admin' LIMIT 1   [ RunTime:0.0003s ]
SQL: SELECT COUNT(*) AS tp_count FROM `user` WHERE `username` = 'admin' AND `password` = '11' LIMIT 1   [ RunTime:0.0003s ]

[ 2018-11-11T19:07:25+08:00 ] ::1 /waijiedemo/waijie/index.php/Home/user/login
INFO: [ app_init ] --START--
INFO: Run Behavior\BuildLiteBehavior [ RunTime:0.000007s ]
INFO: [ app_init ] --END-- [ RunTime:0.000650s ]
INFO: [ app_begin ] --START--
INFO: Run Behavior\ReadHtmlCacheBehavior [ RunTime:0.000879s ]
INFO: [ app_begin ] --END-- [ RunTime:0.000906s ]
NOTIC: [2] include_once(Conf/config.php): failed to open stream: No such file or directory D:\xampp\htdocs\waijiedemo\waijie\Application\Home\Controller\UserController.class.php 第 3 行.
NOTIC: [2] include_once(): Failed opening 'Conf/config.php' for inclusion (include_path='D:\xampp\php\PEAR') D:\xampp\htdocs\waijiedemo\waijie\Application\Home\Controller\UserController.class.php 第 3 行.
SQL: SHOW COLUMNS FROM `user` [ RunTime:0.0287s ]
SQL: SELECT * FROM `user` WHERE `username` = 'admin'  [ RunTime:0.0005s ]
SQL: SELECT * FROM `user` WHERE `username` = 'admin'  [ RunTime:0.0004s ]
SQL: SELECT COUNT(*) AS tp_count FROM `user` WHERE `username` = 'admin' LIMIT 1   [ RunTime:0.0004s ]
SQL: SELECT COUNT(*) AS tp_count FROM `user` WHERE `username` = 'admin' AND `password` = 'admin' LIMIT 1   [ RunTime:0.0003s ]
NOTIC: [2] Use of undefined constant code - assumed 'code' (this will throw an Error in a future version of PHP) D:\xampp\htdocs\waijiedemo\waijie\Application\Home\Controller\UserController.class.php 第 42 行.
NOTIC: [2] Use of undefined constant msg - assumed 'msg' (this will throw an Error in a future version of PHP) D:\xampp\htdocs\waijiedemo\waijie\Application\Home\Controller\UserController.class.php 第 43 行.
NOTIC: [2] Use of undefined constant uid - assumed 'uid' (this will throw an Error in a future version of PHP) D:\xampp\htdocs\waijiedemo\waijie\Application\Home\Controller\UserController.class.php 第 44 行.
NOTIC: [2] Use of undefined constant uname - assumed 'uname' (this will throw an Error in a future version of PHP) D:\xampp\htdocs\waijiedemo\waijie\Application\Home\Controller\UserController.class.php 第 45 行.

[ 2018-11-11T19:07:25+08:00 ] ::1 /waijiedemo/waijie/index.php/Home/user/index
INFO: [ app_init ] --START--
INFO: Run Behavior\BuildLiteBehavior [ RunTime:0.000009s ]
INFO: [ app_init ] --END-- [ RunTime:0.000957s ]
INFO: [ app_begin ] --START--
INFO: Run Behavior\ReadHtmlCacheBehavior [ RunTime:0.000997s ]
INFO: [ app_begin ] --END-- [ RunTime:0.001026s ]
NOTIC: [2] include_once(Conf/config.php): failed to open stream: No such file or directory D:\xampp\htdocs\waijiedemo\waijie\Application\Home\Controller\UserController.class.php 第 3 行.
NOTIC: [2] include_once(): Failed opening 'Conf/config.php' for inclusion (include_path='D:\xampp\php\PEAR') D:\xampp\htdocs\waijiedemo\waijie\Application\Home\Controller\UserController.class.php 第 3 行.
SQL: SHOW COLUMNS FROM `user` [ RunTime:0.0143s ]
SQL: SELECT * FROM `user`  [ RunTime:0.0004s ]

[ 2018-11-11T19:26:03+08:00 ] ::1 /waijiedemo/waijie/index.php/Home/user/login
INFO: [ app_init ] --START--
INFO: Run Behavior\BuildLiteBehavior [ RunTime:0.000007s ]
INFO: [ app_init ] --END-- [ RunTime:0.000667s ]
INFO: [ app_begin ] --START--
INFO: Run Behavior\ReadHtmlCacheBehavior [ RunTime:0.001107s ]
INFO: [ app_begin ] --END-- [ RunTime:0.001148s ]
NOTIC: [2] include_once(Conf/config.php): failed to open stream: No such file or directory D:\xampp\htdocs\waijiedemo\waijie\Application\Home\Controller\UserController.class.php 第 3 行.
NOTIC: [2] include_once(): Failed opening 'Conf/config.php' for inclusion (include_path='D:\xampp\php\PEAR') D:\xampp\htdocs\waijiedemo\waijie\Application\Home\Controller\UserController.class.php 第 3 行.
SQL: SHOW COLUMNS FROM `user` [ RunTime:0.0070s ]
SQL: SELECT * FROM `user` WHERE `username` = 'li'  [ RunTime:0.0004s ]
NOTIC: [8] Undefined offset: 0 D:\xampp\htdocs\waijiedemo\waijie\Application\Home\Controller\UserController.class.php 第 24 行.
SQL: SELECT * FROM `user` WHERE `username` = 'li'  [ RunTime:0.0004s ]
NOTIC: [8] Undefined offset: 0 D:\xampp\htdocs\waijiedemo\waijie\Application\Home\Controller\UserController.class.php 第 25 行.
SQL: SELECT COUNT(*) AS tp_count FROM `user` WHERE `username` = 'li' LIMIT 1   [ RunTime:0.0003s ]

[ 2018-11-11T19:30:02+08:00 ] ::1 /waijiedemo/waijie/index.php/Home/user/register
INFO: [ app_init ] --START--
INFO: Run Behavior\BuildLiteBehavior [ RunTime:0.000007s ]
INFO: [ app_init ] --END-- [ RunTime:0.000712s ]
INFO: [ app_begin ] --START--
INFO: Run Behavior\ReadHtmlCacheBehavior [ RunTime:0.001175s ]
INFO: [ app_begin ] --END-- [ RunTime:0.001239s ]
NOTIC: [2] include_once(Conf/config.php): failed to open stream: No such file or directory D:\xampp\htdocs\waijiedemo\waijie\Application\Home\Controller\UserController.class.php 第 3 行.
NOTIC: [2] include_once(): Failed opening 'Conf/config.php' for inclusion (include_path='D:\xampp\php\PEAR') D:\xampp\htdocs\waijiedemo\waijie\Application\Home\Controller\UserController.class.php 第 3 行.
SQL: SHOW COLUMNS FROM `user` [ RunTime:0.0166s ]
SQL: INSERT INTO `user` (`username`,`password`,`company`,`tel`,`email`) VALUES ('9','9','9','9','9') [ RunTime:0.0712s ]

[ 2018-11-11T19:30:16+08:00 ] ::1 /waijiedemo/waijie/index.php/Home/user/register
INFO: [ app_init ] --START--
INFO: Run Behavior\BuildLiteBehavior [ RunTime:0.000008s ]
INFO: [ app_init ] --END-- [ RunTime:0.000732s ]
INFO: [ app_begin ] --START--
INFO: Run Behavior\ReadHtmlCacheBehavior [ RunTime:0.001070s ]
INFO: [ app_begin ] --END-- [ RunTime:0.001101s ]
NOTIC: [2] include_once(Conf/config.php): failed to open stream: No such file or directory D:\xampp\htdocs\waijiedemo\waijie\Application\Home\Controller\UserController.class.php 第 3 行.
NOTIC: [2] include_once(): Failed opening 'Conf/config.php' for inclusion (include_path='D:\xampp\php\PEAR') D:\xampp\htdocs\waijiedemo\waijie\Application\Home\Controller\UserController.class.php 第 3 行.
SQL: SHOW COLUMNS FROM `user` [ RunTime:0.0072s ]
SQL: INSERT INTO `user` (`username`,`password`,`company`,`tel`,`email`) VALUES ('','','','','') [ RunTime:0.0625s ]

[ 2018-11-11T19:33:52+08:00 ] ::1 /waijiedemo/waijie/index.php/Home/user/register
INFO: [ app_init ] --START--
INFO: Run Behavior\BuildLiteBehavior [ RunTime:0.000008s ]
INFO: [ app_init ] --END-- [ RunTime:0.000713s ]
INFO: [ app_begin ] --START--
INFO: Run Behavior\ReadHtmlCacheBehavior [ RunTime:0.001221s ]
INFO: [ app_begin ] --END-- [ RunTime:0.001255s ]
NOTIC: [2] include_once(Conf/config.php): failed to open stream: No such file or directory D:\xampp\htdocs\waijiedemo\waijie\Application\Home\Controller\UserController.class.php 第 3 行.
NOTIC: [2] include_once(): Failed opening 'Conf/config.php' for inclusion (include_path='D:\xampp\php\PEAR') D:\xampp\htdocs\waijiedemo\waijie\Application\Home\Controller\UserController.class.php 第 3 行.
SQL: SHOW COLUMNS FROM `user` [ RunTime:0.0124s ]
SQL: INSERT INTO `user` (`username`,`password`,`company`,`tel`,`email`) VALUES ('','','','','') [ RunTime:0.0627s ]

[ 2018-11-11T19:39:51+08:00 ] ::1 /waijiedemo/waijie/index.php/Home/user/register
INFO: [ app_init ] --START--
INFO: Run Behavior\BuildLiteBehavior [ RunTime:0.000008s ]
INFO: [ app_init ] --END-- [ RunTime:0.000697s ]
INFO: [ app_begin ] --START--
INFO: Run Behavior\ReadHtmlCacheBehavior [ RunTime:0.001129s ]
INFO: [ app_begin ] --END-- [ RunTime:0.001168s ]
NOTIC: [2] include_once(Conf/config.php): failed to open stream: No such file or directory D:\xampp\htdocs\waijiedemo\waijie\Application\Home\Controller\UserController.class.php 第 3 行.
NOTIC: [2] include_once(): Failed opening 'Conf/config.php' for inclusion (include_path='D:\xampp\php\PEAR') D:\xampp\htdocs\waijiedemo\waijie\Application\Home\Controller\UserController.class.php 第 3 行.
SQL: SHOW COLUMNS FROM `user` [ RunTime:0.0079s ]
SQL: INSERT INTO `user` (`username`,`password`,`company`,`tel`,`email`) VALUES ('4','4','4','4','4') [ RunTime:0.0923s ]

[ 2018-11-11T19:39:58+08:00 ] ::1 /waijiedemo/waijie/index.php/Home/user/register
INFO: [ app_init ] --START--
INFO: Run Behavior\BuildLiteBehavior [ RunTime:0.000008s ]
INFO: [ app_init ] --END-- [ RunTime:0.000654s ]
INFO: [ app_begin ] --START--
INFO: Run Behavior\ReadHtmlCacheBehavior [ RunTime:0.001240s ]
INFO: [ app_begin ] --END-- [ RunTime:0.001275s ]
NOTIC: [2] include_once(Conf/config.php): failed to open stream: No such file or directory D:\xampp\htdocs\waijiedemo\waijie\Application\Home\Controller\UserController.class.php 第 3 行.
NOTIC: [2] include_once(): Failed opening 'Conf/config.php' for inclusion (include_path='D:\xampp\php\PEAR') D:\xampp\htdocs\waijiedemo\waijie\Application\Home\Controller\UserController.class.php 第 3 行.
SQL: SHOW COLUMNS FROM `user` [ RunTime:0.0079s ]
SQL: INSERT INTO `user` (`username`,`password`,`company`,`tel`,`email`) VALUES ('4','4','4','4','4') [ RunTime:0.0587s ]

[ 2018-11-11T19:40:09+08:00 ] ::1 /waijiedemo/waijie/index.php/Home/user/register
INFO: [ app_init ] --START--
INFO: Run Behavior\BuildLiteBehavior [ RunTime:0.000007s ]
INFO: [ app_init ] --END-- [ RunTime:0.000611s ]
INFO: [ app_begin ] --START--
INFO: Run Behavior\ReadHtmlCacheBehavior [ RunTime:0.000890s ]
INFO: [ app_begin ] --END-- [ RunTime:0.000919s ]
NOTIC: [2] include_once(Conf/config.php): failed to open stream: No such file or directory D:\xampp\htdocs\waijiedemo\waijie\Application\Home\Controller\UserController.class.php 第 3 行.
NOTIC: [2] include_once(): Failed opening 'Conf/config.php' for inclusion (include_path='D:\xampp\php\PEAR') D:\xampp\htdocs\waijiedemo\waijie\Application\Home\Controller\UserController.class.php 第 3 行.
SQL: SHOW COLUMNS FROM `user` [ RunTime:0.0078s ]
SQL: INSERT INTO `user` (`username`,`password`,`company`,`tel`,`email`) VALUES ('','','','','') [ RunTime:0.0536s ]

[ 2018-11-11T19:42:06+08:00 ] ::1 /waijiedemo/waijie/index.php/Home/user/register
INFO: [ app_init ] --START--
INFO: Run Behavior\BuildLiteBehavior [ RunTime:0.000007s ]
INFO: [ app_init ] --END-- [ RunTime:0.000667s ]
INFO: [ app_begin ] --START--
INFO: Run Behavior\ReadHtmlCacheBehavior [ RunTime:0.001112s ]
INFO: [ app_begin ] --END-- [ RunTime:0.001148s ]
NOTIC: [2] include_once(Conf/config.php): failed to open stream: No such file or directory D:\xampp\htdocs\waijiedemo\waijie\Application\Home\Controller\UserController.class.php 第 3 行.
NOTIC: [2] include_once(): Failed opening 'Conf/config.php' for inclusion (include_path='D:\xampp\php\PEAR') D:\xampp\htdocs\waijiedemo\waijie\Application\Home\Controller\UserController.class.php 第 3 行.
SQL: SHOW COLUMNS FROM `user` [ RunTime:0.0076s ]
SQL: INSERT INTO `user` (`username`,`password`,`company`,`tel`,`email`) VALUES ('','','','','') [ RunTime:0.0401s ]

[ 2018-11-11T19:42:21+08:00 ] ::1 /waijiedemo/waijie/index.php/Home/user/register
INFO: [ app_init ] --START--
INFO: Run Behavior\BuildLiteBehavior [ RunTime:0.000007s ]
INFO: [ app_init ] --END-- [ RunTime:0.000648s ]
INFO: [ app_begin ] --START--
INFO: Run Behavior\ReadHtmlCacheBehavior [ RunTime:0.000906s ]
INFO: [ app_begin ] --END-- [ RunTime:0.000934s ]
NOTIC: [2] include_once(Conf/config.php): failed to open stream: No such file or directory D:\xampp\htdocs\waijiedemo\waijie\Application\Home\Controller\UserController.class.php 第 3 行.
NOTIC: [2] include_once(): Failed opening 'Conf/config.php' for inclusion (include_path='D:\xampp\php\PEAR') D:\xampp\htdocs\waijiedemo\waijie\Application\Home\Controller\UserController.class.php 第 3 行.
SQL: SHOW COLUMNS FROM `user` [ RunTime:0.0065s ]
SQL: INSERT INTO `user` (`username`,`password`,`company`,`tel`,`email`) VALUES ('','','','','') [ RunTime:0.0508s ]

[ 2018-11-11T19:45:03+08:00 ] ::1 /waijiedemo/waijie/index.php/Home/user/register
INFO: [ app_init ] --START--
INFO: Run Behavior\BuildLiteBehavior [ RunTime:0.000007s ]
INFO: [ app_init ] --END-- [ RunTime:0.000673s ]
INFO: [ app_begin ] --START--
INFO: Run Behavior\ReadHtmlCacheBehavior [ RunTime:0.001059s ]
INFO: [ app_begin ] --END-- [ RunTime:0.001085s ]
NOTIC: [2] include_once(Conf/config.php): failed to open stream: No such file or directory D:\xampp\htdocs\waijiedemo\waijie\Application\Home\Controller\UserController.class.php 第 3 行.
NOTIC: [2] include_once(): Failed opening 'Conf/config.php' for inclusion (include_path='D:\xampp\php\PEAR') D:\xampp\htdocs\waijiedemo\waijie\Application\Home\Controller\UserController.class.php 第 3 行.
SQL: SHOW COLUMNS FROM `user` [ RunTime:0.0234s ]
SQL: INSERT INTO `user` (`username`,`password`,`company`,`tel`,`email`) VALUES ('','','','','') [ RunTime:0.0511s ]

[ 2018-11-11T19:48:12+08:00 ] ::1 /waijiedemo/waijie/index.php/Home/user/register
INFO: [ app_init ] --START--
INFO: Run Behavior\BuildLiteBehavior [ RunTime:0.000008s ]
INFO: [ app_init ] --END-- [ RunTime:0.000689s ]
INFO: [ app_begin ] --START--
INFO: Run Behavior\ReadHtmlCacheBehavior [ RunTime:0.001116s ]
INFO: [ app_begin ] --END-- [ RunTime:0.001143s ]
ERR: syntax error, unexpected '}'

[ 2018-11-11T19:54:10+08:00 ] ::1 /waijiedemo/waijie/index.php/Home/user/register
INFO: [ app_init ] --START--
INFO: Run Behavior\BuildLiteBehavior [ RunTime:0.000007s ]
INFO: [ app_init ] --END-- [ RunTime:0.000645s ]
INFO: [ app_begin ] --START--
INFO: Run Behavior\ReadHtmlCacheBehavior [ RunTime:0.001155s ]
INFO: [ app_begin ] --END-- [ RunTime:0.001185s ]
ERR: syntax error, unexpected '}'

[ 2018-11-11T20:09:07+08:00 ] ::1 /waijiedemo/waijie/index.php/Home/user/register
INFO: [ app_init ] --START--
INFO: Run Behavior\BuildLiteBehavior [ RunTime:0.000011s ]
INFO: [ app_init ] --END-- [ RunTime:0.000692s ]
INFO: [ app_begin ] --START--
INFO: Run Behavior\ReadHtmlCacheBehavior [ RunTime:0.001079s ]
INFO: [ app_begin ] --END-- [ RunTime:0.001114s ]
ERR: syntax error, unexpected 'if' (T_IF), expecting function (T_FUNCTION) or const (T_CONST)

[ 2018-11-11T20:09:10+08:00 ] ::1 /waijiedemo/waijie/index.php/Home/user/register
INFO: [ app_init ] --START--
INFO: Run Behavior\BuildLiteBehavior [ RunTime:0.000008s ]
INFO: [ app_init ] --END-- [ RunTime:0.000638s ]
INFO: [ app_begin ] --START--
INFO: Run Behavior\ReadHtmlCacheBehavior [ RunTime:0.000875s ]
INFO: [ app_begin ] --END-- [ RunTime:0.000902s ]
ERR: syntax error, unexpected 'if' (T_IF), expecting function (T_FUNCTION) or const (T_CONST)

[ 2018-11-11T20:09:49+08:00 ] ::1 /waijiedemo/waijie/index.php/Home/user/login
INFO: [ app_init ] --START--
INFO: Run Behavior\BuildLiteBehavior [ RunTime:0.000007s ]
INFO: [ app_init ] --END-- [ RunTime:0.000658s ]
INFO: [ app_begin ] --START--
INFO: Run Behavior\ReadHtmlCacheBehavior [ RunTime:0.001019s ]
INFO: [ app_begin ] --END-- [ RunTime:0.001051s ]
ERR: syntax error, unexpected 'if' (T_IF), expecting function (T_FUNCTION) or const (T_CONST)

[ 2018-11-11T20:10:49+08:00 ] ::1 /waijiedemo/waijie/index.php/Home/user/login
INFO: [ app_init ] --START--
INFO: Run Behavior\BuildLiteBehavior [ RunTime:0.000009s ]
INFO: [ app_init ] --END-- [ RunTime:0.000829s ]
INFO: [ app_begin ] --START--
INFO: Run Behavior\ReadHtmlCacheBehavior [ RunTime:0.000933s ]
INFO: [ app_begin ] --END-- [ RunTime:0.000973s ]
NOTIC: [2] include_once(Conf/config.php): failed to open stream: No such file or directory D:\xampp\htdocs\waijiedemo\waijie\Application\Home\Controller\UserController.class.php 第 3 行.
NOTIC: [2] include_once(): Failed opening 'Conf/config.php' for inclusion (include_path='D:\xampp\php\PEAR') D:\xampp\htdocs\waijiedemo\waijie\Application\Home\Controller\UserController.class.php 第 3 行.
SQL: SHOW COLUMNS FROM `user` [ RunTime:0.0081s ]
SQL: SELECT * FROM `user` WHERE `username` = '1'  [ RunTime:0.0004s ]
NOTIC: [8] Undefined offset: 0 D:\xampp\htdocs\waijiedemo\waijie\Application\Home\Controller\UserController.class.php 第 24 行.
SQL: SELECT * FROM `user` WHERE `username` = '1'  [ RunTime:0.0004s ]
NOTIC: [8] Undefined offset: 0 D:\xampp\htdocs\waijiedemo\waijie\Application\Home\Controller\UserController.class.php 第 25 行.
SQL: SELECT COUNT(*) AS tp_count FROM `user` WHERE `username` = '1' LIMIT 1   [ RunTime:0.0003s ]

[ 2018-11-11T20:10:56+08:00 ] ::1 /waijiedemo/waijie/index.php/Home/user/login
INFO: [ app_init ] --START--
INFO: Run Behavior\BuildLiteBehavior [ RunTime:0.000008s ]
INFO: [ app_init ] --END-- [ RunTime:0.000603s ]
INFO: [ app_begin ] --START--
INFO: Run Behavior\ReadHtmlCacheBehavior [ RunTime:0.000864s ]
INFO: [ app_begin ] --END-- [ RunTime:0.000895s ]
NOTIC: [2] include_once(Conf/config.php): failed to open stream: No such file or directory D:\xampp\htdocs\waijiedemo\waijie\Application\Home\Controller\UserController.class.php 第 3 行.
NOTIC: [2] include_once(): Failed opening 'Conf/config.php' for inclusion (include_path='D:\xampp\php\PEAR') D:\xampp\htdocs\waijiedemo\waijie\Application\Home\Controller\UserController.class.php 第 3 行.
SQL: SHOW COLUMNS FROM `user` [ RunTime:0.0188s ]
SQL: SELECT * FROM `user` WHERE `username` = 'admin'  [ RunTime:0.0004s ]
SQL: SELECT * FROM `user` WHERE `username` = 'admin'  [ RunTime:0.0004s ]
SQL: SELECT COUNT(*) AS tp_count FROM `user` WHERE `username` = 'admin' LIMIT 1   [ RunTime:0.0003s ]
SQL: SELECT COUNT(*) AS tp_count FROM `user` WHERE `username` = 'admin' AND `password` = '1' LIMIT 1   [ RunTime:0.0004s ]

[ 2018-11-11T20:11:00+08:00 ] ::1 /waijiedemo/waijie/index.php/Home/user/login
INFO: [ app_init ] --START--
INFO: Run Behavior\BuildLiteBehavior [ RunTime:0.000008s ]
INFO: [ app_init ] --END-- [ RunTime:0.000630s ]
INFO: [ app_begin ] --START--
INFO: Run Behavior\ReadHtmlCacheBehavior [ RunTime:0.000875s ]
INFO: [ app_begin ] --END-- [ RunTime:0.000902s ]
NOTIC: [2] include_once(Conf/config.php): failed to open stream: No such file or directory D:\xampp\htdocs\waijiedemo\waijie\Application\Home\Controller\UserController.class.php 第 3 行.
NOTIC: [2] include_once(): Failed opening 'Conf/config.php' for inclusion (include_path='D:\xampp\php\PEAR') D:\xampp\htdocs\waijiedemo\waijie\Application\Home\Controller\UserController.class.php 第 3 行.
SQL: SHOW COLUMNS FROM `user` [ RunTime:0.0139s ]
SQL: SELECT * FROM `user` WHERE `username` = 'admin'  [ RunTime:0.0004s ]
SQL: SELECT * FROM `user` WHERE `username` = 'admin'  [ RunTime:0.0003s ]
SQL: SELECT COUNT(*) AS tp_count FROM `user` WHERE `username` = 'admin' LIMIT 1   [ RunTime:0.0003s ]
SQL: SELECT COUNT(*) AS tp_count FROM `user` WHERE `username` = 'admin' AND `password` = 'admin' LIMIT 1   [ RunTime:0.0003s ]
NOTIC: [2] Use of undefined constant code - assumed 'code' (this will throw an Error in a future version of PHP) D:\xampp\htdocs\waijiedemo\waijie\Application\Home\Controller\UserController.class.php 第 42 行.
NOTIC: [2] Use of undefined constant msg - assumed 'msg' (this will throw an Error in a future version of PHP) D:\xampp\htdocs\waijiedemo\waijie\Application\Home\Controller\UserController.class.php 第 43 行.
NOTIC: [2] Use of undefined constant uid - assumed 'uid' (this will throw an Error in a future version of PHP) D:\xampp\htdocs\waijiedemo\waijie\Application\Home\Controller\UserController.class.php 第 44 行.
NOTIC: [2] Use of undefined constant uname - assumed 'uname' (this will throw an Error in a future version of PHP) D:\xampp\htdocs\waijiedemo\waijie\Application\Home\Controller\UserController.class.php 第 45 行.

[ 2018-11-11T20:11:00+08:00 ] ::1 /waijiedemo/waijie/index.php/Home/user/index
INFO: [ app_init ] --START--
INFO: Run Behavior\BuildLiteBehavior [ RunTime:0.000007s ]
INFO: [ app_init ] --END-- [ RunTime:0.000606s ]
INFO: [ app_begin ] --START--
INFO: Run Behavior\ReadHtmlCacheBehavior [ RunTime:0.000907s ]
INFO: [ app_begin ] --END-- [ RunTime:0.000933s ]
NOTIC: [2] include_once(Conf/config.php): failed to open stream: No such file or directory D:\xampp\htdocs\waijiedemo\waijie\Application\Home\Controller\UserController.class.php 第 3 行.
NOTIC: [2] include_once(): Failed opening 'Conf/config.php' for inclusion (include_path='D:\xampp\php\PEAR') D:\xampp\htdocs\waijiedemo\waijie\Application\Home\Controller\UserController.class.php 第 3 行.
SQL: SHOW COLUMNS FROM `user` [ RunTime:0.0065s ]
SQL: SELECT * FROM `user`  [ RunTime:0.0004s ]

[ 2018-11-11T20:15:38+08:00 ] ::1 /waijiedemo/waijie/index.php/Home/user/register
INFO: [ app_init ] --START--
INFO: Run Behavior\BuildLiteBehavior [ RunTime:0.000007s ]
INFO: [ app_init ] --END-- [ RunTime:0.000662s ]
INFO: [ app_begin ] --START--
INFO: Run Behavior\ReadHtmlCacheBehavior [ RunTime:0.001069s ]
INFO: [ app_begin ] --END-- [ RunTime:0.001099s ]
NOTIC: [2] include_once(Conf/config.php): failed to open stream: No such file or directory D:\xampp\htdocs\waijiedemo\waijie\Application\Home\Controller\UserController.class.php 第 3 行.
NOTIC: [2] include_once(): Failed opening 'Conf/config.php' for inclusion (include_path='D:\xampp\php\PEAR') D:\xampp\htdocs\waijiedemo\waijie\Application\Home\Controller\UserController.class.php 第 3 行.
SQL: SHOW COLUMNS FROM `user` [ RunTime:0.0144s ]
SQL: INSERT INTO `user` (`username`,`password`,`company`,`tel`,`email`) VALUES ('1','1','undefined','undefined','undefined') [ RunTime:0.0396s ]

[ 2018-11-11T20:16:43+08:00 ] ::1 /waijiedemo/waijie/index.php/Home/user/register
INFO: [ app_init ] --START--
INFO: Run Behavior\BuildLiteBehavior [ RunTime:0.000007s ]
INFO: [ app_init ] --END-- [ RunTime:0.000697s ]
INFO: [ app_begin ] --START--
INFO: Run Behavior\ReadHtmlCacheBehavior [ RunTime:0.001103s ]
INFO: [ app_begin ] --END-- [ RunTime:0.001144s ]
NOTIC: [2] include_once(Conf/config.php): failed to open stream: No such file or directory D:\xampp\htdocs\waijiedemo\waijie\Application\Home\Controller\UserController.class.php 第 3 行.
NOTIC: [2] include_once(): Failed opening 'Conf/config.php' for inclusion (include_path='D:\xampp\php\PEAR') D:\xampp\htdocs\waijiedemo\waijie\Application\Home\Controller\UserController.class.php 第 3 行.
SQL: SHOW COLUMNS FROM `user` [ RunTime:0.0073s ]
SQL: INSERT INTO `user` (`username`,`password`,`company`,`tel`,`email`) VALUES ('1','1','1','1','1') [ RunTime:0.0616s ]

[ 2018-11-11T20:18:12+08:00 ] ::1 /waijiedemo/waijie/index.php/Home/user/register
INFO: [ app_init ] --START--
INFO: Run Behavior\BuildLiteBehavior [ RunTime:0.000009s ]
INFO: [ app_init ] --END-- [ RunTime:0.000717s ]
INFO: [ app_begin ] --START--
INFO: Run Behavior\ReadHtmlCacheBehavior [ RunTime:0.001151s ]
INFO: [ app_begin ] --END-- [ RunTime:0.001185s ]
NOTIC: [2] include_once(Conf/config.php): failed to open stream: No such file or directory D:\xampp\htdocs\waijiedemo\waijie\Application\Home\Controller\UserController.class.php 第 3 行.
NOTIC: [2] include_once(): Failed opening 'Conf/config.php' for inclusion (include_path='D:\xampp\php\PEAR') D:\xampp\htdocs\waijiedemo\waijie\Application\Home\Controller\UserController.class.php 第 3 行.
SQL: SHOW COLUMNS FROM `user` [ RunTime:0.0100s ]
SQL: INSERT INTO `user` (`username`,`password`,`company`,`tel`,`email`) VALUES ('1','1','','','') [ RunTime:0.0826s ]

[ 2018-11-11T20:21:22+08:00 ] ::1 /waijiedemo/waijie/index.php/Home/user/register
INFO: [ app_init ] --START--
INFO: Run Behavior\BuildLiteBehavior [ RunTime:0.000009s ]
INFO: [ app_init ] --END-- [ RunTime:0.000979s ]
INFO: [ app_begin ] --START--
INFO: Run Behavior\ReadHtmlCacheBehavior [ RunTime:0.001117s ]
INFO: [ app_begin ] --END-- [ RunTime:0.001147s ]
NOTIC: [2] include_once(Conf/config.php): failed to open stream: No such file or directory D:\xampp\htdocs\waijiedemo\waijie\Application\Home\Controller\UserController.class.php 第 3 行.
NOTIC: [2] include_once(): Failed opening 'Conf/config.php' for inclusion (include_path='D:\xampp\php\PEAR') D:\xampp\htdocs\waijiedemo\waijie\Application\Home\Controller\UserController.class.php 第 3 行.
SQL: SHOW COLUMNS FROM `user` [ RunTime:0.0066s ]
SQL: INSERT INTO `user` (`username`,`password`,`company`,`tel`,`email`) VALUES ('1','1','','','') [ RunTime:0.0840s ]

[ 2018-11-11T20:27:42+08:00 ] ::1 /waijiedemo/waijie/index.php/Home/user/register
INFO: [ app_init ] --START--
INFO: Run Behavior\BuildLiteBehavior [ RunTime:0.000007s ]
INFO: [ app_init ] --END-- [ RunTime:0.000664s ]
INFO: [ app_begin ] --START--
INFO: Run Behavior\ReadHtmlCacheBehavior [ RunTime:0.001158s ]
INFO: [ app_begin ] --END-- [ RunTime:0.001188s ]
NOTIC: [2] include_once(Conf/config.php): failed to open stream: No such file or directory D:\xampp\htdocs\waijiedemo\waijie\Application\Home\Controller\UserController.class.php 第 3 行.
NOTIC: [2] include_once(): Failed opening 'Conf/config.php' for inclusion (include_path='D:\xampp\php\PEAR') D:\xampp\htdocs\waijiedemo\waijie\Application\Home\Controller\UserController.class.php 第 3 行.
SQL: SHOW COLUMNS FROM `user` [ RunTime:0.0079s ]
SQL: INSERT INTO `user` (`username`,`password`,`company`,`tel`,`email`) VALUES ('1','1','','','') [ RunTime:0.0577s ]
SQL: SELECT COUNT(*) AS tp_count FROM `user` WHERE `username` = '1' AND `password` = '1' LIMIT 1   [ RunTime:0.0004s ]
NOTIC: [8] Undefined variable: result1 D:\xampp\htdocs\waijiedemo\waijie\Application\Home\Controller\UserController.class.php 第 66 行.

[ 2018-11-11T20:28:09+08:00 ] ::1 /waijiedemo/waijie/index.php/Home/user/register
INFO: [ app_init ] --START--
INFO: Run Behavior\BuildLiteBehavior [ RunTime:0.000012s ]
INFO: [ app_init ] --END-- [ RunTime:0.000818s ]
INFO: [ app_begin ] --START--
INFO: Run Behavior\ReadHtmlCacheBehavior [ RunTime:0.000931s ]
INFO: [ app_begin ] --END-- [ RunTime:0.000966s ]
NOTIC: [2] include_once(Conf/config.php): failed to open stream: No such file or directory D:\xampp\htdocs\waijiedemo\waijie\Application\Home\Controller\UserController.class.php 第 3 行.
NOTIC: [2] include_once(): Failed opening 'Conf/config.php' for inclusion (include_path='D:\xampp\php\PEAR') D:\xampp\htdocs\waijiedemo\waijie\Application\Home\Controller\UserController.class.php 第 3 行.
SQL: SHOW COLUMNS FROM `user` [ RunTime:0.0078s ]
SQL: INSERT INTO `user` (`username`,`password`,`company`,`tel`,`email`) VALUES ('1','1','','','') [ RunTime:0.0873s ]
SQL: SELECT COUNT(*) AS tp_count FROM `user` WHERE `username` = '1' AND `password` = '1' LIMIT 1   [ RunTime:0.0004s ]

[ 2018-11-11T20:34:40+08:00 ] ::1 /waijiedemo/waijie/index.php/Home/user/register
INFO: [ app_init ] --START--
INFO: Run Behavior\BuildLiteBehavior [ RunTime:0.000017s ]
INFO: [ app_init ] --END-- [ RunTime:0.000689s ]
INFO: [ app_begin ] --START--
INFO: Run Behavior\ReadHtmlCacheBehavior [ RunTime:0.001065s ]
INFO: [ app_begin ] --END-- [ RunTime:0.001093s ]
NOTIC: [2] include_once(Conf/config.php): failed to open stream: No such file or directory D:\xampp\htdocs\waijiedemo\waijie\Application\Home\Controller\UserController.class.php 第 3 行.
NOTIC: [2] include_once(): Failed opening 'Conf/config.php' for inclusion (include_path='D:\xampp\php\PEAR') D:\xampp\htdocs\waijiedemo\waijie\Application\Home\Controller\UserController.class.php 第 3 行.
SQL: SHOW COLUMNS FROM `user` [ RunTime:0.0228s ]
SQL: INSERT INTO `user` (`username`,`password`,`company`,`tel`,`email`) VALUES ('1','1','','','') [ RunTime:0.0518s ]
SQL: SELECT COUNT(*) AS tp_count FROM `user` WHERE `username` = '1' AND `password` = '1' LIMIT 1   [ RunTime:0.0004s ]
NOTIC: [2] Use of undefined constant config - assumed 'config' (this will throw an Error in a future version of PHP) D:\xampp\htdocs\waijiedemo\waijie\Application\Home\Controller\UserController.class.php 第 69 行.

[ 2018-11-11T20:35:36+08:00 ] ::1 /waijiedemo/waijie/index.php/Home/user/register
INFO: [ app_init ] --START--
INFO: Run Behavior\BuildLiteBehavior [ RunTime:0.000009s ]
INFO: [ app_init ] --END-- [ RunTime:0.000705s ]
INFO: [ app_begin ] --START--
INFO: Run Behavior\ReadHtmlCacheBehavior [ RunTime:0.000985s ]
INFO: [ app_begin ] --END-- [ RunTime:0.001023s ]
NOTIC: [2] include_once(Conf/config.php): failed to open stream: No such file or directory D:\xampp\htdocs\waijiedemo\waijie\Application\Home\Controller\UserController.class.php 第 3 行.
NOTIC: [2] include_once(): Failed opening 'Conf/config.php' for inclusion (include_path='D:\xampp\php\PEAR') D:\xampp\htdocs\waijiedemo\waijie\Application\Home\Controller\UserController.class.php 第 3 行.
SQL: SHOW COLUMNS FROM `user` [ RunTime:0.0620s ]
SQL: INSERT INTO `user` (`username`,`password`,`company`,`tel`,`email`) VALUES ('1','1','','','') [ RunTime:0.0377s ]
SQL: SELECT COUNT(*) AS tp_count FROM `user` WHERE `username` = '1' AND `password` = '1' LIMIT 1   [ RunTime:0.0005s ]
NOTIC: [2] Use of undefined constant config - assumed 'config' (this will throw an Error in a future version of PHP) D:\xampp\htdocs\waijiedemo\waijie\Application\Home\Controller\UserController.class.php 第 69 行.

[ 2018-11-11T20:36:10+08:00 ] ::1 /waijiedemo/waijie/index.php/Home/user/register
INFO: [ app_init ] --START--
INFO: Run Behavior\BuildLiteBehavior [ RunTime:0.000006s ]
INFO: [ app_init ] --END-- [ RunTime:0.000610s ]
INFO: [ app_begin ] --START--
INFO: Run Behavior\ReadHtmlCacheBehavior [ RunTime:0.000913s ]
INFO: [ app_begin ] --END-- [ RunTime:0.000941s ]
ERR: syntax error, unexpected 'else' (T_ELSE)

[ 2018-11-11T20:39:33+08:00 ] ::1 /waijiedemo/waijie/index.php/Home/user/login
INFO: [ app_init ] --START--
INFO: Run Behavior\BuildLiteBehavior [ RunTime:0.000008s ]
INFO: [ app_init ] --END-- [ RunTime:0.000740s ]
INFO: [ app_begin ] --START--
INFO: Run Behavior\ReadHtmlCacheBehavior [ RunTime:0.001097s ]
INFO: [ app_begin ] --END-- [ RunTime:0.001126s ]
NOTIC: [2] include_once(Conf/config.php): failed to open stream: No such file or directory D:\xampp\htdocs\waijiedemo\waijie\Application\Home\Controller\UserController.class.php 第 3 行.
NOTIC: [2] include_once(): Failed opening 'Conf/config.php' for inclusion (include_path='D:\xampp\php\PEAR') D:\xampp\htdocs\waijiedemo\waijie\Application\Home\Controller\UserController.class.php 第 3 行.
SQL: SHOW COLUMNS FROM `user` [ RunTime:0.0128s ]
SQL: SELECT * FROM `user` WHERE `username` = 'admin'  [ RunTime:0.0004s ]
SQL: SELECT * FROM `user` WHERE `username` = 'admin'  [ RunTime:0.0004s ]
SQL: SELECT COUNT(*) AS tp_count FROM `user` WHERE `username` = 'admin' LIMIT 1   [ RunTime:0.0003s ]
SQL: SELECT COUNT(*) AS tp_count FROM `user` WHERE `username` = 'admin' AND `password` = 'admin' LIMIT 1   [ RunTime:0.0004s ]
NOTIC: [2] Use of undefined constant code - assumed 'code' (this will throw an Error in a future version of PHP) D:\xampp\htdocs\waijiedemo\waijie\Application\Home\Controller\UserController.class.php 第 42 行.
NOTIC: [2] Use of undefined constant msg - assumed 'msg' (this will throw an Error in a future version of PHP) D:\xampp\htdocs\waijiedemo\waijie\Application\Home\Controller\UserController.class.php 第 43 行.
NOTIC: [2] Use of undefined constant uid - assumed 'uid' (this will throw an Error in a future version of PHP) D:\xampp\htdocs\waijiedemo\waijie\Application\Home\Controller\UserController.class.php 第 44 行.
NOTIC: [2] Use of undefined constant uname - assumed 'uname' (this will throw an Error in a future version of PHP) D:\xampp\htdocs\waijiedemo\waijie\Application\Home\Controller\UserController.class.php 第 45 行.

[ 2018-11-11T20:39:33+08:00 ] ::1 /waijiedemo/waijie/index.php/Home/user/index
INFO: [ app_init ] --START--
INFO: Run Behavior\BuildLiteBehavior [ RunTime:0.000010s ]
INFO: [ app_init ] --END-- [ RunTime:0.000822s ]
INFO: [ app_begin ] --START--
INFO: Run Behavior\ReadHtmlCacheBehavior [ RunTime:0.000889s ]
INFO: [ app_begin ] --END-- [ RunTime:0.000918s ]
NOTIC: [2] include_once(Conf/config.php): failed to open stream: No such file or directory D:\xampp\htdocs\waijiedemo\waijie\Application\Home\Controller\UserController.class.php 第 3 行.
NOTIC: [2] include_once(): Failed opening 'Conf/config.php' for inclusion (include_path='D:\xampp\php\PEAR') D:\xampp\htdocs\waijiedemo\waijie\Application\Home\Controller\UserController.class.php 第 3 行.
SQL: SHOW COLUMNS FROM `user` [ RunTime:0.0078s ]
SQL: SELECT * FROM `user`  [ RunTime:0.0005s ]

[ 2018-11-11T20:43:01+08:00 ] ::1 /waijiedemo/waijie/index.php/Home/user/login
INFO: [ app_init ] --START--
INFO: Run Behavior\BuildLiteBehavior [ RunTime:0.000007s ]
INFO: [ app_init ] --END-- [ RunTime:0.000675s ]
INFO: [ app_begin ] --START--
INFO: Run Behavior\ReadHtmlCacheBehavior [ RunTime:0.001434s ]
INFO: [ app_begin ] --END-- [ RunTime:0.001473s ]
NOTIC: [2] include_once(Conf/config.php): failed to open stream: No such file or directory D:\xampp\htdocs\waijiedemo\waijie\Application\Home\Controller\UserController.class.php 第 3 行.
NOTIC: [2] include_once(): Failed opening 'Conf/config.php' for inclusion (include_path='D:\xampp\php\PEAR') D:\xampp\htdocs\waijiedemo\waijie\Application\Home\Controller\UserController.class.php 第 3 行.
SQL: SHOW COLUMNS FROM `user` [ RunTime:0.0522s ]
SQL: SELECT * FROM `user` WHERE `username` = 'admin'  [ RunTime:0.0004s ]
SQL: SELECT * FROM `user` WHERE `username` = 'admin'  [ RunTime:0.0004s ]
SQL: SELECT COUNT(*) AS tp_count FROM `user` WHERE `username` = 'admin' LIMIT 1   [ RunTime:0.0003s ]
SQL: SELECT COUNT(*) AS tp_count FROM `user` WHERE `username` = 'admin' AND `password` = 'admin' LIMIT 1   [ RunTime:0.0003s ]
NOTIC: [2] Use of undefined constant code - assumed 'code' (this will throw an Error in a future version of PHP) D:\xampp\htdocs\waijiedemo\waijie\Application\Home\Controller\UserController.class.php 第 42 行.
NOTIC: [2] Use of undefined constant msg - assumed 'msg' (this will throw an Error in a future version of PHP) D:\xampp\htdocs\waijiedemo\waijie\Application\Home\Controller\UserController.class.php 第 43 行.
NOTIC: [2] Use of undefined constant uid - assumed 'uid' (this will throw an Error in a future version of PHP) D:\xampp\htdocs\waijiedemo\waijie\Application\Home\Controller\UserController.class.php 第 44 行.
NOTIC: [2] Use of undefined constant uname - assumed 'uname' (this will throw an Error in a future version of PHP) D:\xampp\htdocs\waijiedemo\waijie\Application\Home\Controller\UserController.class.php 第 45 行.

[ 2018-11-11T20:43:01+08:00 ] ::1 /waijiedemo/waijie/index.php/Home/user/index
INFO: [ app_init ] --START--
INFO: Run Behavior\BuildLiteBehavior [ RunTime:0.000007s ]
INFO: [ app_init ] --END-- [ RunTime:0.000624s ]
INFO: [ app_begin ] --START--
INFO: Run Behavior\ReadHtmlCacheBehavior [ RunTime:0.000870s ]
INFO: [ app_begin ] --END-- [ RunTime:0.000900s ]
NOTIC: [2] include_once(Conf/config.php): failed to open stream: No such file or directory D:\xampp\htdocs\waijiedemo\waijie\Application\Home\Controller\UserController.class.php 第 3 行.
NOTIC: [2] include_once(): Failed opening 'Conf/config.php' for inclusion (include_path='D:\xampp\php\PEAR') D:\xampp\htdocs\waijiedemo\waijie\Application\Home\Controller\UserController.class.php 第 3 行.
SQL: SHOW COLUMNS FROM `user` [ RunTime:0.0066s ]
SQL: SELECT * FROM `user`  [ RunTime:0.0005s ]

[ 2018-11-11T20:43:43+08:00 ] ::1 /waijiedemo/waijie/index.php/Home/user/index
INFO: [ app_init ] --START--
INFO: Run Behavior\BuildLiteBehavior [ RunTime:0.000010s ]
INFO: [ app_init ] --END-- [ RunTime:0.000762s ]
INFO: [ app_begin ] --START--
INFO: Run Behavior\ReadHtmlCacheBehavior [ RunTime:0.001486s ]
INFO: [ app_begin ] --END-- [ RunTime:0.001550s ]
NOTIC: [2] include_once(Conf/config.php): failed to open stream: No such file or directory D:\xampp\htdocs\waijiedemo\waijie\Application\Home\Controller\UserController.class.php 第 3 行.
NOTIC: [2] include_once(): Failed opening 'Conf/config.php' for inclusion (include_path='D:\xampp\php\PEAR') D:\xampp\htdocs\waijiedemo\waijie\Application\Home\Controller\UserController.class.php 第 3 行.
SQL: SHOW COLUMNS FROM `user` [ RunTime:0.0492s ]
SQL: SELECT * FROM `user`  [ RunTime:0.0004s ]

[ 2018-11-11T20:44:15+08:00 ] ::1 /waijiedemo/waijie/index.php/Home/user/register
INFO: [ app_init ] --START--
INFO: Run Behavior\BuildLiteBehavior [ RunTime:0.000007s ]
INFO: [ app_init ] --END-- [ RunTime:0.000631s ]
INFO: [ app_begin ] --START--
INFO: Run Behavior\ReadHtmlCacheBehavior [ RunTime:0.000884s ]
INFO: [ app_begin ] --END-- [ RunTime:0.000913s ]
NOTIC: [2] include_once(Conf/config.php): failed to open stream: No such file or directory D:\xampp\htdocs\waijiedemo\waijie\Application\Home\Controller\UserController.class.php 第 3 行.
NOTIC: [2] include_once(): Failed opening 'Conf/config.php' for inclusion (include_path='D:\xampp\php\PEAR') D:\xampp\htdocs\waijiedemo\waijie\Application\Home\Controller\UserController.class.php 第 3 行.
SQL: SHOW COLUMNS FROM `user` [ RunTime:0.0077s ]
SQL: INSERT INTO `user` (`username`,`password`,`company`,`tel`,`email`) VALUES ('admin','admin','我是大boss','17858662274','123456') [ RunTime:0.0795s ]

[ 2018-11-11T20:44:57+08:00 ] ::1 /waijiedemo/waijie/index.php/Home/user/register
INFO: [ app_init ] --START--
INFO: Run Behavior\BuildLiteBehavior [ RunTime:0.000007s ]
INFO: [ app_init ] --END-- [ RunTime:0.000576s ]
INFO: [ app_begin ] --START--
INFO: Run Behavior\ReadHtmlCacheBehavior [ RunTime:0.000947s ]
INFO: [ app_begin ] --END-- [ RunTime:0.000987s ]
NOTIC: [2] include_once(Conf/config.php): failed to open stream: No such file or directory D:\xampp\htdocs\waijiedemo\waijie\Application\Home\Controller\UserController.class.php 第 3 行.
NOTIC: [2] include_once(): Failed opening 'Conf/config.php' for inclusion (include_path='D:\xampp\php\PEAR') D:\xampp\htdocs\waijiedemo\waijie\Application\Home\Controller\UserController.class.php 第 3 行.
SQL: SHOW COLUMNS FROM `user` [ RunTime:0.0454s ]
SQL: INSERT INTO `user` (`username`,`password`,`company`,`tel`,`email`) VALUES ('吴堃','123','台州学院','123123','12546@qq.com') [ RunTime:0.0363s ]

[ 2018-11-11T20:45:13+08:00 ] ::1 /waijiedemo/waijie/index.php/Home/user/register
INFO: [ app_init ] --START--
INFO: Run Behavior\BuildLiteBehavior [ RunTime:0.000007s ]
INFO: [ app_init ] --END-- [ RunTime:0.000691s ]
INFO: [ app_begin ] --START--
INFO: Run Behavior\ReadHtmlCacheBehavior [ RunTime:0.001020s ]
INFO: [ app_begin ] --END-- [ RunTime:0.001048s ]
NOTIC: [2] include_once(Conf/config.php): failed to open stream: No such file or directory D:\xampp\htdocs\waijiedemo\waijie\Application\Home\Controller\UserController.class.php 第 3 行.
NOTIC: [2] include_once(): Failed opening 'Conf/config.php' for inclusion (include_path='D:\xampp\php\PEAR') D:\xampp\htdocs\waijiedemo\waijie\Application\Home\Controller\UserController.class.php 第 3 行.
SQL: SHOW COLUMNS FROM `user` [ RunTime:0.0078s ]
SQL: INSERT INTO `user` (`username`,`password`,`company`,`tel`,`email`) VALUES ('1','1','1','1','1') [ RunTime:0.0521s ]

[ 2018-11-11T20:45:18+08:00 ] ::1 /waijiedemo/waijie/index.php/Home/user/login
INFO: [ app_init ] --START--
INFO: Run Behavior\BuildLiteBehavior [ RunTime:0.000008s ]
INFO: [ app_init ] --END-- [ RunTime:0.000667s ]
INFO: [ app_begin ] --START--
INFO: Run Behavior\ReadHtmlCacheBehavior [ RunTime:0.000877s ]
INFO: [ app_begin ] --END-- [ RunTime:0.000904s ]
NOTIC: [2] include_once(Conf/config.php): failed to open stream: No such file or directory D:\xampp\htdocs\waijiedemo\waijie\Application\Home\Controller\UserController.class.php 第 3 行.
NOTIC: [2] include_once(): Failed opening 'Conf/config.php' for inclusion (include_path='D:\xampp\php\PEAR') D:\xampp\htdocs\waijiedemo\waijie\Application\Home\Controller\UserController.class.php 第 3 行.
SQL: SHOW COLUMNS FROM `user` [ RunTime:0.0149s ]
SQL: SELECT * FROM `user` WHERE `username` = '1'  [ RunTime:0.0005s ]
SQL: SELECT * FROM `user` WHERE `username` = '1'  [ RunTime:0.0004s ]
SQL: SELECT COUNT(*) AS tp_count FROM `user` WHERE `username` = '1' LIMIT 1   [ RunTime:0.0004s ]
SQL: SELECT COUNT(*) AS tp_count FROM `user` WHERE `username` = '1' AND `password` = '1' LIMIT 1   [ RunTime:0.0004s ]
NOTIC: [2] Use of undefined constant code - assumed 'code' (this will throw an Error in a future version of PHP) D:\xampp\htdocs\waijiedemo\waijie\Application\Home\Controller\UserController.class.php 第 42 行.
NOTIC: [2] Use of undefined constant msg - assumed 'msg' (this will throw an Error in a future version of PHP) D:\xampp\htdocs\waijiedemo\waijie\Application\Home\Controller\UserController.class.php 第 43 行.
NOTIC: [2] Use of undefined constant uid - assumed 'uid' (this will throw an Error in a future version of PHP) D:\xampp\htdocs\waijiedemo\waijie\Application\Home\Controller\UserController.class.php 第 44 行.
NOTIC: [2] Use of undefined constant uname - assumed 'uname' (this will throw an Error in a future version of PHP) D:\xampp\htdocs\waijiedemo\waijie\Application\Home\Controller\UserController.class.php 第 45 行.

[ 2018-11-11T20:46:15+08:00 ] ::1 /waijiedemo/waijie/index.php/Home/user/login
INFO: [ app_init ] --START--
INFO: Run Behavior\BuildLiteBehavior [ RunTime:0.000007s ]
INFO: [ app_init ] --END-- [ RunTime:0.000616s ]
INFO: [ app_begin ] --START--
INFO: Run Behavior\ReadHtmlCacheBehavior [ RunTime:0.000934s ]
INFO: [ app_begin ] --END-- [ RunTime:0.000973s ]
NOTIC: [2] include_once(Conf/config.php): failed to open stream: No such file or directory D:\xampp\htdocs\waijiedemo\waijie\Application\Home\Controller\UserController.class.php 第 3 行.
NOTIC: [2] include_once(): Failed opening 'Conf/config.php' for inclusion (include_path='D:\xampp\php\PEAR') D:\xampp\htdocs\waijiedemo\waijie\Application\Home\Controller\UserController.class.php 第 3 行.
SQL: SHOW COLUMNS FROM `user` [ RunTime:0.0080s ]
SQL: SELECT * FROM `user` WHERE `username` = 'admin'  [ RunTime:0.0004s ]
SQL: SELECT * FROM `user` WHERE `username` = 'admin'  [ RunTime:0.0004s ]
SQL: SELECT COUNT(*) AS tp_count FROM `user` WHERE `username` = 'admin' LIMIT 1   [ RunTime:0.0004s ]
SQL: SELECT COUNT(*) AS tp_count FROM `user` WHERE `username` = 'admin' AND `password` = 'admin' LIMIT 1   [ RunTime:0.0004s ]
NOTIC: [2] Use of undefined constant code - assumed 'code' (this will throw an Error in a future version of PHP) D:\xampp\htdocs\waijiedemo\waijie\Application\Home\Controller\UserController.class.php 第 42 行.
NOTIC: [2] Use of undefined constant msg - assumed 'msg' (this will throw an Error in a future version of PHP) D:\xampp\htdocs\waijiedemo\waijie\Application\Home\Controller\UserController.class.php 第 43 行.
NOTIC: [2] Use of undefined constant uid - assumed 'uid' (this will throw an Error in a future version of PHP) D:\xampp\htdocs\waijiedemo\waijie\Application\Home\Controller\UserController.class.php 第 44 行.
NOTIC: [2] Use of undefined constant uname - assumed 'uname' (this will throw an Error in a future version of PHP) D:\xampp\htdocs\waijiedemo\waijie\Application\Home\Controller\UserController.class.php 第 45 行.

[ 2018-11-11T20:46:15+08:00 ] ::1 /waijiedemo/waijie/index.php/Home/user/index
INFO: [ app_init ] --START--
INFO: Run Behavior\BuildLiteBehavior [ RunTime:0.000008s ]
INFO: [ app_init ] --END-- [ RunTime:0.000610s ]
INFO: [ app_begin ] --START--
INFO: Run Behavior\ReadHtmlCacheBehavior [ RunTime:0.000982s ]
INFO: [ app_begin ] --END-- [ RunTime:0.001015s ]
NOTIC: [2] include_once(Conf/config.php): failed to open stream: No such file or directory D:\xampp\htdocs\waijiedemo\waijie\Application\Home\Controller\UserController.class.php 第 3 行.
NOTIC: [2] include_once(): Failed opening 'Conf/config.php' for inclusion (include_path='D:\xampp\php\PEAR') D:\xampp\htdocs\waijiedemo\waijie\Application\Home\Controller\UserController.class.php 第 3 行.
SQL: SHOW COLUMNS FROM `user` [ RunTime:0.0550s ]
SQL: SELECT * FROM `user`  [ RunTime:0.0004s ]

