[ 2018-12-13T20:40:23+08:00 ] ::1 /waijiedemo/waijie/index.php/Home/user/login
INFO: [ app_init ] --START--
INFO: Run Behavior\BuildLiteBehavior [ RunTime:0.000015s ]
INFO: [ app_init ] --END-- [ RunTime:0.030914s ]
INFO: [ app_begin ] --START--
INFO: Run Behavior\ReadHtmlCacheBehavior [ RunTime:0.005248s ]
INFO: [ app_begin ] --END-- [ RunTime:0.005287s ]
NOTIC: [2] include_once(Conf/config.php): failed to open stream: No such file or directory D:\xampp\htdocs\waijiedemo\waijie\Application\Home\Controller\UserController.class.php 第 3 行.
NOTIC: [2] include_once(): Failed opening 'Conf/config.php' for inclusion (include_path='D:\xampp\php\PEAR') D:\xampp\htdocs\waijiedemo\waijie\Application\Home\Controller\UserController.class.php 第 3 行.
SQL: SHOW COLUMNS FROM `user` [ RunTime:0.0765s ]
SQL: SELECT * FROM `user` WHERE `username` = '1'  [ RunTime:0.0547s ]
SQL: SELECT * FROM `user` WHERE `username` = '1'  [ RunTime:0.0005s ]
SQL: SELECT COUNT(*) AS tp_count FROM `user` WHERE `username` = '1' LIMIT 1   [ RunTime:0.0648s ]
SQL: SELECT COUNT(*) AS tp_count FROM `user` WHERE `username` = '1' AND `password` = '1' LIMIT 1   [ RunTime:0.0004s ]
NOTIC: [2] Use of undefined constant code - assumed 'code' (this will throw an Error in a future version of PHP) D:\xampp\htdocs\waijiedemo\waijie\Application\Home\Controller\UserController.class.php 第 42 行.
NOTIC: [2] Use of undefined constant msg - assumed 'msg' (this will throw an Error in a future version of PHP) D:\xampp\htdocs\waijiedemo\waijie\Application\Home\Controller\UserController.class.php 第 43 行.
NOTIC: [2] Use of undefined constant uid - assumed 'uid' (this will throw an Error in a future version of PHP) D:\xampp\htdocs\waijiedemo\waijie\Application\Home\Controller\UserController.class.php 第 44 行.
NOTIC: [2] Use of undefined constant uname - assumed 'uname' (this will throw an Error in a future version of PHP) D:\xampp\htdocs\waijiedemo\waijie\Application\Home\Controller\UserController.class.php 第 45 行.

[ 2018-12-13T20:55:33+08:00 ] ::1 /waijiedemo/waijie/index.php/Home/user/login
INFO: [ app_init ] --START--
INFO: Run Behavior\BuildLiteBehavior [ RunTime:0.000013s ]
INFO: [ app_init ] --END-- [ RunTime:0.000811s ]
INFO: [ app_begin ] --START--
INFO: Run Behavior\ReadHtmlCacheBehavior [ RunTime:0.001182s ]
INFO: [ app_begin ] --END-- [ RunTime:0.001214s ]
NOTIC: [2] include_once(Conf/config.php): failed to open stream: No such file or directory D:\xampp\htdocs\waijiedemo\waijie\Application\Home\Controller\UserController.class.php 第 3 行.
NOTIC: [2] include_once(): Failed opening 'Conf/config.php' for inclusion (include_path='D:\xampp\php\PEAR') D:\xampp\htdocs\waijiedemo\waijie\Application\Home\Controller\UserController.class.php 第 3 行.
SQL: SHOW COLUMNS FROM `user` [ RunTime:0.0085s ]
SQL: SELECT * FROM `user` WHERE `username` = '1'  [ RunTime:0.0005s ]
SQL: SELECT * FROM `user` WHERE `username` = '1'  [ RunTime:0.0004s ]
SQL: SELECT COUNT(*) AS tp_count FROM `user` WHERE `username` = '1' LIMIT 1   [ RunTime:0.0004s ]
SQL: SELECT COUNT(*) AS tp_count FROM `user` WHERE `username` = '1' AND `password` = '1' LIMIT 1   [ RunTime:0.0004s ]
NOTIC: [2] Use of undefined constant code - assumed 'code' (this will throw an Error in a future version of PHP) D:\xampp\htdocs\waijiedemo\waijie\Application\Home\Controller\UserController.class.php 第 42 行.
NOTIC: [2] Use of undefined constant msg - assumed 'msg' (this will throw an Error in a future version of PHP) D:\xampp\htdocs\waijiedemo\waijie\Application\Home\Controller\UserController.class.php 第 43 行.
NOTIC: [2] Use of undefined constant uid - assumed 'uid' (this will throw an Error in a future version of PHP) D:\xampp\htdocs\waijiedemo\waijie\Application\Home\Controller\UserController.class.php 第 44 行.
NOTIC: [2] Use of undefined constant uname - assumed 'uname' (this will throw an Error in a future version of PHP) D:\xampp\htdocs\waijiedemo\waijie\Application\Home\Controller\UserController.class.php 第 45 行.

[ 2018-12-13T23:14:40+08:00 ] ::1 /waijiedemo/waijie/index.php/Home/user/login
INFO: [ app_init ] --START--
INFO: Run Behavior\BuildLiteBehavior [ RunTime:0.000013s ]
INFO: [ app_init ] --END-- [ RunTime:0.000840s ]
INFO: [ app_begin ] --START--
INFO: Run Behavior\ReadHtmlCacheBehavior [ RunTime:0.001175s ]
INFO: [ app_begin ] --END-- [ RunTime:0.001208s ]
NOTIC: [2] include_once(Conf/config.php): failed to open stream: No such file or directory D:\xampp\htdocs\waijiedemo\waijie\Application\Home\Controller\UserController.class.php 第 3 行.
NOTIC: [2] include_once(): Failed opening 'Conf/config.php' for inclusion (include_path='D:\xampp\php\PEAR') D:\xampp\htdocs\waijiedemo\waijie\Application\Home\Controller\UserController.class.php 第 3 行.
SQL: SHOW COLUMNS FROM `user` [ RunTime:0.0100s ]
SQL: SELECT * FROM `user` WHERE `username` = '1'  [ RunTime:0.0007s ]
SQL: SELECT * FROM `user` WHERE `username` = '1'  [ RunTime:0.0005s ]
SQL: SELECT COUNT(*) AS tp_count FROM `user` WHERE `username` = '1' LIMIT 1   [ RunTime:0.0004s ]
SQL: SELECT COUNT(*) AS tp_count FROM `user` WHERE `username` = '1' AND `password` = '1' LIMIT 1   [ RunTime:0.0004s ]
NOTIC: [2] Use of undefined constant code - assumed 'code' (this will throw an Error in a future version of PHP) D:\xampp\htdocs\waijiedemo\waijie\Application\Home\Controller\UserController.class.php 第 42 行.
NOTIC: [2] Use of undefined constant msg - assumed 'msg' (this will throw an Error in a future version of PHP) D:\xampp\htdocs\waijiedemo\waijie\Application\Home\Controller\UserController.class.php 第 43 行.
NOTIC: [2] Use of undefined constant uid - assumed 'uid' (this will throw an Error in a future version of PHP) D:\xampp\htdocs\waijiedemo\waijie\Application\Home\Controller\UserController.class.php 第 44 行.
NOTIC: [2] Use of undefined constant uname - assumed 'uname' (this will throw an Error in a future version of PHP) D:\xampp\htdocs\waijiedemo\waijie\Application\Home\Controller\UserController.class.php 第 45 行.

[ 2018-12-13T23:15:37+08:00 ] ::1 /waijiedemo/waijie/index.php/Home/user/login
INFO: [ app_init ] --START--
INFO: Run Behavior\BuildLiteBehavior [ RunTime:0.000016s ]
INFO: [ app_init ] --END-- [ RunTime:0.000912s ]
INFO: [ app_begin ] --START--
INFO: Run Behavior\ReadHtmlCacheBehavior [ RunTime:0.001028s ]
INFO: [ app_begin ] --END-- [ RunTime:0.001064s ]
NOTIC: [2] include_once(Conf/config.php): failed to open stream: No such file or directory D:\xampp\htdocs\waijiedemo\waijie\Application\Home\Controller\UserController.class.php 第 3 行.
NOTIC: [2] include_once(): Failed opening 'Conf/config.php' for inclusion (include_path='D:\xampp\php\PEAR') D:\xampp\htdocs\waijiedemo\waijie\Application\Home\Controller\UserController.class.php 第 3 行.
SQL: SHOW COLUMNS FROM `user` [ RunTime:0.0094s ]
SQL: SELECT * FROM `user` WHERE `username` = 'admin'  [ RunTime:0.0005s ]
SQL: SELECT * FROM `user` WHERE `username` = 'admin'  [ RunTime:0.0004s ]
SQL: SELECT COUNT(*) AS tp_count FROM `user` WHERE `username` = 'admin' LIMIT 1   [ RunTime:0.0003s ]
SQL: SELECT COUNT(*) AS tp_count FROM `user` WHERE `username` = 'admin' AND `password` = 'admmin' LIMIT 1   [ RunTime:0.0004s ]

[ 2018-12-13T23:15:42+08:00 ] ::1 /waijiedemo/waijie/index.php/Home/user/login
INFO: [ app_init ] --START--
INFO: Run Behavior\BuildLiteBehavior [ RunTime:0.000007s ]
INFO: [ app_init ] --END-- [ RunTime:0.000721s ]
INFO: [ app_begin ] --START--
INFO: Run Behavior\ReadHtmlCacheBehavior [ RunTime:0.000929s ]
INFO: [ app_begin ] --END-- [ RunTime:0.000959s ]
NOTIC: [2] include_once(Conf/config.php): failed to open stream: No such file or directory D:\xampp\htdocs\waijiedemo\waijie\Application\Home\Controller\UserController.class.php 第 3 行.
NOTIC: [2] include_once(): Failed opening 'Conf/config.php' for inclusion (include_path='D:\xampp\php\PEAR') D:\xampp\htdocs\waijiedemo\waijie\Application\Home\Controller\UserController.class.php 第 3 行.
SQL: SHOW COLUMNS FROM `user` [ RunTime:0.0508s ]
SQL: SELECT * FROM `user` WHERE `username` = 'admin'  [ RunTime:0.0006s ]
SQL: SELECT * FROM `user` WHERE `username` = 'admin'  [ RunTime:0.0005s ]
SQL: SELECT COUNT(*) AS tp_count FROM `user` WHERE `username` = 'admin' LIMIT 1   [ RunTime:0.0004s ]
SQL: SELECT COUNT(*) AS tp_count FROM `user` WHERE `username` = 'admin' AND `password` = 'admin' LIMIT 1   [ RunTime:0.0004s ]
NOTIC: [2] Use of undefined constant code - assumed 'code' (this will throw an Error in a future version of PHP) D:\xampp\htdocs\waijiedemo\waijie\Application\Home\Controller\UserController.class.php 第 42 行.
NOTIC: [2] Use of undefined constant msg - assumed 'msg' (this will throw an Error in a future version of PHP) D:\xampp\htdocs\waijiedemo\waijie\Application\Home\Controller\UserController.class.php 第 43 行.
NOTIC: [2] Use of undefined constant uid - assumed 'uid' (this will throw an Error in a future version of PHP) D:\xampp\htdocs\waijiedemo\waijie\Application\Home\Controller\UserController.class.php 第 44 行.
NOTIC: [2] Use of undefined constant uname - assumed 'uname' (this will throw an Error in a future version of PHP) D:\xampp\htdocs\waijiedemo\waijie\Application\Home\Controller\UserController.class.php 第 45 行.

[ 2018-12-13T23:15:42+08:00 ] ::1 /waijiedemo/waijie/index.php/Home/user/index
INFO: [ app_init ] --START--
INFO: Run Behavior\BuildLiteBehavior [ RunTime:0.000009s ]
INFO: [ app_init ] --END-- [ RunTime:0.000620s ]
INFO: [ app_begin ] --START--
INFO: Run Behavior\ReadHtmlCacheBehavior [ RunTime:0.000947s ]
INFO: [ app_begin ] --END-- [ RunTime:0.000981s ]
NOTIC: [2] include_once(Conf/config.php): failed to open stream: No such file or directory D:\xampp\htdocs\waijiedemo\waijie\Application\Home\Controller\UserController.class.php 第 3 行.
NOTIC: [2] include_once(): Failed opening 'Conf/config.php' for inclusion (include_path='D:\xampp\php\PEAR') D:\xampp\htdocs\waijiedemo\waijie\Application\Home\Controller\UserController.class.php 第 3 行.
SQL: SHOW COLUMNS FROM `user` [ RunTime:0.0081s ]
SQL: SELECT * FROM `user`  [ RunTime:0.0005s ]

[ 2018-12-13T23:16:49+08:00 ] ::1 /waijiedemo/waijie/index.php/Home/user/login
INFO: [ app_init ] --START--
INFO: Run Behavior\BuildLiteBehavior [ RunTime:0.000008s ]
INFO: [ app_init ] --END-- [ RunTime:0.000738s ]
INFO: [ app_begin ] --START--
INFO: Run Behavior\ReadHtmlCacheBehavior [ RunTime:0.001455s ]
INFO: [ app_begin ] --END-- [ RunTime:0.001492s ]
NOTIC: [2] include_once(Conf/config.php): failed to open stream: No such file or directory D:\xampp\htdocs\waijiedemo\waijie\Application\Home\Controller\UserController.class.php 第 3 行.
NOTIC: [2] include_once(): Failed opening 'Conf/config.php' for inclusion (include_path='D:\xampp\php\PEAR') D:\xampp\htdocs\waijiedemo\waijie\Application\Home\Controller\UserController.class.php 第 3 行.
SQL: SHOW COLUMNS FROM `user` [ RunTime:0.0195s ]
SQL: SELECT * FROM `user` WHERE `username` = '1'  [ RunTime:0.0006s ]
SQL: SELECT * FROM `user` WHERE `username` = '1'  [ RunTime:0.0007s ]
SQL: SELECT COUNT(*) AS tp_count FROM `user` WHERE `username` = '1' LIMIT 1   [ RunTime:0.0006s ]
SQL: SELECT COUNT(*) AS tp_count FROM `user` WHERE `username` = '1' AND `password` = '1' LIMIT 1   [ RunTime:0.0006s ]
NOTIC: [2] Use of undefined constant code - assumed 'code' (this will throw an Error in a future version of PHP) D:\xampp\htdocs\waijiedemo\waijie\Application\Home\Controller\UserController.class.php 第 42 行.
NOTIC: [2] Use of undefined constant msg - assumed 'msg' (this will throw an Error in a future version of PHP) D:\xampp\htdocs\waijiedemo\waijie\Application\Home\Controller\UserController.class.php 第 43 行.
NOTIC: [2] Use of undefined constant uid - assumed 'uid' (this will throw an Error in a future version of PHP) D:\xampp\htdocs\waijiedemo\waijie\Application\Home\Controller\UserController.class.php 第 44 行.
NOTIC: [2] Use of undefined constant uname - assumed 'uname' (this will throw an Error in a future version of PHP) D:\xampp\htdocs\waijiedemo\waijie\Application\Home\Controller\UserController.class.php 第 45 行.

[ 2018-12-13T23:17:00+08:00 ] ::1 /waijiedemo/waijie/index.php/Home/user/login
INFO: [ app_init ] --START--
INFO: Run Behavior\BuildLiteBehavior [ RunTime:0.000009s ]
INFO: [ app_init ] --END-- [ RunTime:0.000693s ]
INFO: [ app_begin ] --START--
INFO: Run Behavior\ReadHtmlCacheBehavior [ RunTime:0.001053s ]
INFO: [ app_begin ] --END-- [ RunTime:0.001092s ]
NOTIC: [2] include_once(Conf/config.php): failed to open stream: No such file or directory D:\xampp\htdocs\waijiedemo\waijie\Application\Home\Controller\UserController.class.php 第 3 行.
NOTIC: [2] include_once(): Failed opening 'Conf/config.php' for inclusion (include_path='D:\xampp\php\PEAR') D:\xampp\htdocs\waijiedemo\waijie\Application\Home\Controller\UserController.class.php 第 3 行.
SQL: SHOW COLUMNS FROM `user` [ RunTime:0.0096s ]
SQL: SELECT * FROM `user` WHERE `username` = '1'  [ RunTime:0.0008s ]
SQL: SELECT * FROM `user` WHERE `username` = '1'  [ RunTime:0.0005s ]
SQL: SELECT COUNT(*) AS tp_count FROM `user` WHERE `username` = '1' LIMIT 1   [ RunTime:0.0004s ]
SQL: SELECT COUNT(*) AS tp_count FROM `user` WHERE `username` = '1' AND `password` = '1' LIMIT 1   [ RunTime:0.0004s ]
NOTIC: [2] Use of undefined constant code - assumed 'code' (this will throw an Error in a future version of PHP) D:\xampp\htdocs\waijiedemo\waijie\Application\Home\Controller\UserController.class.php 第 42 行.
NOTIC: [2] Use of undefined constant msg - assumed 'msg' (this will throw an Error in a future version of PHP) D:\xampp\htdocs\waijiedemo\waijie\Application\Home\Controller\UserController.class.php 第 43 行.
NOTIC: [2] Use of undefined constant uid - assumed 'uid' (this will throw an Error in a future version of PHP) D:\xampp\htdocs\waijiedemo\waijie\Application\Home\Controller\UserController.class.php 第 44 行.
NOTIC: [2] Use of undefined constant uname - assumed 'uname' (this will throw an Error in a future version of PHP) D:\xampp\htdocs\waijiedemo\waijie\Application\Home\Controller\UserController.class.php 第 45 行.

[ 2018-12-13T23:21:19+08:00 ] ::1 /waijiedemo/waijie/index.php/Home/user/login
INFO: [ app_init ] --START--
INFO: Run Behavior\BuildLiteBehavior [ RunTime:0.000012s ]
INFO: [ app_init ] --END-- [ RunTime:0.001014s ]
INFO: [ app_begin ] --START--
INFO: Run Behavior\ReadHtmlCacheBehavior [ RunTime:0.001803s ]
INFO: [ app_begin ] --END-- [ RunTime:0.001873s ]
NOTIC: [2] include_once(Conf/config.php): failed to open stream: No such file or directory D:\xampp\htdocs\waijiedemo\waijie\Application\Home\Controller\UserController.class.php 第 3 行.
NOTIC: [2] include_once(): Failed opening 'Conf/config.php' for inclusion (include_path='D:\xampp\php\PEAR') D:\xampp\htdocs\waijiedemo\waijie\Application\Home\Controller\UserController.class.php 第 3 行.
SQL: SHOW COLUMNS FROM `user` [ RunTime:0.0671s ]
SQL: SELECT * FROM `user` WHERE `username` = '2'  [ RunTime:0.0006s ]
SQL: SELECT * FROM `user` WHERE `username` = '2'  [ RunTime:0.0005s ]
SQL: SELECT COUNT(*) AS tp_count FROM `user` WHERE `username` = '2' LIMIT 1   [ RunTime:0.0007s ]
SQL: SELECT COUNT(*) AS tp_count FROM `user` WHERE `username` = '2' AND `password` = '2' LIMIT 1   [ RunTime:0.0018s ]
NOTIC: [2] Use of undefined constant code - assumed 'code' (this will throw an Error in a future version of PHP) D:\xampp\htdocs\waijiedemo\waijie\Application\Home\Controller\UserController.class.php 第 42 行.
NOTIC: [2] Use of undefined constant msg - assumed 'msg' (this will throw an Error in a future version of PHP) D:\xampp\htdocs\waijiedemo\waijie\Application\Home\Controller\UserController.class.php 第 43 行.
NOTIC: [2] Use of undefined constant uid - assumed 'uid' (this will throw an Error in a future version of PHP) D:\xampp\htdocs\waijiedemo\waijie\Application\Home\Controller\UserController.class.php 第 44 行.
NOTIC: [2] Use of undefined constant uname - assumed 'uname' (this will throw an Error in a future version of PHP) D:\xampp\htdocs\waijiedemo\waijie\Application\Home\Controller\UserController.class.php 第 45 行.

