[ 2018-11-18T19:48:15+08:00 ] ::1 /waijiedemo/waijie/index.php/Home/user/login
INFO: [ app_init ] --START--
INFO: Run Behavior\BuildLiteBehavior [ RunTime:0.000015s ]
INFO: [ app_init ] --END-- [ RunTime:0.027418s ]
INFO: [ app_begin ] --START--
INFO: Run Behavior\ReadHtmlCacheBehavior [ RunTime:0.014981s ]
INFO: [ app_begin ] --END-- [ RunTime:0.015032s ]
NOTIC: [2] include_once(Conf/config.php): failed to open stream: No such file or directory D:\xampp\htdocs\waijiedemo\waijie\Application\Home\Controller\UserController.class.php 第 3 行.
NOTIC: [2] include_once(): Failed opening 'Conf/config.php' for inclusion (include_path='D:\xampp\php\PEAR') D:\xampp\htdocs\waijiedemo\waijie\Application\Home\Controller\UserController.class.php 第 3 行.
SQL: SHOW COLUMNS FROM `user` [ RunTime:0.0785s ]
SQL: SELECT * FROM `user` WHERE `username` = '1'  [ RunTime:0.0510s ]
SQL: SELECT * FROM `user` WHERE `username` = '1'  [ RunTime:0.0004s ]
SQL: SELECT COUNT(*) AS tp_count FROM `user` WHERE `username` = '1' LIMIT 1   [ RunTime:0.0013s ]
SQL: SELECT COUNT(*) AS tp_count FROM `user` WHERE `username` = '1' AND `password` = '1' LIMIT 1   [ RunTime:0.0004s ]
NOTIC: [2] Use of undefined constant code - assumed 'code' (this will throw an Error in a future version of PHP) D:\xampp\htdocs\waijiedemo\waijie\Application\Home\Controller\UserController.class.php 第 42 行.
NOTIC: [2] Use of undefined constant msg - assumed 'msg' (this will throw an Error in a future version of PHP) D:\xampp\htdocs\waijiedemo\waijie\Application\Home\Controller\UserController.class.php 第 43 行.
NOTIC: [2] Use of undefined constant uid - assumed 'uid' (this will throw an Error in a future version of PHP) D:\xampp\htdocs\waijiedemo\waijie\Application\Home\Controller\UserController.class.php 第 44 行.
NOTIC: [2] Use of undefined constant uname - assumed 'uname' (this will throw an Error in a future version of PHP) D:\xampp\htdocs\waijiedemo\waijie\Application\Home\Controller\UserController.class.php 第 45 行.

[ 2018-11-18T19:58:50+08:00 ] ::1 /waijiedemo/waijie/index.php/Home/user/login
INFO: [ app_init ] --START--
INFO: Run Behavior\BuildLiteBehavior [ RunTime:0.000015s ]
INFO: [ app_init ] --END-- [ RunTime:0.003398s ]
INFO: [ app_begin ] --START--
INFO: Run Behavior\ReadHtmlCacheBehavior [ RunTime:0.001222s ]
INFO: [ app_begin ] --END-- [ RunTime:0.001263s ]
NOTIC: [2] include_once(Conf/config.php): failed to open stream: No such file or directory D:\xampp\htdocs\waijiedemo\waijie\Application\Home\Controller\UserController.class.php 第 3 行.
NOTIC: [2] include_once(): Failed opening 'Conf/config.php' for inclusion (include_path='D:\xampp\php\PEAR') D:\xampp\htdocs\waijiedemo\waijie\Application\Home\Controller\UserController.class.php 第 3 行.
SQL: SHOW COLUMNS FROM `user` [ RunTime:0.0072s ]
SQL: SELECT * FROM `user` WHERE `username` = '1'  [ RunTime:0.0007s ]
SQL: SELECT * FROM `user` WHERE `username` = '1'  [ RunTime:0.0006s ]
SQL: SELECT COUNT(*) AS tp_count FROM `user` WHERE `username` = '1' LIMIT 1   [ RunTime:0.0006s ]
SQL: SELECT COUNT(*) AS tp_count FROM `user` WHERE `username` = '1' AND `password` = '1' LIMIT 1   [ RunTime:0.0006s ]
NOTIC: [2] Use of undefined constant code - assumed 'code' (this will throw an Error in a future version of PHP) D:\xampp\htdocs\waijiedemo\waijie\Application\Home\Controller\UserController.class.php 第 42 行.
NOTIC: [2] Use of undefined constant msg - assumed 'msg' (this will throw an Error in a future version of PHP) D:\xampp\htdocs\waijiedemo\waijie\Application\Home\Controller\UserController.class.php 第 43 行.
NOTIC: [2] Use of undefined constant uid - assumed 'uid' (this will throw an Error in a future version of PHP) D:\xampp\htdocs\waijiedemo\waijie\Application\Home\Controller\UserController.class.php 第 44 行.
NOTIC: [2] Use of undefined constant uname - assumed 'uname' (this will throw an Error in a future version of PHP) D:\xampp\htdocs\waijiedemo\waijie\Application\Home\Controller\UserController.class.php 第 45 行.

[ 2018-11-18T20:15:03+08:00 ] ::1 /waijiedemo/waijie/index.php/Home/user/login
INFO: [ app_init ] --START--
INFO: Run Behavior\BuildLiteBehavior [ RunTime:0.000009s ]
INFO: [ app_init ] --END-- [ RunTime:0.000849s ]
INFO: [ app_begin ] --START--
INFO: Run Behavior\ReadHtmlCacheBehavior [ RunTime:0.001320s ]
INFO: [ app_begin ] --END-- [ RunTime:0.001443s ]
NOTIC: [2] include_once(Conf/config.php): failed to open stream: No such file or directory D:\xampp\htdocs\waijiedemo\waijie\Application\Home\Controller\UserController.class.php 第 3 行.
NOTIC: [2] include_once(): Failed opening 'Conf/config.php' for inclusion (include_path='D:\xampp\php\PEAR') D:\xampp\htdocs\waijiedemo\waijie\Application\Home\Controller\UserController.class.php 第 3 行.
SQL: SHOW COLUMNS FROM `user` [ RunTime:0.0069s ]
SQL: SELECT * FROM `user` WHERE `username` = '1'  [ RunTime:0.0006s ]
SQL: SELECT * FROM `user` WHERE `username` = '1'  [ RunTime:0.0005s ]
SQL: SELECT COUNT(*) AS tp_count FROM `user` WHERE `username` = '1' LIMIT 1   [ RunTime:0.0004s ]
SQL: SELECT COUNT(*) AS tp_count FROM `user` WHERE `username` = '1' AND `password` = '1' LIMIT 1   [ RunTime:0.0004s ]
NOTIC: [2] Use of undefined constant code - assumed 'code' (this will throw an Error in a future version of PHP) D:\xampp\htdocs\waijiedemo\waijie\Application\Home\Controller\UserController.class.php 第 42 行.
NOTIC: [2] Use of undefined constant msg - assumed 'msg' (this will throw an Error in a future version of PHP) D:\xampp\htdocs\waijiedemo\waijie\Application\Home\Controller\UserController.class.php 第 43 行.
NOTIC: [2] Use of undefined constant uid - assumed 'uid' (this will throw an Error in a future version of PHP) D:\xampp\htdocs\waijiedemo\waijie\Application\Home\Controller\UserController.class.php 第 44 行.
NOTIC: [2] Use of undefined constant uname - assumed 'uname' (this will throw an Error in a future version of PHP) D:\xampp\htdocs\waijiedemo\waijie\Application\Home\Controller\UserController.class.php 第 45 行.

[ 2018-11-18T20:19:57+08:00 ] ::1 /waijiedemo/waijie/index.php/Home/user/login
INFO: [ app_init ] --START--
INFO: Run Behavior\BuildLiteBehavior [ RunTime:0.000014s ]
INFO: [ app_init ] --END-- [ RunTime:0.001022s ]
INFO: [ app_begin ] --START--
INFO: Run Behavior\ReadHtmlCacheBehavior [ RunTime:0.001405s ]
INFO: [ app_begin ] --END-- [ RunTime:0.001446s ]
NOTIC: [2] include_once(Conf/config.php): failed to open stream: No such file or directory D:\xampp\htdocs\waijiedemo\waijie\Application\Home\Controller\UserController.class.php 第 3 行.
NOTIC: [2] include_once(): Failed opening 'Conf/config.php' for inclusion (include_path='D:\xampp\php\PEAR') D:\xampp\htdocs\waijiedemo\waijie\Application\Home\Controller\UserController.class.php 第 3 行.
SQL: SHOW COLUMNS FROM `user` [ RunTime:0.0085s ]
SQL: SELECT * FROM `user` WHERE `username` = '1'  [ RunTime:0.0005s ]
SQL: SELECT * FROM `user` WHERE `username` = '1'  [ RunTime:0.0004s ]
SQL: SELECT COUNT(*) AS tp_count FROM `user` WHERE `username` = '1' LIMIT 1   [ RunTime:0.0004s ]
SQL: SELECT COUNT(*) AS tp_count FROM `user` WHERE `username` = '1' AND `password` = '1' LIMIT 1   [ RunTime:0.0004s ]
NOTIC: [2] Use of undefined constant code - assumed 'code' (this will throw an Error in a future version of PHP) D:\xampp\htdocs\waijiedemo\waijie\Application\Home\Controller\UserController.class.php 第 42 行.
NOTIC: [2] Use of undefined constant msg - assumed 'msg' (this will throw an Error in a future version of PHP) D:\xampp\htdocs\waijiedemo\waijie\Application\Home\Controller\UserController.class.php 第 43 行.
NOTIC: [2] Use of undefined constant uid - assumed 'uid' (this will throw an Error in a future version of PHP) D:\xampp\htdocs\waijiedemo\waijie\Application\Home\Controller\UserController.class.php 第 44 行.
NOTIC: [2] Use of undefined constant uname - assumed 'uname' (this will throw an Error in a future version of PHP) D:\xampp\htdocs\waijiedemo\waijie\Application\Home\Controller\UserController.class.php 第 45 行.

[ 2018-11-18T20:27:59+08:00 ] ::1 /waijiedemo/waijie/index.php/Home/user/login
INFO: [ app_init ] --START--
INFO: Run Behavior\BuildLiteBehavior [ RunTime:0.000009s ]
INFO: [ app_init ] --END-- [ RunTime:0.000759s ]
INFO: [ app_begin ] --START--
INFO: Run Behavior\ReadHtmlCacheBehavior [ RunTime:0.001123s ]
INFO: [ app_begin ] --END-- [ RunTime:0.001166s ]
NOTIC: [2] include_once(Conf/config.php): failed to open stream: No such file or directory D:\xampp\htdocs\waijiedemo\waijie\Application\Home\Controller\UserController.class.php 第 3 行.
NOTIC: [2] include_once(): Failed opening 'Conf/config.php' for inclusion (include_path='D:\xampp\php\PEAR') D:\xampp\htdocs\waijiedemo\waijie\Application\Home\Controller\UserController.class.php 第 3 行.
SQL: SHOW COLUMNS FROM `user` [ RunTime:0.0076s ]
SQL: SELECT * FROM `user` WHERE `username` = '1'  [ RunTime:0.0005s ]
SQL: SELECT * FROM `user` WHERE `username` = '1'  [ RunTime:0.0006s ]
SQL: SELECT COUNT(*) AS tp_count FROM `user` WHERE `username` = '1' LIMIT 1   [ RunTime:0.0004s ]
SQL: SELECT COUNT(*) AS tp_count FROM `user` WHERE `username` = '1' AND `password` = '1' LIMIT 1   [ RunTime:0.0004s ]
NOTIC: [2] Use of undefined constant code - assumed 'code' (this will throw an Error in a future version of PHP) D:\xampp\htdocs\waijiedemo\waijie\Application\Home\Controller\UserController.class.php 第 42 行.
NOTIC: [2] Use of undefined constant msg - assumed 'msg' (this will throw an Error in a future version of PHP) D:\xampp\htdocs\waijiedemo\waijie\Application\Home\Controller\UserController.class.php 第 43 行.
NOTIC: [2] Use of undefined constant uid - assumed 'uid' (this will throw an Error in a future version of PHP) D:\xampp\htdocs\waijiedemo\waijie\Application\Home\Controller\UserController.class.php 第 44 行.
NOTIC: [2] Use of undefined constant uname - assumed 'uname' (this will throw an Error in a future version of PHP) D:\xampp\htdocs\waijiedemo\waijie\Application\Home\Controller\UserController.class.php 第 45 行.

[ 2018-11-18T20:35:29+08:00 ] ::1 /waijiedemo/waijie/index.php/Home/user/register
INFO: [ app_init ] --START--
INFO: Run Behavior\BuildLiteBehavior [ RunTime:0.000010s ]
INFO: [ app_init ] --END-- [ RunTime:0.000955s ]
INFO: [ app_begin ] --START--
INFO: Run Behavior\ReadHtmlCacheBehavior [ RunTime:0.001113s ]
INFO: [ app_begin ] --END-- [ RunTime:0.001147s ]
NOTIC: [2] include_once(Conf/config.php): failed to open stream: No such file or directory D:\xampp\htdocs\waijiedemo\waijie\Application\Home\Controller\UserController.class.php 第 3 行.
NOTIC: [2] include_once(): Failed opening 'Conf/config.php' for inclusion (include_path='D:\xampp\php\PEAR') D:\xampp\htdocs\waijiedemo\waijie\Application\Home\Controller\UserController.class.php 第 3 行.
SQL: SHOW COLUMNS FROM `user` [ RunTime:0.0082s ]
SQL: INSERT INTO `user` (`username`,`password`,`company`,`tel`,`email`) VALUES ('7','7','7','7','7') [ RunTime:0.1553s ]

[ 2018-11-18T20:35:35+08:00 ] ::1 /waijiedemo/waijie/index.php/Home/user/login
INFO: [ app_init ] --START--
INFO: Run Behavior\BuildLiteBehavior [ RunTime:0.000011s ]
INFO: [ app_init ] --END-- [ RunTime:0.000772s ]
INFO: [ app_begin ] --START--
INFO: Run Behavior\ReadHtmlCacheBehavior [ RunTime:0.000949s ]
INFO: [ app_begin ] --END-- [ RunTime:0.000985s ]
NOTIC: [2] include_once(Conf/config.php): failed to open stream: No such file or directory D:\xampp\htdocs\waijiedemo\waijie\Application\Home\Controller\UserController.class.php 第 3 行.
NOTIC: [2] include_once(): Failed opening 'Conf/config.php' for inclusion (include_path='D:\xampp\php\PEAR') D:\xampp\htdocs\waijiedemo\waijie\Application\Home\Controller\UserController.class.php 第 3 行.
SQL: SHOW COLUMNS FROM `user` [ RunTime:0.0093s ]
SQL: SELECT * FROM `user` WHERE `username` = '7'  [ RunTime:0.0005s ]
SQL: SELECT * FROM `user` WHERE `username` = '7'  [ RunTime:0.0005s ]
SQL: SELECT COUNT(*) AS tp_count FROM `user` WHERE `username` = '7' LIMIT 1   [ RunTime:0.0005s ]
SQL: SELECT COUNT(*) AS tp_count FROM `user` WHERE `username` = '7' AND `password` = '7' LIMIT 1   [ RunTime:0.0005s ]
NOTIC: [2] Use of undefined constant code - assumed 'code' (this will throw an Error in a future version of PHP) D:\xampp\htdocs\waijiedemo\waijie\Application\Home\Controller\UserController.class.php 第 42 行.
NOTIC: [2] Use of undefined constant msg - assumed 'msg' (this will throw an Error in a future version of PHP) D:\xampp\htdocs\waijiedemo\waijie\Application\Home\Controller\UserController.class.php 第 43 行.
NOTIC: [2] Use of undefined constant uid - assumed 'uid' (this will throw an Error in a future version of PHP) D:\xampp\htdocs\waijiedemo\waijie\Application\Home\Controller\UserController.class.php 第 44 行.
NOTIC: [2] Use of undefined constant uname - assumed 'uname' (this will throw an Error in a future version of PHP) D:\xampp\htdocs\waijiedemo\waijie\Application\Home\Controller\UserController.class.php 第 45 行.

[ 2018-11-18T20:42:03+08:00 ] ::1 /waijiedemo/waijie/index.php/Home/user/login
INFO: [ app_init ] --START--
INFO: Run Behavior\BuildLiteBehavior [ RunTime:0.000008s ]
INFO: [ app_init ] --END-- [ RunTime:0.000757s ]
INFO: [ app_begin ] --START--
INFO: Run Behavior\ReadHtmlCacheBehavior [ RunTime:0.001141s ]
INFO: [ app_begin ] --END-- [ RunTime:0.001170s ]
NOTIC: [2] include_once(Conf/config.php): failed to open stream: No such file or directory D:\xampp\htdocs\waijiedemo\waijie\Application\Home\Controller\UserController.class.php 第 3 行.
NOTIC: [2] include_once(): Failed opening 'Conf/config.php' for inclusion (include_path='D:\xampp\php\PEAR') D:\xampp\htdocs\waijiedemo\waijie\Application\Home\Controller\UserController.class.php 第 3 行.
SQL: SHOW COLUMNS FROM `user` [ RunTime:0.0090s ]
SQL: SELECT * FROM `user` WHERE `username` = 'admin'  [ RunTime:0.0005s ]
SQL: SELECT * FROM `user` WHERE `username` = 'admin'  [ RunTime:0.0083s ]
SQL: SELECT COUNT(*) AS tp_count FROM `user` WHERE `username` = 'admin' LIMIT 1   [ RunTime:0.0004s ]
SQL: SELECT COUNT(*) AS tp_count FROM `user` WHERE `username` = 'admin' AND `password` = 'admin' LIMIT 1   [ RunTime:0.0044s ]
NOTIC: [2] Use of undefined constant code - assumed 'code' (this will throw an Error in a future version of PHP) D:\xampp\htdocs\waijiedemo\waijie\Application\Home\Controller\UserController.class.php 第 42 行.
NOTIC: [2] Use of undefined constant msg - assumed 'msg' (this will throw an Error in a future version of PHP) D:\xampp\htdocs\waijiedemo\waijie\Application\Home\Controller\UserController.class.php 第 43 行.
NOTIC: [2] Use of undefined constant uid - assumed 'uid' (this will throw an Error in a future version of PHP) D:\xampp\htdocs\waijiedemo\waijie\Application\Home\Controller\UserController.class.php 第 44 行.
NOTIC: [2] Use of undefined constant uname - assumed 'uname' (this will throw an Error in a future version of PHP) D:\xampp\htdocs\waijiedemo\waijie\Application\Home\Controller\UserController.class.php 第 45 行.

[ 2018-11-18T20:42:03+08:00 ] ::1 /waijiedemo/waijie/index.php/Home/user/index
INFO: [ app_init ] --START--
INFO: Run Behavior\BuildLiteBehavior [ RunTime:0.000007s ]
INFO: [ app_init ] --END-- [ RunTime:0.000759s ]
INFO: [ app_begin ] --START--
INFO: Run Behavior\ReadHtmlCacheBehavior [ RunTime:0.000914s ]
INFO: [ app_begin ] --END-- [ RunTime:0.000941s ]
NOTIC: [2] include_once(Conf/config.php): failed to open stream: No such file or directory D:\xampp\htdocs\waijiedemo\waijie\Application\Home\Controller\UserController.class.php 第 3 行.
NOTIC: [2] include_once(): Failed opening 'Conf/config.php' for inclusion (include_path='D:\xampp\php\PEAR') D:\xampp\htdocs\waijiedemo\waijie\Application\Home\Controller\UserController.class.php 第 3 行.
SQL: SHOW COLUMNS FROM `user` [ RunTime:0.0083s ]
SQL: SELECT * FROM `user`  [ RunTime:0.0005s ]

[ 2018-11-18T20:42:36+08:00 ] ::1 /waijiedemo/waijie/index.php/Home/user/index
INFO: [ app_init ] --START--
INFO: Run Behavior\BuildLiteBehavior [ RunTime:0.000007s ]
INFO: [ app_init ] --END-- [ RunTime:0.000644s ]
INFO: [ app_begin ] --START--
INFO: Run Behavior\ReadHtmlCacheBehavior [ RunTime:0.000941s ]
INFO: [ app_begin ] --END-- [ RunTime:0.000968s ]
NOTIC: [2] include_once(Conf/config.php): failed to open stream: No such file or directory D:\xampp\htdocs\waijiedemo\waijie\Application\Home\Controller\UserController.class.php 第 3 行.
NOTIC: [2] include_once(): Failed opening 'Conf/config.php' for inclusion (include_path='D:\xampp\php\PEAR') D:\xampp\htdocs\waijiedemo\waijie\Application\Home\Controller\UserController.class.php 第 3 行.
SQL: SHOW COLUMNS FROM `user` [ RunTime:0.0069s ]
SQL: SELECT * FROM `user`  [ RunTime:0.0005s ]

[ 2018-11-18T20:45:54+08:00 ] ::1 /waijiedemo/waijie/index.php/Home/user/login
INFO: [ app_init ] --START--
INFO: Run Behavior\BuildLiteBehavior [ RunTime:0.000011s ]
INFO: [ app_init ] --END-- [ RunTime:0.001283s ]
INFO: [ app_begin ] --START--
INFO: Run Behavior\ReadHtmlCacheBehavior [ RunTime:0.001485s ]
INFO: [ app_begin ] --END-- [ RunTime:0.001546s ]
NOTIC: [2] include_once(Conf/config.php): failed to open stream: No such file or directory D:\xampp\htdocs\waijiedemo\waijie\Application\Home\Controller\UserController.class.php 第 3 行.
NOTIC: [2] include_once(): Failed opening 'Conf/config.php' for inclusion (include_path='D:\xampp\php\PEAR') D:\xampp\htdocs\waijiedemo\waijie\Application\Home\Controller\UserController.class.php 第 3 行.
SQL: SHOW COLUMNS FROM `user` [ RunTime:0.0082s ]
SQL: SELECT * FROM `user` WHERE `username` = '1'  [ RunTime:0.0005s ]
SQL: SELECT * FROM `user` WHERE `username` = '1'  [ RunTime:0.0004s ]
SQL: SELECT COUNT(*) AS tp_count FROM `user` WHERE `username` = '1' LIMIT 1   [ RunTime:0.0004s ]
SQL: SELECT COUNT(*) AS tp_count FROM `user` WHERE `username` = '1' AND `password` = '1' LIMIT 1   [ RunTime:0.0004s ]
NOTIC: [2] Use of undefined constant code - assumed 'code' (this will throw an Error in a future version of PHP) D:\xampp\htdocs\waijiedemo\waijie\Application\Home\Controller\UserController.class.php 第 42 行.
NOTIC: [2] Use of undefined constant msg - assumed 'msg' (this will throw an Error in a future version of PHP) D:\xampp\htdocs\waijiedemo\waijie\Application\Home\Controller\UserController.class.php 第 43 行.
NOTIC: [2] Use of undefined constant uid - assumed 'uid' (this will throw an Error in a future version of PHP) D:\xampp\htdocs\waijiedemo\waijie\Application\Home\Controller\UserController.class.php 第 44 行.
NOTIC: [2] Use of undefined constant uname - assumed 'uname' (this will throw an Error in a future version of PHP) D:\xampp\htdocs\waijiedemo\waijie\Application\Home\Controller\UserController.class.php 第 45 行.

[ 2018-11-18T21:16:13+08:00 ] ::1 /waijiedemo/waijie/index.php/Home/user/login
INFO: [ app_init ] --START--
INFO: Run Behavior\BuildLiteBehavior [ RunTime:0.000011s ]
INFO: [ app_init ] --END-- [ RunTime:0.000751s ]
INFO: [ app_begin ] --START--
INFO: Run Behavior\ReadHtmlCacheBehavior [ RunTime:0.001308s ]
INFO: [ app_begin ] --END-- [ RunTime:0.001359s ]
NOTIC: [2] include_once(Conf/config.php): failed to open stream: No such file or directory D:\xampp\htdocs\waijiedemo\waijie\Application\Home\Controller\UserController.class.php 第 3 行.
NOTIC: [2] include_once(): Failed opening 'Conf/config.php' for inclusion (include_path='D:\xampp\php\PEAR') D:\xampp\htdocs\waijiedemo\waijie\Application\Home\Controller\UserController.class.php 第 3 行.
SQL: SHOW COLUMNS FROM `user` [ RunTime:0.0104s ]
SQL: SELECT * FROM `user` WHERE `username` = '1'  [ RunTime:0.0007s ]
SQL: SELECT * FROM `user` WHERE `username` = '1'  [ RunTime:0.0005s ]
SQL: SELECT COUNT(*) AS tp_count FROM `user` WHERE `username` = '1' LIMIT 1   [ RunTime:0.0005s ]
SQL: SELECT COUNT(*) AS tp_count FROM `user` WHERE `username` = '1' AND `password` = '1' LIMIT 1   [ RunTime:0.0005s ]
NOTIC: [2] Use of undefined constant code - assumed 'code' (this will throw an Error in a future version of PHP) D:\xampp\htdocs\waijiedemo\waijie\Application\Home\Controller\UserController.class.php 第 42 行.
NOTIC: [2] Use of undefined constant msg - assumed 'msg' (this will throw an Error in a future version of PHP) D:\xampp\htdocs\waijiedemo\waijie\Application\Home\Controller\UserController.class.php 第 43 行.
NOTIC: [2] Use of undefined constant uid - assumed 'uid' (this will throw an Error in a future version of PHP) D:\xampp\htdocs\waijiedemo\waijie\Application\Home\Controller\UserController.class.php 第 44 行.
NOTIC: [2] Use of undefined constant uname - assumed 'uname' (this will throw an Error in a future version of PHP) D:\xampp\htdocs\waijiedemo\waijie\Application\Home\Controller\UserController.class.php 第 45 行.

[ 2018-11-18T21:21:02+08:00 ] ::1 /waijiedemo/waijie/index.php/Home/user/login
INFO: [ app_init ] --START--
INFO: Run Behavior\BuildLiteBehavior [ RunTime:0.000008s ]
INFO: [ app_init ] --END-- [ RunTime:0.000760s ]
INFO: [ app_begin ] --START--
INFO: Run Behavior\ReadHtmlCacheBehavior [ RunTime:0.001140s ]
INFO: [ app_begin ] --END-- [ RunTime:0.001171s ]
NOTIC: [2] include_once(Conf/config.php): failed to open stream: No such file or directory D:\xampp\htdocs\waijiedemo\waijie\Application\Home\Controller\UserController.class.php 第 3 行.
NOTIC: [2] include_once(): Failed opening 'Conf/config.php' for inclusion (include_path='D:\xampp\php\PEAR') D:\xampp\htdocs\waijiedemo\waijie\Application\Home\Controller\UserController.class.php 第 3 行.
SQL: SHOW COLUMNS FROM `user` [ RunTime:0.0189s ]
SQL: SELECT * FROM `user` WHERE `username` = '1'  [ RunTime:0.0005s ]
SQL: SELECT * FROM `user` WHERE `username` = '1'  [ RunTime:0.0007s ]
SQL: SELECT COUNT(*) AS tp_count FROM `user` WHERE `username` = '1' LIMIT 1   [ RunTime:0.0006s ]
SQL: SELECT COUNT(*) AS tp_count FROM `user` WHERE `username` = '1' AND `password` = '1' LIMIT 1   [ RunTime:0.0006s ]
NOTIC: [2] Use of undefined constant code - assumed 'code' (this will throw an Error in a future version of PHP) D:\xampp\htdocs\waijiedemo\waijie\Application\Home\Controller\UserController.class.php 第 42 行.
NOTIC: [2] Use of undefined constant msg - assumed 'msg' (this will throw an Error in a future version of PHP) D:\xampp\htdocs\waijiedemo\waijie\Application\Home\Controller\UserController.class.php 第 43 行.
NOTIC: [2] Use of undefined constant uid - assumed 'uid' (this will throw an Error in a future version of PHP) D:\xampp\htdocs\waijiedemo\waijie\Application\Home\Controller\UserController.class.php 第 44 行.
NOTIC: [2] Use of undefined constant uname - assumed 'uname' (this will throw an Error in a future version of PHP) D:\xampp\htdocs\waijiedemo\waijie\Application\Home\Controller\UserController.class.php 第 45 行.

[ 2018-11-18T21:24:49+08:00 ] ::1 /waijiedemo/waijie/index.php/Home/user/login
INFO: [ app_init ] --START--
INFO: Run Behavior\BuildLiteBehavior [ RunTime:0.000009s ]
INFO: [ app_init ] --END-- [ RunTime:0.000734s ]
INFO: [ app_begin ] --START--
INFO: Run Behavior\ReadHtmlCacheBehavior [ RunTime:0.001132s ]
INFO: [ app_begin ] --END-- [ RunTime:0.001162s ]
NOTIC: [2] include_once(Conf/config.php): failed to open stream: No such file or directory D:\xampp\htdocs\waijiedemo\waijie\Application\Home\Controller\UserController.class.php 第 3 行.
NOTIC: [2] include_once(): Failed opening 'Conf/config.php' for inclusion (include_path='D:\xampp\php\PEAR') D:\xampp\htdocs\waijiedemo\waijie\Application\Home\Controller\UserController.class.php 第 3 行.
SQL: SHOW COLUMNS FROM `user` [ RunTime:0.0070s ]
SQL: SELECT * FROM `user` WHERE `username` = '1'  [ RunTime:0.0005s ]
SQL: SELECT * FROM `user` WHERE `username` = '1'  [ RunTime:0.0004s ]
SQL: SELECT COUNT(*) AS tp_count FROM `user` WHERE `username` = '1' LIMIT 1   [ RunTime:0.0004s ]
SQL: SELECT COUNT(*) AS tp_count FROM `user` WHERE `username` = '1' AND `password` = '1' LIMIT 1   [ RunTime:0.0004s ]
NOTIC: [2] Use of undefined constant code - assumed 'code' (this will throw an Error in a future version of PHP) D:\xampp\htdocs\waijiedemo\waijie\Application\Home\Controller\UserController.class.php 第 42 行.
NOTIC: [2] Use of undefined constant msg - assumed 'msg' (this will throw an Error in a future version of PHP) D:\xampp\htdocs\waijiedemo\waijie\Application\Home\Controller\UserController.class.php 第 43 行.
NOTIC: [2] Use of undefined constant uid - assumed 'uid' (this will throw an Error in a future version of PHP) D:\xampp\htdocs\waijiedemo\waijie\Application\Home\Controller\UserController.class.php 第 44 行.
NOTIC: [2] Use of undefined constant uname - assumed 'uname' (this will throw an Error in a future version of PHP) D:\xampp\htdocs\waijiedemo\waijie\Application\Home\Controller\UserController.class.php 第 45 行.

[ 2018-11-18T21:43:55+08:00 ] ::1 /waijiedemo/waijie/index.php/Home/user/login
INFO: [ app_init ] --START--
INFO: Run Behavior\BuildLiteBehavior [ RunTime:0.000008s ]
INFO: [ app_init ] --END-- [ RunTime:0.000721s ]
INFO: [ app_begin ] --START--
INFO: Run Behavior\ReadHtmlCacheBehavior [ RunTime:0.001318s ]
INFO: [ app_begin ] --END-- [ RunTime:0.001354s ]
NOTIC: [2] include_once(Conf/config.php): failed to open stream: No such file or directory D:\xampp\htdocs\waijiedemo\waijie\Application\Home\Controller\UserController.class.php 第 3 行.
NOTIC: [2] include_once(): Failed opening 'Conf/config.php' for inclusion (include_path='D:\xampp\php\PEAR') D:\xampp\htdocs\waijiedemo\waijie\Application\Home\Controller\UserController.class.php 第 3 行.
SQL: SHOW COLUMNS FROM `user` [ RunTime:0.0086s ]
SQL: SELECT * FROM `user` WHERE `username` = '吴堃'  [ RunTime:0.0005s ]
SQL: SELECT * FROM `user` WHERE `username` = '吴堃'  [ RunTime:0.0004s ]
SQL: SELECT COUNT(*) AS tp_count FROM `user` WHERE `username` = '吴堃' LIMIT 1   [ RunTime:0.0004s ]
SQL: SELECT COUNT(*) AS tp_count FROM `user` WHERE `username` = '吴堃' AND `password` = '123' LIMIT 1   [ RunTime:0.0004s ]
NOTIC: [2] Use of undefined constant code - assumed 'code' (this will throw an Error in a future version of PHP) D:\xampp\htdocs\waijiedemo\waijie\Application\Home\Controller\UserController.class.php 第 42 行.
NOTIC: [2] Use of undefined constant msg - assumed 'msg' (this will throw an Error in a future version of PHP) D:\xampp\htdocs\waijiedemo\waijie\Application\Home\Controller\UserController.class.php 第 43 行.
NOTIC: [2] Use of undefined constant uid - assumed 'uid' (this will throw an Error in a future version of PHP) D:\xampp\htdocs\waijiedemo\waijie\Application\Home\Controller\UserController.class.php 第 44 行.
NOTIC: [2] Use of undefined constant uname - assumed 'uname' (this will throw an Error in a future version of PHP) D:\xampp\htdocs\waijiedemo\waijie\Application\Home\Controller\UserController.class.php 第 45 行.

