[ 2018-11-30T21:49:20+08:00 ] ::1 /waijiedemo/waijie/index.php/Home/user/register
INFO: [ app_init ] --START--
INFO: Run Behavior\BuildLiteBehavior [ RunTime:0.000016s ]
INFO: [ app_init ] --END-- [ RunTime:0.013668s ]
INFO: [ app_begin ] --START--
INFO: Run Behavior\ReadHtmlCacheBehavior [ RunTime:0.004942s ]
INFO: [ app_begin ] --END-- [ RunTime:0.004981s ]
NOTIC: [2] include_once(Conf/config.php): failed to open stream: No such file or directory D:\xampp\htdocs\waijiedemo\waijie\Application\Home\Controller\UserController.class.php 第 3 行.
NOTIC: [2] include_once(): Failed opening 'Conf/config.php' for inclusion (include_path='D:\xampp\php\PEAR') D:\xampp\htdocs\waijiedemo\waijie\Application\Home\Controller\UserController.class.php 第 3 行.
SQL: SHOW COLUMNS FROM `user` [ RunTime:0.0284s ]
SQL: INSERT INTO `user` (`username`,`password`,`company`,`tel`,`email`) VALUES ('1','2','','','') [ RunTime:0.4571s ]

[ 2018-11-30T21:50:37+08:00 ] ::1 /waijiedemo/waijie/index.php/Home/user/register
INFO: [ app_init ] --START--
INFO: Run Behavior\BuildLiteBehavior [ RunTime:0.000010s ]
INFO: [ app_init ] --END-- [ RunTime:0.000658s ]
INFO: [ app_begin ] --START--
INFO: Run Behavior\ReadHtmlCacheBehavior [ RunTime:0.000951s ]
INFO: [ app_begin ] --END-- [ RunTime:0.000985s ]
NOTIC: [2] include_once(Conf/config.php): failed to open stream: No such file or directory D:\xampp\htdocs\waijiedemo\waijie\Application\Home\Controller\UserController.class.php 第 3 行.
NOTIC: [2] include_once(): Failed opening 'Conf/config.php' for inclusion (include_path='D:\xampp\php\PEAR') D:\xampp\htdocs\waijiedemo\waijie\Application\Home\Controller\UserController.class.php 第 3 行.
SQL: SHOW COLUMNS FROM `user` [ RunTime:0.0049s ]
SQL: INSERT INTO `user` (`username`,`password`,`company`,`tel`,`email`) VALUES ('1','2','','','') [ RunTime:0.0637s ]

[ 2018-11-30T21:56:30+08:00 ] ::1 /waijiedemo/waijie/index.php/Home/user/register
INFO: [ app_init ] --START--
INFO: Run Behavior\BuildLiteBehavior [ RunTime:0.000009s ]
INFO: [ app_init ] --END-- [ RunTime:0.000721s ]
INFO: [ app_begin ] --START--
INFO: Run Behavior\ReadHtmlCacheBehavior [ RunTime:0.001112s ]
INFO: [ app_begin ] --END-- [ RunTime:0.001147s ]
NOTIC: [2] include_once(Conf/config.php): failed to open stream: No such file or directory D:\xampp\htdocs\waijiedemo\waijie\Application\Home\Controller\UserController.class.php 第 3 行.
NOTIC: [2] include_once(): Failed opening 'Conf/config.php' for inclusion (include_path='D:\xampp\php\PEAR') D:\xampp\htdocs\waijiedemo\waijie\Application\Home\Controller\UserController.class.php 第 3 行.
SQL: SHOW COLUMNS FROM `user` [ RunTime:0.0050s ]
SQL: INSERT INTO `user` (`username`,`password`,`company`,`tel`,`email`) VALUES ('1','1','','','') [ RunTime:0.0921s ]

[ 2018-11-30T21:56:53+08:00 ] ::1 /waijiedemo/waijie/index.php/Home/user/register
INFO: [ app_init ] --START--
INFO: Run Behavior\BuildLiteBehavior [ RunTime:0.000008s ]
INFO: [ app_init ] --END-- [ RunTime:0.000692s ]
INFO: [ app_begin ] --START--
INFO: Run Behavior\ReadHtmlCacheBehavior [ RunTime:0.000935s ]
INFO: [ app_begin ] --END-- [ RunTime:0.000964s ]
NOTIC: [2] include_once(Conf/config.php): failed to open stream: No such file or directory D:\xampp\htdocs\waijiedemo\waijie\Application\Home\Controller\UserController.class.php 第 3 行.
NOTIC: [2] include_once(): Failed opening 'Conf/config.php' for inclusion (include_path='D:\xampp\php\PEAR') D:\xampp\htdocs\waijiedemo\waijie\Application\Home\Controller\UserController.class.php 第 3 行.
SQL: SHOW COLUMNS FROM `user` [ RunTime:0.0382s ]
SQL: INSERT INTO `user` (`username`,`password`,`company`,`tel`,`email`) VALUES ('1','1','','','') [ RunTime:0.0535s ]

[ 2018-11-30T22:26:50+08:00 ] ::1 /waijiedemo/waijie/index.php/Home/user/login
INFO: [ app_init ] --START--
INFO: Run Behavior\BuildLiteBehavior [ RunTime:0.000011s ]
INFO: [ app_init ] --END-- [ RunTime:0.000715s ]
INFO: [ app_begin ] --START--
INFO: Run Behavior\ReadHtmlCacheBehavior [ RunTime:0.001131s ]
INFO: [ app_begin ] --END-- [ RunTime:0.001161s ]
NOTIC: [2] include_once(Conf/config.php): failed to open stream: No such file or directory D:\xampp\htdocs\waijiedemo\waijie\Application\Home\Controller\UserController.class.php 第 3 行.
NOTIC: [2] include_once(): Failed opening 'Conf/config.php' for inclusion (include_path='D:\xampp\php\PEAR') D:\xampp\htdocs\waijiedemo\waijie\Application\Home\Controller\UserController.class.php 第 3 行.
SQL: SHOW COLUMNS FROM `user` [ RunTime:0.0052s ]
SQL: SELECT * FROM `user` WHERE `username` = ''  [ RunTime:0.1171s ]
NOTIC: [8] Undefined offset: 0 D:\xampp\htdocs\waijiedemo\waijie\Application\Home\Controller\UserController.class.php 第 24 行.
SQL: SELECT * FROM `user` WHERE `username` = ''  [ RunTime:0.0005s ]
NOTIC: [8] Undefined offset: 0 D:\xampp\htdocs\waijiedemo\waijie\Application\Home\Controller\UserController.class.php 第 25 行.
SQL: SELECT COUNT(*) AS tp_count FROM `user` WHERE `username` = '' LIMIT 1   [ RunTime:0.0589s ]

[ 2018-11-30T22:27:25+08:00 ] ::1 /waijiedemo/waijie/index.php/Home/user/login
INFO: [ app_init ] --START--
INFO: Run Behavior\BuildLiteBehavior [ RunTime:0.000007s ]
INFO: [ app_init ] --END-- [ RunTime:0.000710s ]
INFO: [ app_begin ] --START--
INFO: Run Behavior\ReadHtmlCacheBehavior [ RunTime:0.000935s ]
INFO: [ app_begin ] --END-- [ RunTime:0.000963s ]
NOTIC: [2] include_once(Conf/config.php): failed to open stream: No such file or directory D:\xampp\htdocs\waijiedemo\waijie\Application\Home\Controller\UserController.class.php 第 3 行.
NOTIC: [2] include_once(): Failed opening 'Conf/config.php' for inclusion (include_path='D:\xampp\php\PEAR') D:\xampp\htdocs\waijiedemo\waijie\Application\Home\Controller\UserController.class.php 第 3 行.
SQL: SHOW COLUMNS FROM `user` [ RunTime:0.0050s ]
SQL: SELECT * FROM `user` WHERE `username` = ''  [ RunTime:0.0004s ]
NOTIC: [8] Undefined offset: 0 D:\xampp\htdocs\waijiedemo\waijie\Application\Home\Controller\UserController.class.php 第 24 行.
SQL: SELECT * FROM `user` WHERE `username` = ''  [ RunTime:0.0004s ]
NOTIC: [8] Undefined offset: 0 D:\xampp\htdocs\waijiedemo\waijie\Application\Home\Controller\UserController.class.php 第 25 行.
SQL: SELECT COUNT(*) AS tp_count FROM `user` WHERE `username` = '' LIMIT 1   [ RunTime:0.0003s ]

[ 2018-11-30T22:27:58+08:00 ] ::1 /waijiedemo/waijie/index.php/Home/user/login
INFO: [ app_init ] --START--
INFO: Run Behavior\BuildLiteBehavior [ RunTime:0.000007s ]
INFO: [ app_init ] --END-- [ RunTime:0.000632s ]
INFO: [ app_begin ] --START--
INFO: Run Behavior\ReadHtmlCacheBehavior [ RunTime:0.000912s ]
INFO: [ app_begin ] --END-- [ RunTime:0.000945s ]
NOTIC: [2] include_once(Conf/config.php): failed to open stream: No such file or directory D:\xampp\htdocs\waijiedemo\waijie\Application\Home\Controller\UserController.class.php 第 3 行.
NOTIC: [2] include_once(): Failed opening 'Conf/config.php' for inclusion (include_path='D:\xampp\php\PEAR') D:\xampp\htdocs\waijiedemo\waijie\Application\Home\Controller\UserController.class.php 第 3 行.
SQL: SHOW COLUMNS FROM `user` [ RunTime:0.0061s ]
SQL: SELECT * FROM `user` WHERE `username` = ''  [ RunTime:0.0004s ]
NOTIC: [8] Undefined offset: 0 D:\xampp\htdocs\waijiedemo\waijie\Application\Home\Controller\UserController.class.php 第 24 行.
SQL: SELECT * FROM `user` WHERE `username` = ''  [ RunTime:0.0004s ]
NOTIC: [8] Undefined offset: 0 D:\xampp\htdocs\waijiedemo\waijie\Application\Home\Controller\UserController.class.php 第 25 行.
SQL: SELECT COUNT(*) AS tp_count FROM `user` WHERE `username` = '' LIMIT 1   [ RunTime:0.0004s ]

[ 2018-11-30T22:28:13+08:00 ] ::1 /waijiedemo/waijie/index.php/Home/user/login
INFO: [ app_init ] --START--
INFO: Run Behavior\BuildLiteBehavior [ RunTime:0.000009s ]
INFO: [ app_init ] --END-- [ RunTime:0.000734s ]
INFO: [ app_begin ] --START--
INFO: Run Behavior\ReadHtmlCacheBehavior [ RunTime:0.001926s ]
INFO: [ app_begin ] --END-- [ RunTime:0.001955s ]
NOTIC: [2] include_once(Conf/config.php): failed to open stream: No such file or directory D:\xampp\htdocs\waijiedemo\waijie\Application\Home\Controller\UserController.class.php 第 3 行.
NOTIC: [2] include_once(): Failed opening 'Conf/config.php' for inclusion (include_path='D:\xampp\php\PEAR') D:\xampp\htdocs\waijiedemo\waijie\Application\Home\Controller\UserController.class.php 第 3 行.
SQL: SHOW COLUMNS FROM `user` [ RunTime:0.0056s ]
SQL: SELECT * FROM `user` WHERE `username` = ''  [ RunTime:0.0004s ]
NOTIC: [8] Undefined offset: 0 D:\xampp\htdocs\waijiedemo\waijie\Application\Home\Controller\UserController.class.php 第 24 行.
SQL: SELECT * FROM `user` WHERE `username` = ''  [ RunTime:0.0004s ]
NOTIC: [8] Undefined offset: 0 D:\xampp\htdocs\waijiedemo\waijie\Application\Home\Controller\UserController.class.php 第 25 行.
SQL: SELECT COUNT(*) AS tp_count FROM `user` WHERE `username` = '' LIMIT 1   [ RunTime:0.0003s ]

[ 2018-11-30T22:32:22+08:00 ] ::1 /waijiedemo/waijie/index.php/Home/user/register
INFO: [ app_init ] --START--
INFO: Run Behavior\BuildLiteBehavior [ RunTime:0.000008s ]
INFO: [ app_init ] --END-- [ RunTime:0.000742s ]
INFO: [ app_begin ] --START--
INFO: Run Behavior\ReadHtmlCacheBehavior [ RunTime:0.001102s ]
INFO: [ app_begin ] --END-- [ RunTime:0.001131s ]
NOTIC: [2] include_once(Conf/config.php): failed to open stream: No such file or directory D:\xampp\htdocs\waijiedemo\waijie\Application\Home\Controller\UserController.class.php 第 3 行.
NOTIC: [2] include_once(): Failed opening 'Conf/config.php' for inclusion (include_path='D:\xampp\php\PEAR') D:\xampp\htdocs\waijiedemo\waijie\Application\Home\Controller\UserController.class.php 第 3 行.
SQL: SHOW COLUMNS FROM `user` [ RunTime:0.0348s ]
SQL: INSERT INTO `user` (`username`,`password`,`company`,`tel`,`email`) VALUES ('1','1','','','') [ RunTime:0.0725s ]

[ 2018-11-30T22:33:30+08:00 ] ::1 /waijiedemo/waijie/index.php/Home/user/register
INFO: [ app_init ] --START--
INFO: Run Behavior\BuildLiteBehavior [ RunTime:0.000008s ]
INFO: [ app_init ] --END-- [ RunTime:0.000663s ]
INFO: [ app_begin ] --START--
INFO: Run Behavior\ReadHtmlCacheBehavior [ RunTime:0.000929s ]
INFO: [ app_begin ] --END-- [ RunTime:0.000959s ]
NOTIC: [2] include_once(Conf/config.php): failed to open stream: No such file or directory D:\xampp\htdocs\waijiedemo\waijie\Application\Home\Controller\UserController.class.php 第 3 行.
NOTIC: [2] include_once(): Failed opening 'Conf/config.php' for inclusion (include_path='D:\xampp\php\PEAR') D:\xampp\htdocs\waijiedemo\waijie\Application\Home\Controller\UserController.class.php 第 3 行.
SQL: SHOW COLUMNS FROM `user` [ RunTime:0.0051s ]
SQL: INSERT INTO `user` (`username`,`password`,`company`,`tel`,`email`) VALUES ('1','1','','','') [ RunTime:0.0567s ]

[ 2018-11-30T22:34:58+08:00 ] ::1 /waijiedemo/waijie/index.php/Home/user/register
INFO: [ app_init ] --START--
INFO: Run Behavior\BuildLiteBehavior [ RunTime:0.000007s ]
INFO: [ app_init ] --END-- [ RunTime:0.000724s ]
INFO: [ app_begin ] --START--
INFO: Run Behavior\ReadHtmlCacheBehavior [ RunTime:0.001342s ]
INFO: [ app_begin ] --END-- [ RunTime:0.001376s ]
NOTIC: [2] include_once(Conf/config.php): failed to open stream: No such file or directory D:\xampp\htdocs\waijiedemo\waijie\Application\Home\Controller\UserController.class.php 第 3 行.
NOTIC: [2] include_once(): Failed opening 'Conf/config.php' for inclusion (include_path='D:\xampp\php\PEAR') D:\xampp\htdocs\waijiedemo\waijie\Application\Home\Controller\UserController.class.php 第 3 行.
SQL: SHOW COLUMNS FROM `user` [ RunTime:0.0048s ]
SQL: INSERT INTO `user` (`username`,`password`,`company`,`tel`,`email`) VALUES ('1','1','','','') [ RunTime:0.0792s ]

[ 2018-11-30T22:35:29+08:00 ] ::1 /waijiedemo/waijie/index.php/Home/user/register
INFO: [ app_init ] --START--
INFO: Run Behavior\BuildLiteBehavior [ RunTime:0.000008s ]
INFO: [ app_init ] --END-- [ RunTime:0.000634s ]
INFO: [ app_begin ] --START--
INFO: Run Behavior\ReadHtmlCacheBehavior [ RunTime:0.000893s ]
INFO: [ app_begin ] --END-- [ RunTime:0.000922s ]
NOTIC: [2] include_once(Conf/config.php): failed to open stream: No such file or directory D:\xampp\htdocs\waijiedemo\waijie\Application\Home\Controller\UserController.class.php 第 3 行.
NOTIC: [2] include_once(): Failed opening 'Conf/config.php' for inclusion (include_path='D:\xampp\php\PEAR') D:\xampp\htdocs\waijiedemo\waijie\Application\Home\Controller\UserController.class.php 第 3 行.
SQL: SHOW COLUMNS FROM `user` [ RunTime:0.0070s ]
SQL: INSERT INTO `user` (`username`,`password`,`company`,`tel`,`email`) VALUES ('1','1','','','') [ RunTime:0.1388s ]

[ 2018-11-30T22:40:20+08:00 ] ::1 /waijiedemo/waijie/index.php/Home/user/register
INFO: [ app_init ] --START--
INFO: Run Behavior\BuildLiteBehavior [ RunTime:0.000008s ]
INFO: [ app_init ] --END-- [ RunTime:0.000708s ]
INFO: [ app_begin ] --START--
INFO: Run Behavior\ReadHtmlCacheBehavior [ RunTime:0.001258s ]
INFO: [ app_begin ] --END-- [ RunTime:0.001291s ]
NOTIC: [2] include_once(Conf/config.php): failed to open stream: No such file or directory D:\xampp\htdocs\waijiedemo\waijie\Application\Home\Controller\UserController.class.php 第 3 行.
NOTIC: [2] include_once(): Failed opening 'Conf/config.php' for inclusion (include_path='D:\xampp\php\PEAR') D:\xampp\htdocs\waijiedemo\waijie\Application\Home\Controller\UserController.class.php 第 3 行.
SQL: SHOW COLUMNS FROM `user` [ RunTime:0.0134s ]
SQL: INSERT INTO `user` (`username`,`password`,`company`,`tel`,`email`) VALUES ('1','1','','','') [ RunTime:0.0500s ]

[ 2018-11-30T22:47:33+08:00 ] ::1 /waijiedemo/waijie/index.php/Home/user/login
INFO: [ app_init ] --START--
INFO: Run Behavior\BuildLiteBehavior [ RunTime:0.000007s ]
INFO: [ app_init ] --END-- [ RunTime:0.000705s ]
INFO: [ app_begin ] --START--
INFO: Run Behavior\ReadHtmlCacheBehavior [ RunTime:0.001105s ]
INFO: [ app_begin ] --END-- [ RunTime:0.001134s ]
NOTIC: [2] include_once(Conf/config.php): failed to open stream: No such file or directory D:\xampp\htdocs\waijiedemo\waijie\Application\Home\Controller\UserController.class.php 第 3 行.
NOTIC: [2] include_once(): Failed opening 'Conf/config.php' for inclusion (include_path='D:\xampp\php\PEAR') D:\xampp\htdocs\waijiedemo\waijie\Application\Home\Controller\UserController.class.php 第 3 行.
SQL: SHOW COLUMNS FROM `user` [ RunTime:0.0069s ]
SQL: SELECT * FROM `user` WHERE `username` = ''  [ RunTime:0.0005s ]
NOTIC: [8] Undefined offset: 0 D:\xampp\htdocs\waijiedemo\waijie\Application\Home\Controller\UserController.class.php 第 24 行.
SQL: SELECT * FROM `user` WHERE `username` = ''  [ RunTime:0.0005s ]
NOTIC: [8] Undefined offset: 0 D:\xampp\htdocs\waijiedemo\waijie\Application\Home\Controller\UserController.class.php 第 25 行.
SQL: SELECT COUNT(*) AS tp_count FROM `user` WHERE `username` = '' LIMIT 1   [ RunTime:0.0004s ]

[ 2018-11-30T22:47:39+08:00 ] ::1 /waijiedemo/waijie/index.php/Home/user/login
INFO: [ app_init ] --START--
INFO: Run Behavior\BuildLiteBehavior [ RunTime:0.000008s ]
INFO: [ app_init ] --END-- [ RunTime:0.000639s ]
INFO: [ app_begin ] --START--
INFO: Run Behavior\ReadHtmlCacheBehavior [ RunTime:0.000901s ]
INFO: [ app_begin ] --END-- [ RunTime:0.000929s ]
NOTIC: [2] include_once(Conf/config.php): failed to open stream: No such file or directory D:\xampp\htdocs\waijiedemo\waijie\Application\Home\Controller\UserController.class.php 第 3 行.
NOTIC: [2] include_once(): Failed opening 'Conf/config.php' for inclusion (include_path='D:\xampp\php\PEAR') D:\xampp\htdocs\waijiedemo\waijie\Application\Home\Controller\UserController.class.php 第 3 行.
SQL: SHOW COLUMNS FROM `user` [ RunTime:0.0062s ]
SQL: SELECT * FROM `user` WHERE `username` = ''  [ RunTime:0.0004s ]
NOTIC: [8] Undefined offset: 0 D:\xampp\htdocs\waijiedemo\waijie\Application\Home\Controller\UserController.class.php 第 24 行.
SQL: SELECT * FROM `user` WHERE `username` = ''  [ RunTime:0.0004s ]
NOTIC: [8] Undefined offset: 0 D:\xampp\htdocs\waijiedemo\waijie\Application\Home\Controller\UserController.class.php 第 25 行.
SQL: SELECT COUNT(*) AS tp_count FROM `user` WHERE `username` = '' LIMIT 1   [ RunTime:0.0004s ]

[ 2018-11-30T22:47:42+08:00 ] ::1 /waijiedemo/waijie/index.php/Home/user/login
INFO: [ app_init ] --START--
INFO: Run Behavior\BuildLiteBehavior [ RunTime:0.000011s ]
INFO: [ app_init ] --END-- [ RunTime:0.000634s ]
INFO: [ app_begin ] --START--
INFO: Run Behavior\ReadHtmlCacheBehavior [ RunTime:0.001019s ]
INFO: [ app_begin ] --END-- [ RunTime:0.001054s ]
NOTIC: [2] include_once(Conf/config.php): failed to open stream: No such file or directory D:\xampp\htdocs\waijiedemo\waijie\Application\Home\Controller\UserController.class.php 第 3 行.
NOTIC: [2] include_once(): Failed opening 'Conf/config.php' for inclusion (include_path='D:\xampp\php\PEAR') D:\xampp\htdocs\waijiedemo\waijie\Application\Home\Controller\UserController.class.php 第 3 行.
SQL: SHOW COLUMNS FROM `user` [ RunTime:0.0061s ]
SQL: SELECT * FROM `user` WHERE `username` = ''  [ RunTime:0.0004s ]
NOTIC: [8] Undefined offset: 0 D:\xampp\htdocs\waijiedemo\waijie\Application\Home\Controller\UserController.class.php 第 24 行.
SQL: SELECT * FROM `user` WHERE `username` = ''  [ RunTime:0.0004s ]
NOTIC: [8] Undefined offset: 0 D:\xampp\htdocs\waijiedemo\waijie\Application\Home\Controller\UserController.class.php 第 25 行.
SQL: SELECT COUNT(*) AS tp_count FROM `user` WHERE `username` = '' LIMIT 1   [ RunTime:0.0003s ]

[ 2018-11-30T22:49:26+08:00 ] ::1 /waijiedemo/waijie/index.php/Home/user/login
INFO: [ app_init ] --START--
INFO: Run Behavior\BuildLiteBehavior [ RunTime:0.000015s ]
INFO: [ app_init ] --END-- [ RunTime:0.000900s ]
INFO: [ app_begin ] --START--
INFO: Run Behavior\ReadHtmlCacheBehavior [ RunTime:0.001442s ]
INFO: [ app_begin ] --END-- [ RunTime:0.001508s ]
NOTIC: [2] include_once(Conf/config.php): failed to open stream: No such file or directory D:\xampp\htdocs\waijiedemo\waijie\Application\Home\Controller\UserController.class.php 第 3 行.
NOTIC: [2] include_once(): Failed opening 'Conf/config.php' for inclusion (include_path='D:\xampp\php\PEAR') D:\xampp\htdocs\waijiedemo\waijie\Application\Home\Controller\UserController.class.php 第 3 行.
SQL: SHOW COLUMNS FROM `user` [ RunTime:0.0063s ]
SQL: SELECT * FROM `user` WHERE `username` = ''  [ RunTime:0.0004s ]
NOTIC: [8] Undefined offset: 0 D:\xampp\htdocs\waijiedemo\waijie\Application\Home\Controller\UserController.class.php 第 24 行.
SQL: SELECT * FROM `user` WHERE `username` = ''  [ RunTime:0.0004s ]
NOTIC: [8] Undefined offset: 0 D:\xampp\htdocs\waijiedemo\waijie\Application\Home\Controller\UserController.class.php 第 25 行.
SQL: SELECT COUNT(*) AS tp_count FROM `user` WHERE `username` = '' LIMIT 1   [ RunTime:0.0004s ]

[ 2018-11-30T22:49:28+08:00 ] ::1 /waijiedemo/waijie/index.php/Home/user/login
INFO: [ app_init ] --START--
INFO: Run Behavior\BuildLiteBehavior [ RunTime:0.000015s ]
INFO: [ app_init ] --END-- [ RunTime:0.000774s ]
INFO: [ app_begin ] --START--
INFO: Run Behavior\ReadHtmlCacheBehavior [ RunTime:0.000915s ]
INFO: [ app_begin ] --END-- [ RunTime:0.000948s ]
NOTIC: [2] include_once(Conf/config.php): failed to open stream: No such file or directory D:\xampp\htdocs\waijiedemo\waijie\Application\Home\Controller\UserController.class.php 第 3 行.
NOTIC: [2] include_once(): Failed opening 'Conf/config.php' for inclusion (include_path='D:\xampp\php\PEAR') D:\xampp\htdocs\waijiedemo\waijie\Application\Home\Controller\UserController.class.php 第 3 行.
SQL: SHOW COLUMNS FROM `user` [ RunTime:0.0383s ]
SQL: SELECT * FROM `user` WHERE `username` = ''  [ RunTime:0.0005s ]
NOTIC: [8] Undefined offset: 0 D:\xampp\htdocs\waijiedemo\waijie\Application\Home\Controller\UserController.class.php 第 24 行.
SQL: SELECT * FROM `user` WHERE `username` = ''  [ RunTime:0.0006s ]
NOTIC: [8] Undefined offset: 0 D:\xampp\htdocs\waijiedemo\waijie\Application\Home\Controller\UserController.class.php 第 25 行.
SQL: SELECT COUNT(*) AS tp_count FROM `user` WHERE `username` = '' LIMIT 1   [ RunTime:0.0005s ]

[ 2018-11-30T22:49:32+08:00 ] ::1 /waijiedemo/waijie/index.php/Home/user/login
INFO: [ app_init ] --START--
INFO: Run Behavior\BuildLiteBehavior [ RunTime:0.000008s ]
INFO: [ app_init ] --END-- [ RunTime:0.000698s ]
INFO: [ app_begin ] --START--
INFO: Run Behavior\ReadHtmlCacheBehavior [ RunTime:0.000962s ]
INFO: [ app_begin ] --END-- [ RunTime:0.000991s ]
NOTIC: [2] include_once(Conf/config.php): failed to open stream: No such file or directory D:\xampp\htdocs\waijiedemo\waijie\Application\Home\Controller\UserController.class.php 第 3 行.
NOTIC: [2] include_once(): Failed opening 'Conf/config.php' for inclusion (include_path='D:\xampp\php\PEAR') D:\xampp\htdocs\waijiedemo\waijie\Application\Home\Controller\UserController.class.php 第 3 行.
SQL: SHOW COLUMNS FROM `user` [ RunTime:0.0062s ]
SQL: SELECT * FROM `user` WHERE `username` = ''  [ RunTime:0.0004s ]
NOTIC: [8] Undefined offset: 0 D:\xampp\htdocs\waijiedemo\waijie\Application\Home\Controller\UserController.class.php 第 24 行.
SQL: SELECT * FROM `user` WHERE `username` = ''  [ RunTime:0.0004s ]
NOTIC: [8] Undefined offset: 0 D:\xampp\htdocs\waijiedemo\waijie\Application\Home\Controller\UserController.class.php 第 25 行.
SQL: SELECT COUNT(*) AS tp_count FROM `user` WHERE `username` = '' LIMIT 1   [ RunTime:0.0003s ]

[ 2018-11-30T22:49:37+08:00 ] ::1 /waijiedemo/waijie/index.php/Home/user/login
INFO: [ app_init ] --START--
INFO: Run Behavior\BuildLiteBehavior [ RunTime:0.000008s ]
INFO: [ app_init ] --END-- [ RunTime:0.000707s ]
INFO: [ app_begin ] --START--
INFO: Run Behavior\ReadHtmlCacheBehavior [ RunTime:0.001123s ]
INFO: [ app_begin ] --END-- [ RunTime:0.001156s ]
NOTIC: [2] include_once(Conf/config.php): failed to open stream: No such file or directory D:\xampp\htdocs\waijiedemo\waijie\Application\Home\Controller\UserController.class.php 第 3 行.
NOTIC: [2] include_once(): Failed opening 'Conf/config.php' for inclusion (include_path='D:\xampp\php\PEAR') D:\xampp\htdocs\waijiedemo\waijie\Application\Home\Controller\UserController.class.php 第 3 行.
SQL: SHOW COLUMNS FROM `user` [ RunTime:0.0062s ]
SQL: SELECT * FROM `user` WHERE `username` = ''  [ RunTime:0.0004s ]
NOTIC: [8] Undefined offset: 0 D:\xampp\htdocs\waijiedemo\waijie\Application\Home\Controller\UserController.class.php 第 24 行.
SQL: SELECT * FROM `user` WHERE `username` = ''  [ RunTime:0.0004s ]
NOTIC: [8] Undefined offset: 0 D:\xampp\htdocs\waijiedemo\waijie\Application\Home\Controller\UserController.class.php 第 25 行.
SQL: SELECT COUNT(*) AS tp_count FROM `user` WHERE `username` = '' LIMIT 1   [ RunTime:0.0003s ]

[ 2018-11-30T22:49:37+08:00 ] ::1 /waijiedemo/waijie/index.php/Home/user/login
INFO: [ app_init ] --START--
INFO: Run Behavior\BuildLiteBehavior [ RunTime:0.000008s ]
INFO: [ app_init ] --END-- [ RunTime:0.000625s ]
INFO: [ app_begin ] --START--
INFO: Run Behavior\ReadHtmlCacheBehavior [ RunTime:0.001007s ]
INFO: [ app_begin ] --END-- [ RunTime:0.001045s ]
NOTIC: [2] include_once(Conf/config.php): failed to open stream: No such file or directory D:\xampp\htdocs\waijiedemo\waijie\Application\Home\Controller\UserController.class.php 第 3 行.
NOTIC: [2] include_once(): Failed opening 'Conf/config.php' for inclusion (include_path='D:\xampp\php\PEAR') D:\xampp\htdocs\waijiedemo\waijie\Application\Home\Controller\UserController.class.php 第 3 行.
SQL: SHOW COLUMNS FROM `user` [ RunTime:0.0079s ]
SQL: SELECT * FROM `user` WHERE `username` = ''  [ RunTime:0.0004s ]
NOTIC: [8] Undefined offset: 0 D:\xampp\htdocs\waijiedemo\waijie\Application\Home\Controller\UserController.class.php 第 24 行.
SQL: SELECT * FROM `user` WHERE `username` = ''  [ RunTime:0.0004s ]
NOTIC: [8] Undefined offset: 0 D:\xampp\htdocs\waijiedemo\waijie\Application\Home\Controller\UserController.class.php 第 25 行.
SQL: SELECT COUNT(*) AS tp_count FROM `user` WHERE `username` = '' LIMIT 1   [ RunTime:0.0003s ]

[ 2018-11-30T22:49:38+08:00 ] ::1 /waijiedemo/waijie/index.php/Home/user/login
INFO: [ app_init ] --START--
INFO: Run Behavior\BuildLiteBehavior [ RunTime:0.000007s ]
INFO: [ app_init ] --END-- [ RunTime:0.000656s ]
INFO: [ app_begin ] --START--
INFO: Run Behavior\ReadHtmlCacheBehavior [ RunTime:0.000945s ]
INFO: [ app_begin ] --END-- [ RunTime:0.000974s ]
NOTIC: [2] include_once(Conf/config.php): failed to open stream: No such file or directory D:\xampp\htdocs\waijiedemo\waijie\Application\Home\Controller\UserController.class.php 第 3 行.
NOTIC: [2] include_once(): Failed opening 'Conf/config.php' for inclusion (include_path='D:\xampp\php\PEAR') D:\xampp\htdocs\waijiedemo\waijie\Application\Home\Controller\UserController.class.php 第 3 行.
SQL: SHOW COLUMNS FROM `user` [ RunTime:0.0063s ]
SQL: SELECT * FROM `user` WHERE `username` = ''  [ RunTime:0.0004s ]
NOTIC: [8] Undefined offset: 0 D:\xampp\htdocs\waijiedemo\waijie\Application\Home\Controller\UserController.class.php 第 24 行.
SQL: SELECT * FROM `user` WHERE `username` = ''  [ RunTime:0.0004s ]
NOTIC: [8] Undefined offset: 0 D:\xampp\htdocs\waijiedemo\waijie\Application\Home\Controller\UserController.class.php 第 25 行.
SQL: SELECT COUNT(*) AS tp_count FROM `user` WHERE `username` = '' LIMIT 1   [ RunTime:0.0004s ]

[ 2018-11-30T22:49:38+08:00 ] ::1 /waijiedemo/waijie/index.php/Home/user/login
INFO: [ app_init ] --START--
INFO: Run Behavior\BuildLiteBehavior [ RunTime:0.000008s ]
INFO: [ app_init ] --END-- [ RunTime:0.000678s ]
INFO: [ app_begin ] --START--
INFO: Run Behavior\ReadHtmlCacheBehavior [ RunTime:0.001009s ]
INFO: [ app_begin ] --END-- [ RunTime:0.001046s ]
NOTIC: [2] include_once(Conf/config.php): failed to open stream: No such file or directory D:\xampp\htdocs\waijiedemo\waijie\Application\Home\Controller\UserController.class.php 第 3 行.
NOTIC: [2] include_once(): Failed opening 'Conf/config.php' for inclusion (include_path='D:\xampp\php\PEAR') D:\xampp\htdocs\waijiedemo\waijie\Application\Home\Controller\UserController.class.php 第 3 行.
SQL: SHOW COLUMNS FROM `user` [ RunTime:0.0062s ]
SQL: SELECT * FROM `user` WHERE `username` = ''  [ RunTime:0.0005s ]
NOTIC: [8] Undefined offset: 0 D:\xampp\htdocs\waijiedemo\waijie\Application\Home\Controller\UserController.class.php 第 24 行.
SQL: SELECT * FROM `user` WHERE `username` = ''  [ RunTime:0.0004s ]
NOTIC: [8] Undefined offset: 0 D:\xampp\htdocs\waijiedemo\waijie\Application\Home\Controller\UserController.class.php 第 25 行.
SQL: SELECT COUNT(*) AS tp_count FROM `user` WHERE `username` = '' LIMIT 1   [ RunTime:0.0004s ]

[ 2018-11-30T22:49:43+08:00 ] ::1 /waijiedemo/waijie/index.php/Home/user/login
INFO: [ app_init ] --START--
INFO: Run Behavior\BuildLiteBehavior [ RunTime:0.000009s ]
INFO: [ app_init ] --END-- [ RunTime:0.000651s ]
INFO: [ app_begin ] --START--
INFO: Run Behavior\ReadHtmlCacheBehavior [ RunTime:0.000925s ]
INFO: [ app_begin ] --END-- [ RunTime:0.000959s ]
NOTIC: [2] include_once(Conf/config.php): failed to open stream: No such file or directory D:\xampp\htdocs\waijiedemo\waijie\Application\Home\Controller\UserController.class.php 第 3 行.
NOTIC: [2] include_once(): Failed opening 'Conf/config.php' for inclusion (include_path='D:\xampp\php\PEAR') D:\xampp\htdocs\waijiedemo\waijie\Application\Home\Controller\UserController.class.php 第 3 行.
SQL: SHOW COLUMNS FROM `user` [ RunTime:0.0056s ]
SQL: SELECT * FROM `user` WHERE `username` = '1'  [ RunTime:0.0221s ]
SQL: SELECT * FROM `user` WHERE `username` = '1'  [ RunTime:0.0004s ]
SQL: SELECT COUNT(*) AS tp_count FROM `user` WHERE `username` = '1' LIMIT 1   [ RunTime:0.0003s ]
SQL: SELECT COUNT(*) AS tp_count FROM `user` WHERE `username` = '1' AND `password` = '1' LIMIT 1   [ RunTime:0.0004s ]
NOTIC: [2] Use of undefined constant code - assumed 'code' (this will throw an Error in a future version of PHP) D:\xampp\htdocs\waijiedemo\waijie\Application\Home\Controller\UserController.class.php 第 42 行.
NOTIC: [2] Use of undefined constant msg - assumed 'msg' (this will throw an Error in a future version of PHP) D:\xampp\htdocs\waijiedemo\waijie\Application\Home\Controller\UserController.class.php 第 43 行.
NOTIC: [2] Use of undefined constant uid - assumed 'uid' (this will throw an Error in a future version of PHP) D:\xampp\htdocs\waijiedemo\waijie\Application\Home\Controller\UserController.class.php 第 44 行.
NOTIC: [2] Use of undefined constant uname - assumed 'uname' (this will throw an Error in a future version of PHP) D:\xampp\htdocs\waijiedemo\waijie\Application\Home\Controller\UserController.class.php 第 45 行.

[ 2018-11-30T22:50:01+08:00 ] ::1 /waijiedemo/waijie/index.php/Home/user/login
INFO: [ app_init ] --START--
INFO: Run Behavior\BuildLiteBehavior [ RunTime:0.000007s ]
INFO: [ app_init ] --END-- [ RunTime:0.000677s ]
INFO: [ app_begin ] --START--
INFO: Run Behavior\ReadHtmlCacheBehavior [ RunTime:0.000952s ]
INFO: [ app_begin ] --END-- [ RunTime:0.000983s ]
NOTIC: [2] include_once(Conf/config.php): failed to open stream: No such file or directory D:\xampp\htdocs\waijiedemo\waijie\Application\Home\Controller\UserController.class.php 第 3 行.
NOTIC: [2] include_once(): Failed opening 'Conf/config.php' for inclusion (include_path='D:\xampp\php\PEAR') D:\xampp\htdocs\waijiedemo\waijie\Application\Home\Controller\UserController.class.php 第 3 行.
SQL: SHOW COLUMNS FROM `user` [ RunTime:0.0061s ]
SQL: SELECT * FROM `user` WHERE `username` = 'admin'  [ RunTime:0.0005s ]
SQL: SELECT * FROM `user` WHERE `username` = 'admin'  [ RunTime:0.0004s ]
SQL: SELECT COUNT(*) AS tp_count FROM `user` WHERE `username` = 'admin' LIMIT 1   [ RunTime:0.0003s ]
SQL: SELECT COUNT(*) AS tp_count FROM `user` WHERE `username` = 'admin' AND `password` = 'admin' LIMIT 1   [ RunTime:0.0004s ]
NOTIC: [2] Use of undefined constant code - assumed 'code' (this will throw an Error in a future version of PHP) D:\xampp\htdocs\waijiedemo\waijie\Application\Home\Controller\UserController.class.php 第 42 行.
NOTIC: [2] Use of undefined constant msg - assumed 'msg' (this will throw an Error in a future version of PHP) D:\xampp\htdocs\waijiedemo\waijie\Application\Home\Controller\UserController.class.php 第 43 行.
NOTIC: [2] Use of undefined constant uid - assumed 'uid' (this will throw an Error in a future version of PHP) D:\xampp\htdocs\waijiedemo\waijie\Application\Home\Controller\UserController.class.php 第 44 行.
NOTIC: [2] Use of undefined constant uname - assumed 'uname' (this will throw an Error in a future version of PHP) D:\xampp\htdocs\waijiedemo\waijie\Application\Home\Controller\UserController.class.php 第 45 行.

[ 2018-11-30T22:50:01+08:00 ] ::1 /waijiedemo/waijie/index.php/Home/user/index
INFO: [ app_init ] --START--
INFO: Run Behavior\BuildLiteBehavior [ RunTime:0.000007s ]
INFO: [ app_init ] --END-- [ RunTime:0.000613s ]
INFO: [ app_begin ] --START--
INFO: Run Behavior\ReadHtmlCacheBehavior [ RunTime:0.001072s ]
INFO: [ app_begin ] --END-- [ RunTime:0.001107s ]
NOTIC: [2] include_once(Conf/config.php): failed to open stream: No such file or directory D:\xampp\htdocs\waijiedemo\waijie\Application\Home\Controller\UserController.class.php 第 3 行.
NOTIC: [2] include_once(): Failed opening 'Conf/config.php' for inclusion (include_path='D:\xampp\php\PEAR') D:\xampp\htdocs\waijiedemo\waijie\Application\Home\Controller\UserController.class.php 第 3 行.
SQL: SHOW COLUMNS FROM `user` [ RunTime:0.0051s ]
SQL: SELECT * FROM `user`  [ RunTime:0.0004s ]

[ 2018-11-30T22:50:45+08:00 ] ::1 /waijiedemo/waijie/index.php/Home/user/login
INFO: [ app_init ] --START--
INFO: Run Behavior\BuildLiteBehavior [ RunTime:0.000009s ]
INFO: [ app_init ] --END-- [ RunTime:0.000829s ]
INFO: [ app_begin ] --START--
INFO: Run Behavior\ReadHtmlCacheBehavior [ RunTime:0.000987s ]
INFO: [ app_begin ] --END-- [ RunTime:0.001020s ]
NOTIC: [2] include_once(Conf/config.php): failed to open stream: No such file or directory D:\xampp\htdocs\waijiedemo\waijie\Application\Home\Controller\UserController.class.php 第 3 行.
NOTIC: [2] include_once(): Failed opening 'Conf/config.php' for inclusion (include_path='D:\xampp\php\PEAR') D:\xampp\htdocs\waijiedemo\waijie\Application\Home\Controller\UserController.class.php 第 3 行.
SQL: SHOW COLUMNS FROM `user` [ RunTime:0.0064s ]
SQL: SELECT * FROM `user` WHERE `username` = '1'  [ RunTime:0.0005s ]
SQL: SELECT * FROM `user` WHERE `username` = '1'  [ RunTime:0.0004s ]
SQL: SELECT COUNT(*) AS tp_count FROM `user` WHERE `username` = '1' LIMIT 1   [ RunTime:0.0004s ]
SQL: SELECT COUNT(*) AS tp_count FROM `user` WHERE `username` = '1' AND `password` = '2' LIMIT 1   [ RunTime:0.0004s ]
NOTIC: [2] Use of undefined constant code - assumed 'code' (this will throw an Error in a future version of PHP) D:\xampp\htdocs\waijiedemo\waijie\Application\Home\Controller\UserController.class.php 第 42 行.
NOTIC: [2] Use of undefined constant msg - assumed 'msg' (this will throw an Error in a future version of PHP) D:\xampp\htdocs\waijiedemo\waijie\Application\Home\Controller\UserController.class.php 第 43 行.
NOTIC: [2] Use of undefined constant uid - assumed 'uid' (this will throw an Error in a future version of PHP) D:\xampp\htdocs\waijiedemo\waijie\Application\Home\Controller\UserController.class.php 第 44 行.
NOTIC: [2] Use of undefined constant uname - assumed 'uname' (this will throw an Error in a future version of PHP) D:\xampp\htdocs\waijiedemo\waijie\Application\Home\Controller\UserController.class.php 第 45 行.

[ 2018-11-30T22:50:54+08:00 ] ::1 /waijiedemo/waijie/index.php/Home/user/login
INFO: [ app_init ] --START--
INFO: Run Behavior\BuildLiteBehavior [ RunTime:0.000008s ]
INFO: [ app_init ] --END-- [ RunTime:0.000651s ]
INFO: [ app_begin ] --START--
INFO: Run Behavior\ReadHtmlCacheBehavior [ RunTime:0.000914s ]
INFO: [ app_begin ] --END-- [ RunTime:0.000948s ]
NOTIC: [2] include_once(Conf/config.php): failed to open stream: No such file or directory D:\xampp\htdocs\waijiedemo\waijie\Application\Home\Controller\UserController.class.php 第 3 行.
NOTIC: [2] include_once(): Failed opening 'Conf/config.php' for inclusion (include_path='D:\xampp\php\PEAR') D:\xampp\htdocs\waijiedemo\waijie\Application\Home\Controller\UserController.class.php 第 3 行.
SQL: SHOW COLUMNS FROM `user` [ RunTime:0.0203s ]
SQL: SELECT * FROM `user` WHERE `username` = '1'  [ RunTime:0.0005s ]
SQL: SELECT * FROM `user` WHERE `username` = '1'  [ RunTime:0.0005s ]
SQL: SELECT COUNT(*) AS tp_count FROM `user` WHERE `username` = '1' LIMIT 1   [ RunTime:0.0004s ]
SQL: SELECT COUNT(*) AS tp_count FROM `user` WHERE `username` = '1' AND `password` = '9' LIMIT 1   [ RunTime:0.0004s ]

[ 2018-11-30T22:51:17+08:00 ] ::1 /waijiedemo/waijie/index.php/Home/user/login
INFO: [ app_init ] --START--
INFO: Run Behavior\BuildLiteBehavior [ RunTime:0.000008s ]
INFO: [ app_init ] --END-- [ RunTime:0.000697s ]
INFO: [ app_begin ] --START--
INFO: Run Behavior\ReadHtmlCacheBehavior [ RunTime:0.000911s ]
INFO: [ app_begin ] --END-- [ RunTime:0.000939s ]
NOTIC: [2] include_once(Conf/config.php): failed to open stream: No such file or directory D:\xampp\htdocs\waijiedemo\waijie\Application\Home\Controller\UserController.class.php 第 3 行.
NOTIC: [2] include_once(): Failed opening 'Conf/config.php' for inclusion (include_path='D:\xampp\php\PEAR') D:\xampp\htdocs\waijiedemo\waijie\Application\Home\Controller\UserController.class.php 第 3 行.
SQL: SHOW COLUMNS FROM `user` [ RunTime:0.0061s ]
SQL: SELECT * FROM `user` WHERE `username` = '1'  [ RunTime:0.0005s ]
SQL: SELECT * FROM `user` WHERE `username` = '1'  [ RunTime:0.0004s ]
SQL: SELECT COUNT(*) AS tp_count FROM `user` WHERE `username` = '1' LIMIT 1   [ RunTime:0.0004s ]
SQL: SELECT COUNT(*) AS tp_count FROM `user` WHERE `username` = '1' AND `password` = '9' LIMIT 1   [ RunTime:0.0003s ]

[ 2018-11-30T22:51:24+08:00 ] ::1 /waijiedemo/waijie/index.php/Home/user/login
INFO: [ app_init ] --START--
INFO: Run Behavior\BuildLiteBehavior [ RunTime:0.000008s ]
INFO: [ app_init ] --END-- [ RunTime:0.000662s ]
INFO: [ app_begin ] --START--
INFO: Run Behavior\ReadHtmlCacheBehavior [ RunTime:0.000930s ]
INFO: [ app_begin ] --END-- [ RunTime:0.000961s ]
NOTIC: [2] include_once(Conf/config.php): failed to open stream: No such file or directory D:\xampp\htdocs\waijiedemo\waijie\Application\Home\Controller\UserController.class.php 第 3 行.
NOTIC: [2] include_once(): Failed opening 'Conf/config.php' for inclusion (include_path='D:\xampp\php\PEAR') D:\xampp\htdocs\waijiedemo\waijie\Application\Home\Controller\UserController.class.php 第 3 行.
SQL: SHOW COLUMNS FROM `user` [ RunTime:0.0048s ]
SQL: SELECT * FROM `user` WHERE `username` = '1'  [ RunTime:0.0005s ]
SQL: SELECT * FROM `user` WHERE `username` = '1'  [ RunTime:0.0004s ]
SQL: SELECT COUNT(*) AS tp_count FROM `user` WHERE `username` = '1' LIMIT 1   [ RunTime:0.0004s ]
SQL: SELECT COUNT(*) AS tp_count FROM `user` WHERE `username` = '1' AND `password` = '9' LIMIT 1   [ RunTime:0.0004s ]

[ 2018-11-30T22:53:06+08:00 ] ::1 /waijiedemo/waijie/index.php/Home/user/login
INFO: [ app_init ] --START--
INFO: Run Behavior\BuildLiteBehavior [ RunTime:0.000011s ]
INFO: [ app_init ] --END-- [ RunTime:0.000867s ]
INFO: [ app_begin ] --START--
INFO: Run Behavior\ReadHtmlCacheBehavior [ RunTime:0.001347s ]
INFO: [ app_begin ] --END-- [ RunTime:0.001387s ]
NOTIC: [2] include_once(Conf/config.php): failed to open stream: No such file or directory D:\xampp\htdocs\waijiedemo\waijie\Application\Home\Controller\UserController.class.php 第 3 行.
NOTIC: [2] include_once(): Failed opening 'Conf/config.php' for inclusion (include_path='D:\xampp\php\PEAR') D:\xampp\htdocs\waijiedemo\waijie\Application\Home\Controller\UserController.class.php 第 3 行.
SQL: SHOW COLUMNS FROM `user` [ RunTime:0.0056s ]
SQL: SELECT * FROM `user` WHERE `username` = ''  [ RunTime:0.0013s ]
NOTIC: [8] Undefined offset: 0 D:\xampp\htdocs\waijiedemo\waijie\Application\Home\Controller\UserController.class.php 第 24 行.
SQL: SELECT * FROM `user` WHERE `username` = ''  [ RunTime:0.0004s ]
NOTIC: [8] Undefined offset: 0 D:\xampp\htdocs\waijiedemo\waijie\Application\Home\Controller\UserController.class.php 第 25 行.
SQL: SELECT COUNT(*) AS tp_count FROM `user` WHERE `username` = '' LIMIT 1   [ RunTime:0.0010s ]

[ 2018-11-30T22:53:11+08:00 ] ::1 /waijiedemo/waijie/index.php/Home/user/login
INFO: [ app_init ] --START--
INFO: Run Behavior\BuildLiteBehavior [ RunTime:0.000008s ]
INFO: [ app_init ] --END-- [ RunTime:0.000670s ]
INFO: [ app_begin ] --START--
INFO: Run Behavior\ReadHtmlCacheBehavior [ RunTime:0.000895s ]
INFO: [ app_begin ] --END-- [ RunTime:0.000942s ]
NOTIC: [2] include_once(Conf/config.php): failed to open stream: No such file or directory D:\xampp\htdocs\waijiedemo\waijie\Application\Home\Controller\UserController.class.php 第 3 行.
NOTIC: [2] include_once(): Failed opening 'Conf/config.php' for inclusion (include_path='D:\xampp\php\PEAR') D:\xampp\htdocs\waijiedemo\waijie\Application\Home\Controller\UserController.class.php 第 3 行.
SQL: SHOW COLUMNS FROM `user` [ RunTime:0.0053s ]
SQL: SELECT * FROM `user` WHERE `username` = ''  [ RunTime:0.0004s ]
NOTIC: [8] Undefined offset: 0 D:\xampp\htdocs\waijiedemo\waijie\Application\Home\Controller\UserController.class.php 第 24 行.
SQL: SELECT * FROM `user` WHERE `username` = ''  [ RunTime:0.0004s ]
NOTIC: [8] Undefined offset: 0 D:\xampp\htdocs\waijiedemo\waijie\Application\Home\Controller\UserController.class.php 第 25 行.
SQL: SELECT COUNT(*) AS tp_count FROM `user` WHERE `username` = '' LIMIT 1   [ RunTime:0.0004s ]

[ 2018-11-30T22:53:15+08:00 ] ::1 /waijiedemo/waijie/index.php/Home/user/login
INFO: [ app_init ] --START--
INFO: Run Behavior\BuildLiteBehavior [ RunTime:0.000010s ]
INFO: [ app_init ] --END-- [ RunTime:0.000805s ]
INFO: [ app_begin ] --START--
INFO: Run Behavior\ReadHtmlCacheBehavior [ RunTime:0.000911s ]
INFO: [ app_begin ] --END-- [ RunTime:0.000941s ]
NOTIC: [2] include_once(Conf/config.php): failed to open stream: No such file or directory D:\xampp\htdocs\waijiedemo\waijie\Application\Home\Controller\UserController.class.php 第 3 行.
NOTIC: [2] include_once(): Failed opening 'Conf/config.php' for inclusion (include_path='D:\xampp\php\PEAR') D:\xampp\htdocs\waijiedemo\waijie\Application\Home\Controller\UserController.class.php 第 3 行.
SQL: SHOW COLUMNS FROM `user` [ RunTime:0.0063s ]
SQL: SELECT * FROM `user` WHERE `username` = ''  [ RunTime:0.0006s ]
NOTIC: [8] Undefined offset: 0 D:\xampp\htdocs\waijiedemo\waijie\Application\Home\Controller\UserController.class.php 第 24 行.
SQL: SELECT * FROM `user` WHERE `username` = ''  [ RunTime:0.0005s ]
NOTIC: [8] Undefined offset: 0 D:\xampp\htdocs\waijiedemo\waijie\Application\Home\Controller\UserController.class.php 第 25 行.
SQL: SELECT COUNT(*) AS tp_count FROM `user` WHERE `username` = '' LIMIT 1   [ RunTime:0.0004s ]

[ 2018-11-30T22:53:20+08:00 ] ::1 /waijiedemo/waijie/index.php/Home/user/login
INFO: [ app_init ] --START--
INFO: Run Behavior\BuildLiteBehavior [ RunTime:0.000008s ]
INFO: [ app_init ] --END-- [ RunTime:0.000632s ]
INFO: [ app_begin ] --START--
INFO: Run Behavior\ReadHtmlCacheBehavior [ RunTime:0.000904s ]
INFO: [ app_begin ] --END-- [ RunTime:0.000941s ]
NOTIC: [2] include_once(Conf/config.php): failed to open stream: No such file or directory D:\xampp\htdocs\waijiedemo\waijie\Application\Home\Controller\UserController.class.php 第 3 行.
NOTIC: [2] include_once(): Failed opening 'Conf/config.php' for inclusion (include_path='D:\xampp\php\PEAR') D:\xampp\htdocs\waijiedemo\waijie\Application\Home\Controller\UserController.class.php 第 3 行.
SQL: SHOW COLUMNS FROM `user` [ RunTime:0.0061s ]
SQL: SELECT * FROM `user` WHERE `username` = ''  [ RunTime:0.0004s ]
NOTIC: [8] Undefined offset: 0 D:\xampp\htdocs\waijiedemo\waijie\Application\Home\Controller\UserController.class.php 第 24 行.
SQL: SELECT * FROM `user` WHERE `username` = ''  [ RunTime:0.0004s ]
NOTIC: [8] Undefined offset: 0 D:\xampp\htdocs\waijiedemo\waijie\Application\Home\Controller\UserController.class.php 第 25 行.
SQL: SELECT COUNT(*) AS tp_count FROM `user` WHERE `username` = '' LIMIT 1   [ RunTime:0.0003s ]

[ 2018-11-30T22:54:11+08:00 ] ::1 /waijiedemo/waijie/index.php/Home/user/login
INFO: [ app_init ] --START--
INFO: Run Behavior\BuildLiteBehavior [ RunTime:0.000007s ]
INFO: [ app_init ] --END-- [ RunTime:0.000621s ]
INFO: [ app_begin ] --START--
INFO: Run Behavior\ReadHtmlCacheBehavior [ RunTime:0.000979s ]
INFO: [ app_begin ] --END-- [ RunTime:0.001011s ]
NOTIC: [2] include_once(Conf/config.php): failed to open stream: No such file or directory D:\xampp\htdocs\waijiedemo\waijie\Application\Home\Controller\UserController.class.php 第 3 行.
NOTIC: [2] include_once(): Failed opening 'Conf/config.php' for inclusion (include_path='D:\xampp\php\PEAR') D:\xampp\htdocs\waijiedemo\waijie\Application\Home\Controller\UserController.class.php 第 3 行.
SQL: SHOW COLUMNS FROM `user` [ RunTime:0.0072s ]
SQL: SELECT * FROM `user` WHERE `username` = '1'  [ RunTime:0.0005s ]
SQL: SELECT * FROM `user` WHERE `username` = '1'  [ RunTime:0.0004s ]
SQL: SELECT COUNT(*) AS tp_count FROM `user` WHERE `username` = '1' LIMIT 1   [ RunTime:0.0004s ]
SQL: SELECT COUNT(*) AS tp_count FROM `user` WHERE `username` = '1' AND `password` = '1' LIMIT 1   [ RunTime:0.0004s ]
NOTIC: [2] Use of undefined constant code - assumed 'code' (this will throw an Error in a future version of PHP) D:\xampp\htdocs\waijiedemo\waijie\Application\Home\Controller\UserController.class.php 第 42 行.
NOTIC: [2] Use of undefined constant msg - assumed 'msg' (this will throw an Error in a future version of PHP) D:\xampp\htdocs\waijiedemo\waijie\Application\Home\Controller\UserController.class.php 第 43 行.
NOTIC: [2] Use of undefined constant uid - assumed 'uid' (this will throw an Error in a future version of PHP) D:\xampp\htdocs\waijiedemo\waijie\Application\Home\Controller\UserController.class.php 第 44 行.
NOTIC: [2] Use of undefined constant uname - assumed 'uname' (this will throw an Error in a future version of PHP) D:\xampp\htdocs\waijiedemo\waijie\Application\Home\Controller\UserController.class.php 第 45 行.

[ 2018-11-30T22:54:17+08:00 ] ::1 /waijiedemo/waijie/index.php/Home/user/login
INFO: [ app_init ] --START--
INFO: Run Behavior\BuildLiteBehavior [ RunTime:0.000008s ]
INFO: [ app_init ] --END-- [ RunTime:0.000652s ]
INFO: [ app_begin ] --START--
INFO: Run Behavior\ReadHtmlCacheBehavior [ RunTime:0.001150s ]
INFO: [ app_begin ] --END-- [ RunTime:0.001204s ]
NOTIC: [2] include_once(Conf/config.php): failed to open stream: No such file or directory D:\xampp\htdocs\waijiedemo\waijie\Application\Home\Controller\UserController.class.php 第 3 行.
NOTIC: [2] include_once(): Failed opening 'Conf/config.php' for inclusion (include_path='D:\xampp\php\PEAR') D:\xampp\htdocs\waijiedemo\waijie\Application\Home\Controller\UserController.class.php 第 3 行.
SQL: SHOW COLUMNS FROM `user` [ RunTime:0.0063s ]
SQL: SELECT * FROM `user` WHERE `username` = '136'  [ RunTime:0.0005s ]
NOTIC: [8] Undefined offset: 0 D:\xampp\htdocs\waijiedemo\waijie\Application\Home\Controller\UserController.class.php 第 24 行.
SQL: SELECT * FROM `user` WHERE `username` = '136'  [ RunTime:0.0005s ]
NOTIC: [8] Undefined offset: 0 D:\xampp\htdocs\waijiedemo\waijie\Application\Home\Controller\UserController.class.php 第 25 行.
SQL: SELECT COUNT(*) AS tp_count FROM `user` WHERE `username` = '136' LIMIT 1   [ RunTime:0.0004s ]

[ 2018-11-30T22:55:09+08:00 ] ::1 /waijiedemo/waijie/index.php/Home/user/login
INFO: [ app_init ] --START--
INFO: Run Behavior\BuildLiteBehavior [ RunTime:0.000008s ]
INFO: [ app_init ] --END-- [ RunTime:0.000720s ]
INFO: [ app_begin ] --START--
INFO: Run Behavior\ReadHtmlCacheBehavior [ RunTime:0.001106s ]
INFO: [ app_begin ] --END-- [ RunTime:0.001136s ]
NOTIC: [2] include_once(Conf/config.php): failed to open stream: No such file or directory D:\xampp\htdocs\waijiedemo\waijie\Application\Home\Controller\UserController.class.php 第 3 行.
NOTIC: [2] include_once(): Failed opening 'Conf/config.php' for inclusion (include_path='D:\xampp\php\PEAR') D:\xampp\htdocs\waijiedemo\waijie\Application\Home\Controller\UserController.class.php 第 3 行.
SQL: SHOW COLUMNS FROM `user` [ RunTime:0.0048s ]
SQL: SELECT * FROM `user` WHERE `username` = '1'  [ RunTime:0.0005s ]
SQL: SELECT * FROM `user` WHERE `username` = '1'  [ RunTime:0.0004s ]
SQL: SELECT COUNT(*) AS tp_count FROM `user` WHERE `username` = '1' LIMIT 1   [ RunTime:0.0003s ]
SQL: SELECT COUNT(*) AS tp_count FROM `user` WHERE `username` = '1' AND `password` = '1' LIMIT 1   [ RunTime:0.0004s ]
NOTIC: [2] Use of undefined constant code - assumed 'code' (this will throw an Error in a future version of PHP) D:\xampp\htdocs\waijiedemo\waijie\Application\Home\Controller\UserController.class.php 第 42 行.
NOTIC: [2] Use of undefined constant msg - assumed 'msg' (this will throw an Error in a future version of PHP) D:\xampp\htdocs\waijiedemo\waijie\Application\Home\Controller\UserController.class.php 第 43 行.
NOTIC: [2] Use of undefined constant uid - assumed 'uid' (this will throw an Error in a future version of PHP) D:\xampp\htdocs\waijiedemo\waijie\Application\Home\Controller\UserController.class.php 第 44 行.
NOTIC: [2] Use of undefined constant uname - assumed 'uname' (this will throw an Error in a future version of PHP) D:\xampp\htdocs\waijiedemo\waijie\Application\Home\Controller\UserController.class.php 第 45 行.

[ 2018-11-30T22:55:20+08:00 ] ::1 /waijiedemo/waijie/index.php/Home/user/login
INFO: [ app_init ] --START--
INFO: Run Behavior\BuildLiteBehavior [ RunTime:0.000009s ]
INFO: [ app_init ] --END-- [ RunTime:0.000692s ]
INFO: [ app_begin ] --START--
INFO: Run Behavior\ReadHtmlCacheBehavior [ RunTime:0.000950s ]
INFO: [ app_begin ] --END-- [ RunTime:0.000980s ]
NOTIC: [2] include_once(Conf/config.php): failed to open stream: No such file or directory D:\xampp\htdocs\waijiedemo\waijie\Application\Home\Controller\UserController.class.php 第 3 行.
NOTIC: [2] include_once(): Failed opening 'Conf/config.php' for inclusion (include_path='D:\xampp\php\PEAR') D:\xampp\htdocs\waijiedemo\waijie\Application\Home\Controller\UserController.class.php 第 3 行.
SQL: SHOW COLUMNS FROM `user` [ RunTime:0.0324s ]
SQL: SELECT * FROM `user` WHERE `username` = '1963'  [ RunTime:0.0005s ]
NOTIC: [8] Undefined offset: 0 D:\xampp\htdocs\waijiedemo\waijie\Application\Home\Controller\UserController.class.php 第 24 行.
SQL: SELECT * FROM `user` WHERE `username` = '1963'  [ RunTime:0.0005s ]
NOTIC: [8] Undefined offset: 0 D:\xampp\htdocs\waijiedemo\waijie\Application\Home\Controller\UserController.class.php 第 25 行.
SQL: SELECT COUNT(*) AS tp_count FROM `user` WHERE `username` = '1963' LIMIT 1   [ RunTime:0.0004s ]

[ 2018-11-30T22:56:29+08:00 ] ::1 /waijiedemo/waijie/index.php/Home/user/login
INFO: [ app_init ] --START--
INFO: Run Behavior\BuildLiteBehavior [ RunTime:0.000008s ]
INFO: [ app_init ] --END-- [ RunTime:0.000628s ]
INFO: [ app_begin ] --START--
INFO: Run Behavior\ReadHtmlCacheBehavior [ RunTime:0.001448s ]
INFO: [ app_begin ] --END-- [ RunTime:0.001523s ]
NOTIC: [2] include_once(Conf/config.php): failed to open stream: No such file or directory D:\xampp\htdocs\waijiedemo\waijie\Application\Home\Controller\UserController.class.php 第 3 行.
NOTIC: [2] include_once(): Failed opening 'Conf/config.php' for inclusion (include_path='D:\xampp\php\PEAR') D:\xampp\htdocs\waijiedemo\waijie\Application\Home\Controller\UserController.class.php 第 3 行.
SQL: SHOW COLUMNS FROM `user` [ RunTime:0.0051s ]
SQL: SELECT * FROM `user` WHERE `username` = '1'  [ RunTime:0.0005s ]
SQL: SELECT * FROM `user` WHERE `username` = '1'  [ RunTime:0.0004s ]
SQL: SELECT COUNT(*) AS tp_count FROM `user` WHERE `username` = '1' LIMIT 1   [ RunTime:0.0003s ]
SQL: SELECT COUNT(*) AS tp_count FROM `user` WHERE `username` = '1' AND `password` = '1' LIMIT 1   [ RunTime:0.0003s ]
NOTIC: [2] Use of undefined constant code - assumed 'code' (this will throw an Error in a future version of PHP) D:\xampp\htdocs\waijiedemo\waijie\Application\Home\Controller\UserController.class.php 第 42 行.
NOTIC: [2] Use of undefined constant msg - assumed 'msg' (this will throw an Error in a future version of PHP) D:\xampp\htdocs\waijiedemo\waijie\Application\Home\Controller\UserController.class.php 第 43 行.
NOTIC: [2] Use of undefined constant uid - assumed 'uid' (this will throw an Error in a future version of PHP) D:\xampp\htdocs\waijiedemo\waijie\Application\Home\Controller\UserController.class.php 第 44 行.
NOTIC: [2] Use of undefined constant uname - assumed 'uname' (this will throw an Error in a future version of PHP) D:\xampp\htdocs\waijiedemo\waijie\Application\Home\Controller\UserController.class.php 第 45 行.

[ 2018-11-30T22:56:29+08:00 ] ::1 /waijiedemo/waijie/index.php/Home/user/register
INFO: [ app_init ] --START--
INFO: Run Behavior\BuildLiteBehavior [ RunTime:0.000020s ]
INFO: [ app_init ] --END-- [ RunTime:0.000695s ]
INFO: [ app_begin ] --START--
INFO: Run Behavior\ReadHtmlCacheBehavior [ RunTime:0.001400s ]
INFO: [ app_begin ] --END-- [ RunTime:0.001445s ]
NOTIC: [2] include_once(Conf/config.php): failed to open stream: No such file or directory D:\xampp\htdocs\waijiedemo\waijie\Application\Home\Controller\UserController.class.php 第 3 行.
NOTIC: [2] include_once(): Failed opening 'Conf/config.php' for inclusion (include_path='D:\xampp\php\PEAR') D:\xampp\htdocs\waijiedemo\waijie\Application\Home\Controller\UserController.class.php 第 3 行.
SQL: SHOW COLUMNS FROM `user` [ RunTime:0.0066s ]
SQL: INSERT INTO `user` (`username`,`password`,`company`,`tel`,`email`) VALUES ('1','1','','','') [ RunTime:0.0813s ]

[ 2018-11-30T22:57:44+08:00 ] ::1 /waijiedemo/waijie/index.php/Home/user/login
INFO: [ app_init ] --START--
INFO: Run Behavior\BuildLiteBehavior [ RunTime:0.000007s ]
INFO: [ app_init ] --END-- [ RunTime:0.000616s ]
INFO: [ app_begin ] --START--
INFO: Run Behavior\ReadHtmlCacheBehavior [ RunTime:0.000903s ]
INFO: [ app_begin ] --END-- [ RunTime:0.000932s ]
NOTIC: [2] include_once(Conf/config.php): failed to open stream: No such file or directory D:\xampp\htdocs\waijiedemo\waijie\Application\Home\Controller\UserController.class.php 第 3 行.
NOTIC: [2] include_once(): Failed opening 'Conf/config.php' for inclusion (include_path='D:\xampp\php\PEAR') D:\xampp\htdocs\waijiedemo\waijie\Application\Home\Controller\UserController.class.php 第 3 行.
SQL: SHOW COLUMNS FROM `user` [ RunTime:0.0051s ]
SQL: SELECT * FROM `user` WHERE `username` = '1'  [ RunTime:0.0005s ]
SQL: SELECT * FROM `user` WHERE `username` = '1'  [ RunTime:0.0004s ]
SQL: SELECT COUNT(*) AS tp_count FROM `user` WHERE `username` = '1' LIMIT 1   [ RunTime:0.0004s ]
SQL: SELECT COUNT(*) AS tp_count FROM `user` WHERE `username` = '1' AND `password` = '1' LIMIT 1   [ RunTime:0.0004s ]
NOTIC: [2] Use of undefined constant code - assumed 'code' (this will throw an Error in a future version of PHP) D:\xampp\htdocs\waijiedemo\waijie\Application\Home\Controller\UserController.class.php 第 42 行.
NOTIC: [2] Use of undefined constant msg - assumed 'msg' (this will throw an Error in a future version of PHP) D:\xampp\htdocs\waijiedemo\waijie\Application\Home\Controller\UserController.class.php 第 43 行.
NOTIC: [2] Use of undefined constant uid - assumed 'uid' (this will throw an Error in a future version of PHP) D:\xampp\htdocs\waijiedemo\waijie\Application\Home\Controller\UserController.class.php 第 44 行.
NOTIC: [2] Use of undefined constant uname - assumed 'uname' (this will throw an Error in a future version of PHP) D:\xampp\htdocs\waijiedemo\waijie\Application\Home\Controller\UserController.class.php 第 45 行.

[ 2018-11-30T22:57:51+08:00 ] ::1 /waijiedemo/waijie/index.php/Home/user/login
INFO: [ app_init ] --START--
INFO: Run Behavior\BuildLiteBehavior [ RunTime:0.000008s ]
INFO: [ app_init ] --END-- [ RunTime:0.000648s ]
INFO: [ app_begin ] --START--
INFO: Run Behavior\ReadHtmlCacheBehavior [ RunTime:0.000911s ]
INFO: [ app_begin ] --END-- [ RunTime:0.000941s ]
NOTIC: [2] include_once(Conf/config.php): failed to open stream: No such file or directory D:\xampp\htdocs\waijiedemo\waijie\Application\Home\Controller\UserController.class.php 第 3 行.
NOTIC: [2] include_once(): Failed opening 'Conf/config.php' for inclusion (include_path='D:\xampp\php\PEAR') D:\xampp\htdocs\waijiedemo\waijie\Application\Home\Controller\UserController.class.php 第 3 行.
SQL: SHOW COLUMNS FROM `user` [ RunTime:0.0058s ]
SQL: SELECT * FROM `user` WHERE `username` = '1236'  [ RunTime:0.0005s ]
NOTIC: [8] Undefined offset: 0 D:\xampp\htdocs\waijiedemo\waijie\Application\Home\Controller\UserController.class.php 第 24 行.
SQL: SELECT * FROM `user` WHERE `username` = '1236'  [ RunTime:0.0005s ]
NOTIC: [8] Undefined offset: 0 D:\xampp\htdocs\waijiedemo\waijie\Application\Home\Controller\UserController.class.php 第 25 行.
SQL: SELECT COUNT(*) AS tp_count FROM `user` WHERE `username` = '1236' LIMIT 1   [ RunTime:0.0004s ]

[ 2018-11-30T22:59:12+08:00 ] ::1 /waijiedemo/waijie/index.php/Home/user/register
INFO: [ app_init ] --START--
INFO: Run Behavior\BuildLiteBehavior [ RunTime:0.000008s ]
INFO: [ app_init ] --END-- [ RunTime:0.000754s ]
INFO: [ app_begin ] --START--
INFO: Run Behavior\ReadHtmlCacheBehavior [ RunTime:0.001116s ]
INFO: [ app_begin ] --END-- [ RunTime:0.001159s ]
NOTIC: [2] include_once(Conf/config.php): failed to open stream: No such file or directory D:\xampp\htdocs\waijiedemo\waijie\Application\Home\Controller\UserController.class.php 第 3 行.
NOTIC: [2] include_once(): Failed opening 'Conf/config.php' for inclusion (include_path='D:\xampp\php\PEAR') D:\xampp\htdocs\waijiedemo\waijie\Application\Home\Controller\UserController.class.php 第 3 行.
SQL: SHOW COLUMNS FROM `user` [ RunTime:0.0202s ]
SQL: INSERT INTO `user` (`username`,`password`,`company`,`tel`,`email`) VALUES ('9','9','','','') [ RunTime:0.0508s ]

