[ 2018-11-06T19:38:27+08:00 ] ::1 /waijiedemo/waijie/index.php
INFO: [ app_init ] --START--
INFO: Run Behavior\BuildLiteBehavior [ RunTime:0.000011s ]
INFO: [ app_init ] --END-- [ RunTime:0.000727s ]
INFO: [ app_begin ] --START--
INFO: Run Behavior\ReadHtmlCacheBehavior [ RunTime:0.001941s ]
INFO: [ app_begin ] --END-- [ RunTime:0.001979s ]
INFO: [ view_parse ] --START--
INFO: [ template_filter ] --START--
INFO: Run Behavior\ContentReplaceBehavior [ RunTime:0.000020s ]
INFO: [ template_filter ] --END-- [ RunTime:0.000054s ]
INFO: Run Behavior\ParseTemplateBehavior [ RunTime:0.040437s ]
INFO: [ view_parse ] --END-- [ RunTime:0.040485s ]
INFO: [ view_filter ] --START--
INFO: Run Behavior\WriteHtmlCacheBehavior [ RunTime:0.000828s ]
INFO: [ view_filter ] --END-- [ RunTime:0.000848s ]
INFO: [ app_end ] --START--
INFO: Run Behavior\ShowPageTraceBehavior [ RunTime:0.001101s ]
INFO: [ app_end ] --END-- [ RunTime:0.001122s ]

[ 2018-11-06T19:45:05+08:00 ] ::1 /waijiedemo/waijie/index.php/Home/user/login
INFO: [ app_init ] --START--
INFO: Run Behavior\BuildLiteBehavior [ RunTime:0.000007s ]
INFO: [ app_init ] --END-- [ RunTime:0.000685s ]
INFO: [ app_begin ] --START--
INFO: Run Behavior\ReadHtmlCacheBehavior [ RunTime:0.001104s ]
INFO: [ app_begin ] --END-- [ RunTime:0.001134s ]
SQL: SHOW COLUMNS FROM `user` [ RunTime:0.0233s ]
SQL: SELECT * FROM `user`  [ RunTime:0.0004s ]
SQL: SELECT * FROM `user`  [ RunTime:0.0003s ]
NOTIC: [8] Undefined index: username D:\xampp\htdocs\waijiedemo\waijie\Application\Home\Controller\UserController.class.php 第 25 行.
SQL: SELECT COUNT(*) AS tp_count FROM `user` LIMIT 1   [ RunTime:0.0004s ]
SQL: SELECT COUNT(*) AS tp_count FROM `user` WHERE `password` = '1' LIMIT 1   [ RunTime:0.0004s ]
NOTIC: [2] Use of undefined constant code - assumed 'code' (this will throw an Error in a future version of PHP) D:\xampp\htdocs\waijiedemo\waijie\Application\Home\Controller\UserController.class.php 第 46 行.
NOTIC: [2] Use of undefined constant msg - assumed 'msg' (this will throw an Error in a future version of PHP) D:\xampp\htdocs\waijiedemo\waijie\Application\Home\Controller\UserController.class.php 第 47 行.

[ 2018-11-06T19:47:00+08:00 ] ::1 /waijiedemo/waijie/index.php/Home/user/login
INFO: [ app_init ] --START--
INFO: Run Behavior\BuildLiteBehavior [ RunTime:0.000007s ]
INFO: [ app_init ] --END-- [ RunTime:0.000705s ]
INFO: [ app_begin ] --START--
INFO: Run Behavior\ReadHtmlCacheBehavior [ RunTime:0.001170s ]
INFO: [ app_begin ] --END-- [ RunTime:0.001204s ]
SQL: SHOW COLUMNS FROM `user` [ RunTime:0.0060s ]
SQL: SELECT * FROM `user`  [ RunTime:0.0004s ]
SQL: SELECT * FROM `user`  [ RunTime:0.0003s ]
NOTIC: [8] Undefined index: username D:\xampp\htdocs\waijiedemo\waijie\Application\Home\Controller\UserController.class.php 第 25 行.
SQL: SELECT COUNT(*) AS tp_count FROM `user` LIMIT 1   [ RunTime:0.0003s ]
SQL: SELECT COUNT(*) AS tp_count FROM `user` WHERE `password` = 'w' LIMIT 1   [ RunTime:0.0003s ]
NOTIC: [2] Use of undefined constant code - assumed 'code' (this will throw an Error in a future version of PHP) D:\xampp\htdocs\waijiedemo\waijie\Application\Home\Controller\UserController.class.php 第 46 行.
NOTIC: [2] Use of undefined constant msg - assumed 'msg' (this will throw an Error in a future version of PHP) D:\xampp\htdocs\waijiedemo\waijie\Application\Home\Controller\UserController.class.php 第 47 行.

[ 2018-11-06T19:48:29+08:00 ] ::1 /waijiedemo/waijie/index.php
INFO: [ app_init ] --START--
INFO: Run Behavior\BuildLiteBehavior [ RunTime:0.000007s ]
INFO: [ app_init ] --END-- [ RunTime:0.000671s ]
INFO: [ app_begin ] --START--
INFO: Run Behavior\ReadHtmlCacheBehavior [ RunTime:0.000890s ]
INFO: [ app_begin ] --END-- [ RunTime:0.000916s ]
INFO: [ view_parse ] --START--
INFO: [ template_filter ] --START--
INFO: Run Behavior\ContentReplaceBehavior [ RunTime:0.000023s ]
INFO: [ template_filter ] --END-- [ RunTime:0.000061s ]
INFO: Run Behavior\ParseTemplateBehavior [ RunTime:0.008679s ]
INFO: [ view_parse ] --END-- [ RunTime:0.008712s ]
INFO: [ view_filter ] --START--
INFO: Run Behavior\WriteHtmlCacheBehavior [ RunTime:0.000877s ]
INFO: [ view_filter ] --END-- [ RunTime:0.000900s ]
INFO: [ app_end ] --START--
INFO: Run Behavior\ShowPageTraceBehavior [ RunTime:0.001076s ]
INFO: [ app_end ] --END-- [ RunTime:0.001107s ]

[ 2018-11-06T19:51:02+08:00 ] ::1 /waijiedemo/waijie/index.php/Home/user/login
INFO: [ app_init ] --START--
INFO: Run Behavior\BuildLiteBehavior [ RunTime:0.000013s ]
INFO: [ app_init ] --END-- [ RunTime:0.000726s ]
INFO: [ app_begin ] --START--
INFO: Run Behavior\ReadHtmlCacheBehavior [ RunTime:0.001132s ]
INFO: [ app_begin ] --END-- [ RunTime:0.001162s ]
SQL: SHOW COLUMNS FROM `user` [ RunTime:0.0062s ]
SQL: SELECT * FROM `user`  [ RunTime:0.0004s ]
SQL: SELECT * FROM `user`  [ RunTime:0.0003s ]
NOTIC: [8] Undefined index: username D:\xampp\htdocs\waijiedemo\waijie\Application\Home\Controller\UserController.class.php 第 25 行.
SQL: SELECT COUNT(*) AS tp_count FROM `user` LIMIT 1   [ RunTime:0.0003s ]
SQL: SELECT COUNT(*) AS tp_count FROM `user` WHERE `password` = '2' LIMIT 1   [ RunTime:0.0003s ]
NOTIC: [2] Use of undefined constant code - assumed 'code' (this will throw an Error in a future version of PHP) D:\xampp\htdocs\waijiedemo\waijie\Application\Home\Controller\UserController.class.php 第 46 行.
NOTIC: [2] Use of undefined constant msg - assumed 'msg' (this will throw an Error in a future version of PHP) D:\xampp\htdocs\waijiedemo\waijie\Application\Home\Controller\UserController.class.php 第 47 行.

[ 2018-11-06T19:54:30+08:00 ] ::1 /waijiedemo/waijie/index.php/Home/user/login
INFO: [ app_init ] --START--
INFO: Run Behavior\BuildLiteBehavior [ RunTime:0.000007s ]
INFO: [ app_init ] --END-- [ RunTime:0.000675s ]
INFO: [ app_begin ] --START--
INFO: Run Behavior\ReadHtmlCacheBehavior [ RunTime:0.001286s ]
INFO: [ app_begin ] --END-- [ RunTime:0.001325s ]
SQL: SHOW COLUMNS FROM `user` [ RunTime:0.0061s ]
SQL: SELECT * FROM `user`  [ RunTime:0.0004s ]
SQL: SELECT * FROM `user`  [ RunTime:0.0003s ]
NOTIC: [8] Undefined index: username D:\xampp\htdocs\waijiedemo\waijie\Application\Home\Controller\UserController.class.php 第 25 行.
SQL: SELECT COUNT(*) AS tp_count FROM `user` LIMIT 1   [ RunTime:0.0003s ]
SQL: SELECT COUNT(*) AS tp_count FROM `user` WHERE `password` = '1' LIMIT 1   [ RunTime:0.0003s ]
NOTIC: [2] Use of undefined constant code - assumed 'code' (this will throw an Error in a future version of PHP) D:\xampp\htdocs\waijiedemo\waijie\Application\Home\Controller\UserController.class.php 第 46 行.
NOTIC: [2] Use of undefined constant msg - assumed 'msg' (this will throw an Error in a future version of PHP) D:\xampp\htdocs\waijiedemo\waijie\Application\Home\Controller\UserController.class.php 第 47 行.

[ 2018-11-06T19:54:39+08:00 ] ::1 /waijiedemo/waijie/index.php
INFO: [ app_init ] --START--
INFO: Run Behavior\BuildLiteBehavior [ RunTime:0.000007s ]
INFO: [ app_init ] --END-- [ RunTime:0.000566s ]
INFO: [ app_begin ] --START--
INFO: Run Behavior\ReadHtmlCacheBehavior [ RunTime:0.001139s ]
INFO: [ app_begin ] --END-- [ RunTime:0.001188s ]
INFO: [ view_parse ] --START--
INFO: [ template_filter ] --START--
INFO: Run Behavior\ContentReplaceBehavior [ RunTime:0.000019s ]
INFO: [ template_filter ] --END-- [ RunTime:0.000045s ]
INFO: Run Behavior\ParseTemplateBehavior [ RunTime:0.006508s ]
INFO: [ view_parse ] --END-- [ RunTime:0.006538s ]
INFO: [ view_filter ] --START--
INFO: Run Behavior\WriteHtmlCacheBehavior [ RunTime:0.000859s ]
INFO: [ view_filter ] --END-- [ RunTime:0.000888s ]
INFO: [ app_end ] --START--
INFO: Run Behavior\ShowPageTraceBehavior [ RunTime:0.001088s ]
INFO: [ app_end ] --END-- [ RunTime:0.001110s ]

[ 2018-11-06T20:06:23+08:00 ] ::1 /waijiedemo/waijie/index.php/Home/user/login
INFO: [ app_init ] --START--
INFO: Run Behavior\BuildLiteBehavior [ RunTime:0.000007s ]
INFO: [ app_init ] --END-- [ RunTime:0.000677s ]
INFO: [ app_begin ] --START--
INFO: Run Behavior\ReadHtmlCacheBehavior [ RunTime:0.001104s ]
INFO: [ app_begin ] --END-- [ RunTime:0.001134s ]
SQL: SHOW COLUMNS FROM `user` [ RunTime:0.0058s ]
SQL: SELECT * FROM `user` WHERE `username` = '1'  [ RunTime:0.0004s ]
NOTIC: [8] Undefined offset: 0 D:\xampp\htdocs\waijiedemo\waijie\Application\Home\Controller\UserController.class.php 第 24 行.
SQL: SELECT * FROM `user` WHERE `username` = '1'  [ RunTime:0.0003s ]
NOTIC: [8] Undefined offset: 0 D:\xampp\htdocs\waijiedemo\waijie\Application\Home\Controller\UserController.class.php 第 25 行.
SQL: SELECT COUNT(*) AS tp_count FROM `user` WHERE `username` = '1' LIMIT 1   [ RunTime:0.0003s ]
NOTIC: [2] Use of undefined constant code - assumed 'code' (this will throw an Error in a future version of PHP) D:\xampp\htdocs\waijiedemo\waijie\Application\Home\Controller\UserController.class.php 第 30 行.
NOTIC: [2] Use of undefined constant msg - assumed 'msg' (this will throw an Error in a future version of PHP) D:\xampp\htdocs\waijiedemo\waijie\Application\Home\Controller\UserController.class.php 第 31 行.

[ 2018-11-06T20:27:50+08:00 ] ::1 /waijiedemo/waijie/index.php/Home/user/login
INFO: [ app_init ] --START--
INFO: Run Behavior\BuildLiteBehavior [ RunTime:0.000007s ]
INFO: [ app_init ] --END-- [ RunTime:0.000680s ]
INFO: [ app_begin ] --START--
INFO: Run Behavior\ReadHtmlCacheBehavior [ RunTime:0.001165s ]
INFO: [ app_begin ] --END-- [ RunTime:0.001204s ]
SQL: SHOW COLUMNS FROM `user` [ RunTime:0.0654s ]
SQL: SELECT * FROM `user` WHERE `username` = '1'  [ RunTime:0.0004s ]
NOTIC: [8] Undefined offset: 0 D:\xampp\htdocs\waijiedemo\waijie\Application\Home\Controller\UserController.class.php 第 24 行.
SQL: SELECT * FROM `user` WHERE `username` = '1'  [ RunTime:0.0003s ]
NOTIC: [8] Undefined offset: 0 D:\xampp\htdocs\waijiedemo\waijie\Application\Home\Controller\UserController.class.php 第 25 行.
SQL: SELECT COUNT(*) AS tp_count FROM `user` WHERE `username` = '1' LIMIT 1   [ RunTime:0.0003s ]
NOTIC: [2] Use of undefined constant code - assumed 'code' (this will throw an Error in a future version of PHP) D:\xampp\htdocs\waijiedemo\waijie\Application\Home\Controller\UserController.class.php 第 30 行.
NOTIC: [2] Use of undefined constant msg - assumed 'msg' (this will throw an Error in a future version of PHP) D:\xampp\htdocs\waijiedemo\waijie\Application\Home\Controller\UserController.class.php 第 31 行.

[ 2018-11-06T21:05:14+08:00 ] ::1 /waijiedemo/waijie/index.php/Home/user/login
INFO: [ app_init ] --START--
INFO: Run Behavior\BuildLiteBehavior [ RunTime:0.000007s ]
INFO: [ app_init ] --END-- [ RunTime:0.000697s ]
INFO: [ app_begin ] --START--
INFO: Run Behavior\ReadHtmlCacheBehavior [ RunTime:0.001101s ]
INFO: [ app_begin ] --END-- [ RunTime:0.001131s ]
SQL: SHOW COLUMNS FROM `user` [ RunTime:0.0049s ]
SQL: SELECT * FROM `user` WHERE `username` = '1'  [ RunTime:0.0005s ]
NOTIC: [8] Undefined offset: 0 D:\xampp\htdocs\waijiedemo\waijie\Application\Home\Controller\UserController.class.php 第 24 行.
SQL: SELECT * FROM `user` WHERE `username` = '1'  [ RunTime:0.0005s ]
NOTIC: [8] Undefined offset: 0 D:\xampp\htdocs\waijiedemo\waijie\Application\Home\Controller\UserController.class.php 第 25 行.
SQL: SELECT COUNT(*) AS tp_count FROM `user` WHERE `username` = '1' LIMIT 1   [ RunTime:0.0003s ]
NOTIC: [2] Use of undefined constant code - assumed 'code' (this will throw an Error in a future version of PHP) D:\xampp\htdocs\waijiedemo\waijie\Application\Home\Controller\UserController.class.php 第 30 行.
NOTIC: [2] Use of undefined constant msg - assumed 'msg' (this will throw an Error in a future version of PHP) D:\xampp\htdocs\waijiedemo\waijie\Application\Home\Controller\UserController.class.php 第 31 行.

[ 2018-11-06T21:05:39+08:00 ] ::1 /waijiedemo/waijie/index.php/Home/user/login
INFO: [ app_init ] --START--
INFO: Run Behavior\BuildLiteBehavior [ RunTime:0.000007s ]
INFO: [ app_init ] --END-- [ RunTime:0.000619s ]
INFO: [ app_begin ] --START--
INFO: Run Behavior\ReadHtmlCacheBehavior [ RunTime:0.000892s ]
INFO: [ app_begin ] --END-- [ RunTime:0.000921s ]
SQL: SHOW COLUMNS FROM `user` [ RunTime:0.0059s ]
SQL: SELECT * FROM `user` WHERE `username` = '1'  [ RunTime:0.0004s ]
NOTIC: [8] Undefined offset: 0 D:\xampp\htdocs\waijiedemo\waijie\Application\Home\Controller\UserController.class.php 第 24 行.
SQL: SELECT * FROM `user` WHERE `username` = '1'  [ RunTime:0.0003s ]
NOTIC: [8] Undefined offset: 0 D:\xampp\htdocs\waijiedemo\waijie\Application\Home\Controller\UserController.class.php 第 25 行.
SQL: SELECT COUNT(*) AS tp_count FROM `user` WHERE `username` = '1' LIMIT 1   [ RunTime:0.0003s ]
NOTIC: [2] Use of undefined constant code - assumed 'code' (this will throw an Error in a future version of PHP) D:\xampp\htdocs\waijiedemo\waijie\Application\Home\Controller\UserController.class.php 第 30 行.
NOTIC: [2] Use of undefined constant msg - assumed 'msg' (this will throw an Error in a future version of PHP) D:\xampp\htdocs\waijiedemo\waijie\Application\Home\Controller\UserController.class.php 第 31 行.

[ 2018-11-06T21:08:43+08:00 ] ::1 /waijiedemo/waijie/index.php/Home/user/login
INFO: [ app_init ] --START--
INFO: Run Behavior\BuildLiteBehavior [ RunTime:0.000008s ]
INFO: [ app_init ] --END-- [ RunTime:0.000694s ]
INFO: [ app_begin ] --START--
INFO: Run Behavior\ReadHtmlCacheBehavior [ RunTime:0.001075s ]
INFO: [ app_begin ] --END-- [ RunTime:0.001103s ]
SQL: SHOW COLUMNS FROM `user` [ RunTime:0.0062s ]
SQL: SELECT * FROM `user` WHERE `username` = '1'  [ RunTime:0.0004s ]
NOTIC: [8] Undefined offset: 0 D:\xampp\htdocs\waijiedemo\waijie\Application\Home\Controller\UserController.class.php 第 24 行.
SQL: SELECT * FROM `user` WHERE `username` = '1'  [ RunTime:0.0004s ]
NOTIC: [8] Undefined offset: 0 D:\xampp\htdocs\waijiedemo\waijie\Application\Home\Controller\UserController.class.php 第 25 行.
SQL: SELECT COUNT(*) AS tp_count FROM `user` WHERE `username` = '1' LIMIT 1   [ RunTime:0.0003s ]
NOTIC: [2] Use of undefined constant code - assumed 'code' (this will throw an Error in a future version of PHP) D:\xampp\htdocs\waijiedemo\waijie\Application\Home\Controller\UserController.class.php 第 30 行.
NOTIC: [2] Use of undefined constant msg - assumed 'msg' (this will throw an Error in a future version of PHP) D:\xampp\htdocs\waijiedemo\waijie\Application\Home\Controller\UserController.class.php 第 31 行.

[ 2018-11-06T21:09:49+08:00 ] ::1 /waijiedemo/waijie/index.php/Home/user/login
INFO: [ app_init ] --START--
INFO: Run Behavior\BuildLiteBehavior [ RunTime:0.000008s ]
INFO: [ app_init ] --END-- [ RunTime:0.000641s ]
INFO: [ app_begin ] --START--
INFO: Run Behavior\ReadHtmlCacheBehavior [ RunTime:0.000913s ]
INFO: [ app_begin ] --END-- [ RunTime:0.000950s ]
SQL: SHOW COLUMNS FROM `user` [ RunTime:0.0477s ]
SQL: SELECT * FROM `user` WHERE `username` = '1'  [ RunTime:0.0004s ]
NOTIC: [8] Undefined offset: 0 D:\xampp\htdocs\waijiedemo\waijie\Application\Home\Controller\UserController.class.php 第 24 行.
SQL: SELECT * FROM `user` WHERE `username` = '1'  [ RunTime:0.0003s ]
NOTIC: [8] Undefined offset: 0 D:\xampp\htdocs\waijiedemo\waijie\Application\Home\Controller\UserController.class.php 第 25 行.
SQL: SELECT COUNT(*) AS tp_count FROM `user` WHERE `username` = '1' LIMIT 1   [ RunTime:0.0003s ]
NOTIC: [2] Use of undefined constant code - assumed 'code' (this will throw an Error in a future version of PHP) D:\xampp\htdocs\waijiedemo\waijie\Application\Home\Controller\UserController.class.php 第 30 行.
NOTIC: [2] Use of undefined constant msg - assumed 'msg' (this will throw an Error in a future version of PHP) D:\xampp\htdocs\waijiedemo\waijie\Application\Home\Controller\UserController.class.php 第 31 行.

[ 2018-11-06T21:17:20+08:00 ] ::1 /waijiedemo/waijie/index.php/Home/user/login
INFO: [ app_init ] --START--
INFO: Run Behavior\BuildLiteBehavior [ RunTime:0.000007s ]
INFO: [ app_init ] --END-- [ RunTime:0.000719s ]
INFO: [ app_begin ] --START--
INFO: Run Behavior\ReadHtmlCacheBehavior [ RunTime:0.001064s ]
INFO: [ app_begin ] --END-- [ RunTime:0.001092s ]
SQL: SHOW COLUMNS FROM `user` [ RunTime:0.0048s ]
SQL: SELECT * FROM `user` WHERE `username` = '1'  [ RunTime:0.0004s ]
NOTIC: [8] Undefined offset: 0 D:\xampp\htdocs\waijiedemo\waijie\Application\Home\Controller\UserController.class.php 第 24 行.
SQL: SELECT * FROM `user` WHERE `username` = '1'  [ RunTime:0.0003s ]
NOTIC: [8] Undefined offset: 0 D:\xampp\htdocs\waijiedemo\waijie\Application\Home\Controller\UserController.class.php 第 25 行.
SQL: SELECT COUNT(*) AS tp_count FROM `user` WHERE `username` = '1' LIMIT 1   [ RunTime:0.0003s ]
NOTIC: [2] Use of undefined constant code - assumed 'code' (this will throw an Error in a future version of PHP) D:\xampp\htdocs\waijiedemo\waijie\Application\Home\Controller\UserController.class.php 第 30 行.
NOTIC: [2] Use of undefined constant msg - assumed 'msg' (this will throw an Error in a future version of PHP) D:\xampp\htdocs\waijiedemo\waijie\Application\Home\Controller\UserController.class.php 第 31 行.

[ 2018-11-06T21:28:51+08:00 ] ::1 /waijiedemo/waijie/index.php/Home/user/login
INFO: [ app_init ] --START--
INFO: Run Behavior\BuildLiteBehavior [ RunTime:0.000010s ]
INFO: [ app_init ] --END-- [ RunTime:0.002517s ]
INFO: [ app_begin ] --START--
INFO: Run Behavior\ReadHtmlCacheBehavior [ RunTime:0.001108s ]
INFO: [ app_begin ] --END-- [ RunTime:0.001160s ]
SQL: SHOW COLUMNS FROM `user` [ RunTime:0.0060s ]
SQL: SELECT * FROM `user` WHERE `username` = '1'  [ RunTime:0.0004s ]
NOTIC: [8] Undefined offset: 0 D:\xampp\htdocs\waijiedemo\waijie\Application\Home\Controller\UserController.class.php 第 24 行.
SQL: SELECT * FROM `user` WHERE `username` = '1'  [ RunTime:0.0003s ]
NOTIC: [8] Undefined offset: 0 D:\xampp\htdocs\waijiedemo\waijie\Application\Home\Controller\UserController.class.php 第 25 行.
SQL: SELECT COUNT(*) AS tp_count FROM `user` WHERE `username` = '1' LIMIT 1   [ RunTime:0.0003s ]
NOTIC: [2] Use of undefined constant code - assumed 'code' (this will throw an Error in a future version of PHP) D:\xampp\htdocs\waijiedemo\waijie\Application\Home\Controller\UserController.class.php 第 30 行.
NOTIC: [2] Use of undefined constant msg - assumed 'msg' (this will throw an Error in a future version of PHP) D:\xampp\htdocs\waijiedemo\waijie\Application\Home\Controller\UserController.class.php 第 31 行.
ERR: Think\Controller:ajax_Return方法不存在！

[ 2018-11-06T21:29:32+08:00 ] ::1 /waijiedemo/waijie/index.php/Home/user/login
INFO: [ app_init ] --START--
INFO: Run Behavior\BuildLiteBehavior [ RunTime:0.000007s ]
INFO: [ app_init ] --END-- [ RunTime:0.000617s ]
INFO: [ app_begin ] --START--
INFO: Run Behavior\ReadHtmlCacheBehavior [ RunTime:0.000920s ]
INFO: [ app_begin ] --END-- [ RunTime:0.000951s ]
SQL: SHOW COLUMNS FROM `user` [ RunTime:0.0048s ]
SQL: SELECT * FROM `user` WHERE `username` = 'wukun'  [ RunTime:0.0004s ]
SQL: SELECT * FROM `user` WHERE `username` = 'wukun'  [ RunTime:0.0004s ]
SQL: SELECT COUNT(*) AS tp_count FROM `user` WHERE `username` = 'wukun' LIMIT 1   [ RunTime:0.0003s ]
SQL: SELECT COUNT(*) AS tp_count FROM `user` WHERE `username` = 'wukun' AND `password` = '111' LIMIT 1   [ RunTime:0.0003s ]
NOTIC: [2] Use of undefined constant code - assumed 'code' (this will throw an Error in a future version of PHP) D:\xampp\htdocs\waijiedemo\waijie\Application\Home\Controller\UserController.class.php 第 39 行.
NOTIC: [2] Use of undefined constant msg - assumed 'msg' (this will throw an Error in a future version of PHP) D:\xampp\htdocs\waijiedemo\waijie\Application\Home\Controller\UserController.class.php 第 40 行.
NOTIC: [2] Use of undefined constant uid - assumed 'uid' (this will throw an Error in a future version of PHP) D:\xampp\htdocs\waijiedemo\waijie\Application\Home\Controller\UserController.class.php 第 41 行.
NOTIC: [2] Use of undefined constant uname - assumed 'uname' (this will throw an Error in a future version of PHP) D:\xampp\htdocs\waijiedemo\waijie\Application\Home\Controller\UserController.class.php 第 42 行.

[ 2018-11-06T21:30:14+08:00 ] ::1 /waijiedemo/waijie/index.php/Home/user/login
INFO: [ app_init ] --START--
INFO: Run Behavior\BuildLiteBehavior [ RunTime:0.000007s ]
INFO: [ app_init ] --END-- [ RunTime:0.000615s ]
INFO: [ app_begin ] --START--
INFO: Run Behavior\ReadHtmlCacheBehavior [ RunTime:0.000876s ]
INFO: [ app_begin ] --END-- [ RunTime:0.000926s ]
SQL: SHOW COLUMNS FROM `user` [ RunTime:0.0438s ]
SQL: SELECT * FROM `user` WHERE `username` = '1'  [ RunTime:0.0005s ]
NOTIC: [8] Undefined offset: 0 D:\xampp\htdocs\waijiedemo\waijie\Application\Home\Controller\UserController.class.php 第 24 行.
SQL: SELECT * FROM `user` WHERE `username` = '1'  [ RunTime:0.0004s ]
NOTIC: [8] Undefined offset: 0 D:\xampp\htdocs\waijiedemo\waijie\Application\Home\Controller\UserController.class.php 第 25 行.
SQL: SELECT COUNT(*) AS tp_count FROM `user` WHERE `username` = '1' LIMIT 1   [ RunTime:0.0003s ]
NOTIC: [2] Use of undefined constant code - assumed 'code' (this will throw an Error in a future version of PHP) D:\xampp\htdocs\waijiedemo\waijie\Application\Home\Controller\UserController.class.php 第 30 行.
NOTIC: [2] Use of undefined constant msg - assumed 'msg' (this will throw an Error in a future version of PHP) D:\xampp\htdocs\waijiedemo\waijie\Application\Home\Controller\UserController.class.php 第 31 行.
ERR: Think\Controller:ajax_Return方法不存在！

[ 2018-11-06T21:30:31+08:00 ] ::1 /waijiedemo/waijie/index.php/Home/user/login
INFO: [ app_init ] --START--
INFO: Run Behavior\BuildLiteBehavior [ RunTime:0.000012s ]
INFO: [ app_init ] --END-- [ RunTime:0.000794s ]
INFO: [ app_begin ] --START--
INFO: Run Behavior\ReadHtmlCacheBehavior [ RunTime:0.000901s ]
INFO: [ app_begin ] --END-- [ RunTime:0.000932s ]
SQL: SHOW COLUMNS FROM `user` [ RunTime:0.0061s ]
SQL: SELECT * FROM `user` WHERE `username` = '1'  [ RunTime:0.0004s ]
NOTIC: [8] Undefined offset: 0 D:\xampp\htdocs\waijiedemo\waijie\Application\Home\Controller\UserController.class.php 第 24 行.
SQL: SELECT * FROM `user` WHERE `username` = '1'  [ RunTime:0.0004s ]
NOTIC: [8] Undefined offset: 0 D:\xampp\htdocs\waijiedemo\waijie\Application\Home\Controller\UserController.class.php 第 25 行.
SQL: SELECT COUNT(*) AS tp_count FROM `user` WHERE `username` = '1' LIMIT 1   [ RunTime:0.0003s ]
NOTIC: [2] Use of undefined constant code - assumed 'code' (this will throw an Error in a future version of PHP) D:\xampp\htdocs\waijiedemo\waijie\Application\Home\Controller\UserController.class.php 第 30 行.
NOTIC: [2] Use of undefined constant msg - assumed 'msg' (this will throw an Error in a future version of PHP) D:\xampp\htdocs\waijiedemo\waijie\Application\Home\Controller\UserController.class.php 第 31 行.
ERR: Think\Controller:ajax_Return方法不存在！

[ 2018-11-06T21:31:09+08:00 ] ::1 /waijiedemo/waijie/index.php/Home/user/login
INFO: [ app_init ] --START--
INFO: Run Behavior\BuildLiteBehavior [ RunTime:0.000008s ]
INFO: [ app_init ] --END-- [ RunTime:0.000675s ]
INFO: [ app_begin ] --START--
INFO: Run Behavior\ReadHtmlCacheBehavior [ RunTime:0.001159s ]
INFO: [ app_begin ] --END-- [ RunTime:0.001192s ]
SQL: SHOW COLUMNS FROM `user` [ RunTime:0.0049s ]
SQL: SELECT * FROM `user` WHERE `username` = '1'  [ RunTime:0.0004s ]
NOTIC: [8] Undefined offset: 0 D:\xampp\htdocs\waijiedemo\waijie\Application\Home\Controller\UserController.class.php 第 24 行.
SQL: SELECT * FROM `user` WHERE `username` = '1'  [ RunTime:0.0003s ]
NOTIC: [8] Undefined offset: 0 D:\xampp\htdocs\waijiedemo\waijie\Application\Home\Controller\UserController.class.php 第 25 行.
SQL: SELECT COUNT(*) AS tp_count FROM `user` WHERE `username` = '1' LIMIT 1   [ RunTime:0.0003s ]
NOTIC: [2] Use of undefined constant code - assumed 'code' (this will throw an Error in a future version of PHP) D:\xampp\htdocs\waijiedemo\waijie\Application\Home\Controller\UserController.class.php 第 30 行.
NOTIC: [2] Use of undefined constant msg - assumed 'msg' (this will throw an Error in a future version of PHP) D:\xampp\htdocs\waijiedemo\waijie\Application\Home\Controller\UserController.class.php 第 31 行.

[ 2018-11-06T21:31:31+08:00 ] ::1 /waijiedemo/waijie/index.php/Home/user/login
INFO: [ app_init ] --START--
INFO: Run Behavior\BuildLiteBehavior [ RunTime:0.000015s ]
INFO: [ app_init ] --END-- [ RunTime:0.000846s ]
INFO: [ app_begin ] --START--
INFO: Run Behavior\ReadHtmlCacheBehavior [ RunTime:0.000904s ]
INFO: [ app_begin ] --END-- [ RunTime:0.000965s ]
SQL: SHOW COLUMNS FROM `user` [ RunTime:0.0236s ]
SQL: SELECT * FROM `user` WHERE `username` = 'wukun'  [ RunTime:0.0004s ]
SQL: SELECT * FROM `user` WHERE `username` = 'wukun'  [ RunTime:0.0004s ]
SQL: SELECT COUNT(*) AS tp_count FROM `user` WHERE `username` = 'wukun' LIMIT 1   [ RunTime:0.0003s ]
SQL: SELECT COUNT(*) AS tp_count FROM `user` WHERE `username` = 'wukun' AND `password` = '111' LIMIT 1   [ RunTime:0.0003s ]
NOTIC: [2] Use of undefined constant code - assumed 'code' (this will throw an Error in a future version of PHP) D:\xampp\htdocs\waijiedemo\waijie\Application\Home\Controller\UserController.class.php 第 39 行.
NOTIC: [2] Use of undefined constant msg - assumed 'msg' (this will throw an Error in a future version of PHP) D:\xampp\htdocs\waijiedemo\waijie\Application\Home\Controller\UserController.class.php 第 40 行.
NOTIC: [2] Use of undefined constant uid - assumed 'uid' (this will throw an Error in a future version of PHP) D:\xampp\htdocs\waijiedemo\waijie\Application\Home\Controller\UserController.class.php 第 41 行.
NOTIC: [2] Use of undefined constant uname - assumed 'uname' (this will throw an Error in a future version of PHP) D:\xampp\htdocs\waijiedemo\waijie\Application\Home\Controller\UserController.class.php 第 42 行.

[ 2018-11-06T21:32:28+08:00 ] ::1 /waijiedemo/waijie/index.php/Home/user/login
INFO: [ app_init ] --START--
INFO: Run Behavior\BuildLiteBehavior [ RunTime:0.000009s ]
INFO: [ app_init ] --END-- [ RunTime:0.000695s ]
INFO: [ app_begin ] --START--
INFO: Run Behavior\ReadHtmlCacheBehavior [ RunTime:0.000882s ]
INFO: [ app_begin ] --END-- [ RunTime:0.000912s ]
SQL: SHOW COLUMNS FROM `user` [ RunTime:0.0401s ]
SQL: SELECT * FROM `user` WHERE `username` = '1'  [ RunTime:0.0004s ]
NOTIC: [8] Undefined offset: 0 D:\xampp\htdocs\waijiedemo\waijie\Application\Home\Controller\UserController.class.php 第 24 行.
SQL: SELECT * FROM `user` WHERE `username` = '1'  [ RunTime:0.0003s ]
NOTIC: [8] Undefined offset: 0 D:\xampp\htdocs\waijiedemo\waijie\Application\Home\Controller\UserController.class.php 第 25 行.
SQL: SELECT COUNT(*) AS tp_count FROM `user` WHERE `username` = '1' LIMIT 1   [ RunTime:0.0004s ]
NOTIC: [2] Use of undefined constant code - assumed 'code' (this will throw an Error in a future version of PHP) D:\xampp\htdocs\waijiedemo\waijie\Application\Home\Controller\UserController.class.php 第 30 行.
NOTIC: [2] Use of undefined constant msg - assumed 'msg' (this will throw an Error in a future version of PHP) D:\xampp\htdocs\waijiedemo\waijie\Application\Home\Controller\UserController.class.php 第 31 行.

[ 2018-11-06T21:32:51+08:00 ] ::1 /waijiedemo/waijie/index.php/Home/user/login
INFO: [ app_init ] --START--
INFO: Run Behavior\BuildLiteBehavior [ RunTime:0.000007s ]
INFO: [ app_init ] --END-- [ RunTime:0.000610s ]
INFO: [ app_begin ] --START--
INFO: Run Behavior\ReadHtmlCacheBehavior [ RunTime:0.001011s ]
INFO: [ app_begin ] --END-- [ RunTime:0.001043s ]
SQL: SHOW COLUMNS FROM `user` [ RunTime:0.0047s ]
SQL: SELECT * FROM `user` WHERE `username` = 'wukun'  [ RunTime:0.0004s ]
SQL: SELECT * FROM `user` WHERE `username` = 'wukun'  [ RunTime:0.0004s ]
SQL: SELECT COUNT(*) AS tp_count FROM `user` WHERE `username` = 'wukun' LIMIT 1   [ RunTime:0.0003s ]
SQL: SELECT COUNT(*) AS tp_count FROM `user` WHERE `username` = 'wukun' AND `password` = '1' LIMIT 1   [ RunTime:0.0003s ]
NOTIC: [2] Use of undefined constant code - assumed 'code' (this will throw an Error in a future version of PHP) D:\xampp\htdocs\waijiedemo\waijie\Application\Home\Controller\UserController.class.php 第 46 行.
NOTIC: [2] Use of undefined constant msg - assumed 'msg' (this will throw an Error in a future version of PHP) D:\xampp\htdocs\waijiedemo\waijie\Application\Home\Controller\UserController.class.php 第 47 行.

[ 2018-11-06T21:34:23+08:00 ] ::1 /waijiedemo/waijie/index.php/Home/user/login
INFO: [ app_init ] --START--
INFO: Run Behavior\BuildLiteBehavior [ RunTime:0.000007s ]
INFO: [ app_init ] --END-- [ RunTime:0.000674s ]
INFO: [ app_begin ] --START--
INFO: Run Behavior\ReadHtmlCacheBehavior [ RunTime:0.001084s ]
INFO: [ app_begin ] --END-- [ RunTime:0.001111s ]
SQL: SHOW COLUMNS FROM `user` [ RunTime:0.0062s ]
SQL: SELECT * FROM `user` WHERE `username` = '1'  [ RunTime:0.0004s ]
NOTIC: [8] Undefined offset: 0 D:\xampp\htdocs\waijiedemo\waijie\Application\Home\Controller\UserController.class.php 第 24 行.
SQL: SELECT * FROM `user` WHERE `username` = '1'  [ RunTime:0.0003s ]
NOTIC: [8] Undefined offset: 0 D:\xampp\htdocs\waijiedemo\waijie\Application\Home\Controller\UserController.class.php 第 25 行.
SQL: SELECT COUNT(*) AS tp_count FROM `user` WHERE `username` = '1' LIMIT 1   [ RunTime:0.0003s ]
NOTIC: [2] Use of undefined constant code - assumed 'code' (this will throw an Error in a future version of PHP) D:\xampp\htdocs\waijiedemo\waijie\Application\Home\Controller\UserController.class.php 第 30 行.
NOTIC: [2] Use of undefined constant msg - assumed 'msg' (this will throw an Error in a future version of PHP) D:\xampp\htdocs\waijiedemo\waijie\Application\Home\Controller\UserController.class.php 第 31 行.

[ 2018-11-06T21:38:48+08:00 ] ::1 /waijiedemo/waijie/index.php/Home/user/login
INFO: [ app_init ] --START--
INFO: Run Behavior\BuildLiteBehavior [ RunTime:0.000010s ]
INFO: [ app_init ] --END-- [ RunTime:0.000936s ]
INFO: [ app_begin ] --START--
INFO: Run Behavior\ReadHtmlCacheBehavior [ RunTime:0.001145s ]
INFO: [ app_begin ] --END-- [ RunTime:0.001181s ]
SQL: SHOW COLUMNS FROM `user` [ RunTime:0.0057s ]
SQL: SELECT * FROM `user` WHERE `username` = '1'  [ RunTime:0.0004s ]
NOTIC: [8] Undefined offset: 0 D:\xampp\htdocs\waijiedemo\waijie\Application\Home\Controller\UserController.class.php 第 24 行.
SQL: SELECT * FROM `user` WHERE `username` = '1'  [ RunTime:0.0004s ]
NOTIC: [8] Undefined offset: 0 D:\xampp\htdocs\waijiedemo\waijie\Application\Home\Controller\UserController.class.php 第 25 行.
SQL: SELECT COUNT(*) AS tp_count FROM `user` WHERE `username` = '1' LIMIT 1   [ RunTime:0.0003s ]
NOTIC: [2] Use of undefined constant code - assumed 'code' (this will throw an Error in a future version of PHP) D:\xampp\htdocs\waijiedemo\waijie\Application\Home\Controller\UserController.class.php 第 30 行.
NOTIC: [2] Use of undefined constant msg - assumed 'msg' (this will throw an Error in a future version of PHP) D:\xampp\htdocs\waijiedemo\waijie\Application\Home\Controller\UserController.class.php 第 31 行.

[ 2018-11-06T21:49:31+08:00 ] ::1 /waijiedemo/waijie/index.php/Home/user/login
INFO: [ app_init ] --START--
INFO: Run Behavior\BuildLiteBehavior [ RunTime:0.000007s ]
INFO: [ app_init ] --END-- [ RunTime:0.000672s ]
INFO: [ app_begin ] --START--
INFO: Run Behavior\ReadHtmlCacheBehavior [ RunTime:0.001092s ]
INFO: [ app_begin ] --END-- [ RunTime:0.001120s ]
SQL: SHOW COLUMNS FROM `user` [ RunTime:0.0265s ]
SQL: SELECT * FROM `user` WHERE `username` = 'wukun'  [ RunTime:0.0005s ]
SQL: SELECT * FROM `user` WHERE `username` = 'wukun'  [ RunTime:0.0004s ]
SQL: SELECT COUNT(*) AS tp_count FROM `user` WHERE `username` = 'wukun' LIMIT 1   [ RunTime:0.0003s ]
SQL: SELECT COUNT(*) AS tp_count FROM `user` WHERE `username` = 'wukun' AND `password` = '111' LIMIT 1   [ RunTime:0.0003s ]
NOTIC: [2] Use of undefined constant code - assumed 'code' (this will throw an Error in a future version of PHP) D:\xampp\htdocs\waijiedemo\waijie\Application\Home\Controller\UserController.class.php 第 39 行.
NOTIC: [2] Use of undefined constant msg - assumed 'msg' (this will throw an Error in a future version of PHP) D:\xampp\htdocs\waijiedemo\waijie\Application\Home\Controller\UserController.class.php 第 40 行.
NOTIC: [2] Use of undefined constant uid - assumed 'uid' (this will throw an Error in a future version of PHP) D:\xampp\htdocs\waijiedemo\waijie\Application\Home\Controller\UserController.class.php 第 41 行.
NOTIC: [2] Use of undefined constant uname - assumed 'uname' (this will throw an Error in a future version of PHP) D:\xampp\htdocs\waijiedemo\waijie\Application\Home\Controller\UserController.class.php 第 42 行.

[ 2018-11-06T21:49:49+08:00 ] ::1 /waijiedemo/waijie/index.php/Home/user/login
INFO: [ app_init ] --START--
INFO: Run Behavior\BuildLiteBehavior [ RunTime:0.000008s ]
INFO: [ app_init ] --END-- [ RunTime:0.000624s ]
INFO: [ app_begin ] --START--
INFO: Run Behavior\ReadHtmlCacheBehavior [ RunTime:0.000879s ]
INFO: [ app_begin ] --END-- [ RunTime:0.000906s ]
SQL: SHOW COLUMNS FROM `user` [ RunTime:0.0060s ]
SQL: SELECT * FROM `user` WHERE `username` = '1'  [ RunTime:0.0004s ]
NOTIC: [8] Undefined offset: 0 D:\xampp\htdocs\waijiedemo\waijie\Application\Home\Controller\UserController.class.php 第 24 行.
SQL: SELECT * FROM `user` WHERE `username` = '1'  [ RunTime:0.0003s ]
NOTIC: [8] Undefined offset: 0 D:\xampp\htdocs\waijiedemo\waijie\Application\Home\Controller\UserController.class.php 第 25 行.
SQL: SELECT COUNT(*) AS tp_count FROM `user` WHERE `username` = '1' LIMIT 1   [ RunTime:0.0003s ]
NOTIC: [2] Use of undefined constant code - assumed 'code' (this will throw an Error in a future version of PHP) D:\xampp\htdocs\waijiedemo\waijie\Application\Home\Controller\UserController.class.php 第 30 行.
NOTIC: [2] Use of undefined constant msg - assumed 'msg' (this will throw an Error in a future version of PHP) D:\xampp\htdocs\waijiedemo\waijie\Application\Home\Controller\UserController.class.php 第 31 行.

[ 2018-11-06T21:53:03+08:00 ] ::1 /waijiedemo/waijie/index.php/Home/user/login
INFO: [ app_init ] --START--
INFO: Run Behavior\BuildLiteBehavior [ RunTime:0.000007s ]
INFO: [ app_init ] --END-- [ RunTime:0.000670s ]
INFO: [ app_begin ] --START--
INFO: Run Behavior\ReadHtmlCacheBehavior [ RunTime:0.001065s ]
INFO: [ app_begin ] --END-- [ RunTime:0.001101s ]
SQL: SHOW COLUMNS FROM `user` [ RunTime:0.0061s ]
SQL: SELECT * FROM `user` WHERE `username` = '1'  [ RunTime:0.0004s ]
NOTIC: [8] Undefined offset: 0 D:\xampp\htdocs\waijiedemo\waijie\Application\Home\Controller\UserController.class.php 第 24 行.
SQL: SELECT * FROM `user` WHERE `username` = '1'  [ RunTime:0.0004s ]
NOTIC: [8] Undefined offset: 0 D:\xampp\htdocs\waijiedemo\waijie\Application\Home\Controller\UserController.class.php 第 25 行.
SQL: SELECT COUNT(*) AS tp_count FROM `user` WHERE `username` = '1' LIMIT 1   [ RunTime:0.0003s ]
NOTIC: [2] Use of undefined constant code - assumed 'code' (this will throw an Error in a future version of PHP) D:\xampp\htdocs\waijiedemo\waijie\Application\Home\Controller\UserController.class.php 第 30 行.
NOTIC: [2] Use of undefined constant msg - assumed 'msg' (this will throw an Error in a future version of PHP) D:\xampp\htdocs\waijiedemo\waijie\Application\Home\Controller\UserController.class.php 第 31 行.
INFO: [ app_end ] --START--
INFO: Run Behavior\ShowPageTraceBehavior [ RunTime:0.001188s ]
INFO: [ app_end ] --END-- [ RunTime:0.001213s ]

[ 2018-11-06T21:53:31+08:00 ] ::1 /waijiedemo/waijie/index.php/Home/user/login
INFO: [ app_init ] --START--
INFO: Run Behavior\BuildLiteBehavior [ RunTime:0.000008s ]
INFO: [ app_init ] --END-- [ RunTime:0.000702s ]
INFO: [ app_begin ] --START--
INFO: Run Behavior\ReadHtmlCacheBehavior [ RunTime:0.001058s ]
INFO: [ app_begin ] --END-- [ RunTime:0.001086s ]
SQL: SHOW COLUMNS FROM `user` [ RunTime:0.0059s ]
SQL: SELECT * FROM `user` WHERE `username` = 'wukun'  [ RunTime:0.0004s ]
SQL: SELECT * FROM `user` WHERE `username` = 'wukun'  [ RunTime:0.0003s ]
SQL: SELECT COUNT(*) AS tp_count FROM `user` WHERE `username` = 'wukun' LIMIT 1   [ RunTime:0.0003s ]
SQL: SELECT COUNT(*) AS tp_count FROM `user` WHERE `username` = 'wukun' AND `password` = '111' LIMIT 1   [ RunTime:0.0003s ]
NOTIC: [2] Use of undefined constant code - assumed 'code' (this will throw an Error in a future version of PHP) D:\xampp\htdocs\waijiedemo\waijie\Application\Home\Controller\UserController.class.php 第 41 行.
NOTIC: [2] Use of undefined constant msg - assumed 'msg' (this will throw an Error in a future version of PHP) D:\xampp\htdocs\waijiedemo\waijie\Application\Home\Controller\UserController.class.php 第 42 行.
NOTIC: [2] Use of undefined constant uid - assumed 'uid' (this will throw an Error in a future version of PHP) D:\xampp\htdocs\waijiedemo\waijie\Application\Home\Controller\UserController.class.php 第 43 行.
NOTIC: [2] Use of undefined constant uname - assumed 'uname' (this will throw an Error in a future version of PHP) D:\xampp\htdocs\waijiedemo\waijie\Application\Home\Controller\UserController.class.php 第 44 行.

[ 2018-11-06T21:54:42+08:00 ] ::1 /waijiedemo/waijie/index.php/Home/user/login
INFO: [ app_init ] --START--
INFO: Run Behavior\BuildLiteBehavior [ RunTime:0.000008s ]
INFO: [ app_init ] --END-- [ RunTime:0.000598s ]
INFO: [ app_begin ] --START--
INFO: Run Behavior\ReadHtmlCacheBehavior [ RunTime:0.000902s ]
INFO: [ app_begin ] --END-- [ RunTime:0.000934s ]
SQL: SHOW COLUMNS FROM `user` [ RunTime:0.0218s ]
SQL: SELECT * FROM `user` WHERE `username` = '1'  [ RunTime:0.0005s ]
NOTIC: [8] Undefined offset: 0 D:\xampp\htdocs\waijiedemo\waijie\Application\Home\Controller\UserController.class.php 第 24 行.
SQL: SELECT * FROM `user` WHERE `username` = '1'  [ RunTime:0.0004s ]
NOTIC: [8] Undefined offset: 0 D:\xampp\htdocs\waijiedemo\waijie\Application\Home\Controller\UserController.class.php 第 25 行.
SQL: SELECT COUNT(*) AS tp_count FROM `user` WHERE `username` = '1' LIMIT 1   [ RunTime:0.0003s ]
NOTIC: [2] Use of undefined constant code - assumed 'code' (this will throw an Error in a future version of PHP) D:\xampp\htdocs\waijiedemo\waijie\Application\Home\Controller\UserController.class.php 第 30 行.
NOTIC: [2] Use of undefined constant msg - assumed 'msg' (this will throw an Error in a future version of PHP) D:\xampp\htdocs\waijiedemo\waijie\Application\Home\Controller\UserController.class.php 第 31 行.
INFO: [ app_end ] --START--
INFO: Run Behavior\ShowPageTraceBehavior [ RunTime:0.001200s ]
INFO: [ app_end ] --END-- [ RunTime:0.001226s ]

[ 2018-11-06T21:55:07+08:00 ] ::1 /waijiedemo/waijie/index.php/Home/user/login
INFO: [ app_init ] --START--
INFO: Run Behavior\BuildLiteBehavior [ RunTime:0.000008s ]
INFO: [ app_init ] --END-- [ RunTime:0.000614s ]
INFO: [ app_begin ] --START--
INFO: Run Behavior\ReadHtmlCacheBehavior [ RunTime:0.000860s ]
INFO: [ app_begin ] --END-- [ RunTime:0.000886s ]
SQL: SHOW COLUMNS FROM `user` [ RunTime:0.0252s ]
SQL: SELECT * FROM `user` WHERE `username` = '8'  [ RunTime:0.0004s ]
NOTIC: [8] Undefined offset: 0 D:\xampp\htdocs\waijiedemo\waijie\Application\Home\Controller\UserController.class.php 第 24 行.
SQL: SELECT * FROM `user` WHERE `username` = '8'  [ RunTime:0.0004s ]
NOTIC: [8] Undefined offset: 0 D:\xampp\htdocs\waijiedemo\waijie\Application\Home\Controller\UserController.class.php 第 25 行.
SQL: SELECT COUNT(*) AS tp_count FROM `user` WHERE `username` = '8' LIMIT 1   [ RunTime:0.0003s ]
NOTIC: [2] Use of undefined constant code - assumed 'code' (this will throw an Error in a future version of PHP) D:\xampp\htdocs\waijiedemo\waijie\Application\Home\Controller\UserController.class.php 第 30 行.
NOTIC: [2] Use of undefined constant msg - assumed 'msg' (this will throw an Error in a future version of PHP) D:\xampp\htdocs\waijiedemo\waijie\Application\Home\Controller\UserController.class.php 第 31 行.
INFO: [ app_end ] --START--
INFO: Run Behavior\ShowPageTraceBehavior [ RunTime:0.001041s ]
INFO: [ app_end ] --END-- [ RunTime:0.001066s ]

[ 2018-11-06T21:55:47+08:00 ] ::1 /waijiedemo/waijie/index.php/Home/user/login
INFO: [ app_init ] --START--
INFO: Run Behavior\BuildLiteBehavior [ RunTime:0.000007s ]
INFO: [ app_init ] --END-- [ RunTime:0.000679s ]
INFO: [ app_begin ] --START--
INFO: Run Behavior\ReadHtmlCacheBehavior [ RunTime:0.001205s ]
INFO: [ app_begin ] --END-- [ RunTime:0.001238s ]
SQL: SHOW COLUMNS FROM `user` [ RunTime:0.0060s ]
SQL: SELECT * FROM `user` WHERE `username` = '1'  [ RunTime:0.0004s ]
NOTIC: [8] Undefined offset: 0 D:\xampp\htdocs\waijiedemo\waijie\Application\Home\Controller\UserController.class.php 第 24 行.
SQL: SELECT * FROM `user` WHERE `username` = '1'  [ RunTime:0.0003s ]
NOTIC: [8] Undefined offset: 0 D:\xampp\htdocs\waijiedemo\waijie\Application\Home\Controller\UserController.class.php 第 25 行.
SQL: SELECT COUNT(*) AS tp_count FROM `user` WHERE `username` = '1' LIMIT 1   [ RunTime:0.0003s ]
NOTIC: [2] Use of undefined constant code - assumed 'code' (this will throw an Error in a future version of PHP) D:\xampp\htdocs\waijiedemo\waijie\Application\Home\Controller\UserController.class.php 第 30 行.
NOTIC: [2] Use of undefined constant msg - assumed 'msg' (this will throw an Error in a future version of PHP) D:\xampp\htdocs\waijiedemo\waijie\Application\Home\Controller\UserController.class.php 第 31 行.
INFO: [ app_end ] --START--
INFO: Run Behavior\ShowPageTraceBehavior [ RunTime:0.001057s ]
INFO: [ app_end ] --END-- [ RunTime:0.001086s ]

[ 2018-11-06T21:56:03+08:00 ] ::1 /waijiedemo/waijie/index.php/Home/user/login
INFO: [ app_init ] --START--
INFO: Run Behavior\BuildLiteBehavior [ RunTime:0.000007s ]
INFO: [ app_init ] --END-- [ RunTime:0.000614s ]
INFO: [ app_begin ] --START--
INFO: Run Behavior\ReadHtmlCacheBehavior [ RunTime:0.000877s ]
INFO: [ app_begin ] --END-- [ RunTime:0.000904s ]
SQL: SHOW COLUMNS FROM `user` [ RunTime:0.0054s ]
SQL: SELECT * FROM `user` WHERE `username` = 'wukun'  [ RunTime:0.0004s ]
SQL: SELECT * FROM `user` WHERE `username` = 'wukun'  [ RunTime:0.0003s ]
SQL: SELECT COUNT(*) AS tp_count FROM `user` WHERE `username` = 'wukun' LIMIT 1   [ RunTime:0.0003s ]
SQL: SELECT COUNT(*) AS tp_count FROM `user` WHERE `username` = 'wukun' AND `password` = '111' LIMIT 1   [ RunTime:0.0003s ]
NOTIC: [2] Use of undefined constant code - assumed 'code' (this will throw an Error in a future version of PHP) D:\xampp\htdocs\waijiedemo\waijie\Application\Home\Controller\UserController.class.php 第 41 行.
NOTIC: [2] Use of undefined constant msg - assumed 'msg' (this will throw an Error in a future version of PHP) D:\xampp\htdocs\waijiedemo\waijie\Application\Home\Controller\UserController.class.php 第 42 行.
NOTIC: [2] Use of undefined constant uid - assumed 'uid' (this will throw an Error in a future version of PHP) D:\xampp\htdocs\waijiedemo\waijie\Application\Home\Controller\UserController.class.php 第 43 行.
NOTIC: [2] Use of undefined constant uname - assumed 'uname' (this will throw an Error in a future version of PHP) D:\xampp\htdocs\waijiedemo\waijie\Application\Home\Controller\UserController.class.php 第 44 行.
INFO: [ app_end ] --START--
INFO: Run Behavior\ShowPageTraceBehavior [ RunTime:0.001067s ]
INFO: [ app_end ] --END-- [ RunTime:0.001092s ]

[ 2018-11-06T21:56:04+08:00 ] ::1 /waijiedemo/waijie/index.php/Home/user/login
INFO: [ app_init ] --START--
INFO: Run Behavior\BuildLiteBehavior [ RunTime:0.000007s ]
INFO: [ app_init ] --END-- [ RunTime:0.000666s ]
INFO: [ app_begin ] --START--
INFO: Run Behavior\ReadHtmlCacheBehavior [ RunTime:0.000888s ]
INFO: [ app_begin ] --END-- [ RunTime:0.000914s ]
SQL: SHOW COLUMNS FROM `user` [ RunTime:0.0301s ]
SQL: SELECT * FROM `user` WHERE `username` = 'wukun'  [ RunTime:0.0004s ]
SQL: SELECT * FROM `user` WHERE `username` = 'wukun'  [ RunTime:0.0003s ]
SQL: SELECT COUNT(*) AS tp_count FROM `user` WHERE `username` = 'wukun' LIMIT 1   [ RunTime:0.0003s ]
SQL: SELECT COUNT(*) AS tp_count FROM `user` WHERE `username` = 'wukun' AND `password` = '111' LIMIT 1   [ RunTime:0.0003s ]
NOTIC: [2] Use of undefined constant code - assumed 'code' (this will throw an Error in a future version of PHP) D:\xampp\htdocs\waijiedemo\waijie\Application\Home\Controller\UserController.class.php 第 41 行.
NOTIC: [2] Use of undefined constant msg - assumed 'msg' (this will throw an Error in a future version of PHP) D:\xampp\htdocs\waijiedemo\waijie\Application\Home\Controller\UserController.class.php 第 42 行.
NOTIC: [2] Use of undefined constant uid - assumed 'uid' (this will throw an Error in a future version of PHP) D:\xampp\htdocs\waijiedemo\waijie\Application\Home\Controller\UserController.class.php 第 43 行.
NOTIC: [2] Use of undefined constant uname - assumed 'uname' (this will throw an Error in a future version of PHP) D:\xampp\htdocs\waijiedemo\waijie\Application\Home\Controller\UserController.class.php 第 44 行.
INFO: [ app_end ] --START--
INFO: Run Behavior\ShowPageTraceBehavior [ RunTime:0.001054s ]
INFO: [ app_end ] --END-- [ RunTime:0.001089s ]

[ 2018-11-06T21:56:08+08:00 ] ::1 /waijiedemo/waijie/index.php/Home/user/login
INFO: [ app_init ] --START--
INFO: Run Behavior\BuildLiteBehavior [ RunTime:0.000017s ]
INFO: [ app_init ] --END-- [ RunTime:0.000608s ]
INFO: [ app_begin ] --START--
INFO: Run Behavior\ReadHtmlCacheBehavior [ RunTime:0.000878s ]
INFO: [ app_begin ] --END-- [ RunTime:0.000905s ]
SQL: SHOW COLUMNS FROM `user` [ RunTime:0.0062s ]
SQL: SELECT * FROM `user` WHERE `username` = 'wukun'  [ RunTime:0.0004s ]
SQL: SELECT * FROM `user` WHERE `username` = 'wukun'  [ RunTime:0.0003s ]
SQL: SELECT COUNT(*) AS tp_count FROM `user` WHERE `username` = 'wukun' LIMIT 1   [ RunTime:0.0003s ]
SQL: SELECT COUNT(*) AS tp_count FROM `user` WHERE `username` = 'wukun' AND `password` = '111' LIMIT 1   [ RunTime:0.0004s ]
NOTIC: [2] Use of undefined constant code - assumed 'code' (this will throw an Error in a future version of PHP) D:\xampp\htdocs\waijiedemo\waijie\Application\Home\Controller\UserController.class.php 第 41 行.
NOTIC: [2] Use of undefined constant msg - assumed 'msg' (this will throw an Error in a future version of PHP) D:\xampp\htdocs\waijiedemo\waijie\Application\Home\Controller\UserController.class.php 第 42 行.
NOTIC: [2] Use of undefined constant uid - assumed 'uid' (this will throw an Error in a future version of PHP) D:\xampp\htdocs\waijiedemo\waijie\Application\Home\Controller\UserController.class.php 第 43 行.
NOTIC: [2] Use of undefined constant uname - assumed 'uname' (this will throw an Error in a future version of PHP) D:\xampp\htdocs\waijiedemo\waijie\Application\Home\Controller\UserController.class.php 第 44 行.
INFO: [ app_end ] --START--
INFO: Run Behavior\ShowPageTraceBehavior [ RunTime:0.001293s ]
INFO: [ app_end ] --END-- [ RunTime:0.001331s ]

[ 2018-11-06T21:56:09+08:00 ] ::1 /waijiedemo/waijie/index.php/Home/user/login
INFO: [ app_init ] --START--
INFO: Run Behavior\BuildLiteBehavior [ RunTime:0.000008s ]
INFO: [ app_init ] --END-- [ RunTime:0.000684s ]
INFO: [ app_begin ] --START--
INFO: Run Behavior\ReadHtmlCacheBehavior [ RunTime:0.000899s ]
INFO: [ app_begin ] --END-- [ RunTime:0.000933s ]
SQL: SHOW COLUMNS FROM `user` [ RunTime:0.0057s ]
SQL: SELECT * FROM `user` WHERE `username` = 'wukun'  [ RunTime:0.0004s ]
SQL: SELECT * FROM `user` WHERE `username` = 'wukun'  [ RunTime:0.0003s ]
SQL: SELECT COUNT(*) AS tp_count FROM `user` WHERE `username` = 'wukun' LIMIT 1   [ RunTime:0.0003s ]
SQL: SELECT COUNT(*) AS tp_count FROM `user` WHERE `username` = 'wukun' AND `password` = '111' LIMIT 1   [ RunTime:0.0003s ]
NOTIC: [2] Use of undefined constant code - assumed 'code' (this will throw an Error in a future version of PHP) D:\xampp\htdocs\waijiedemo\waijie\Application\Home\Controller\UserController.class.php 第 41 行.
NOTIC: [2] Use of undefined constant msg - assumed 'msg' (this will throw an Error in a future version of PHP) D:\xampp\htdocs\waijiedemo\waijie\Application\Home\Controller\UserController.class.php 第 42 行.
NOTIC: [2] Use of undefined constant uid - assumed 'uid' (this will throw an Error in a future version of PHP) D:\xampp\htdocs\waijiedemo\waijie\Application\Home\Controller\UserController.class.php 第 43 行.
NOTIC: [2] Use of undefined constant uname - assumed 'uname' (this will throw an Error in a future version of PHP) D:\xampp\htdocs\waijiedemo\waijie\Application\Home\Controller\UserController.class.php 第 44 行.
INFO: [ app_end ] --START--
INFO: Run Behavior\ShowPageTraceBehavior [ RunTime:0.001233s ]
INFO: [ app_end ] --END-- [ RunTime:0.001260s ]

[ 2018-11-06T22:00:10+08:00 ] ::1 /waijiedemo/waijie/index.php/Home/user/login
INFO: [ app_init ] --START--
INFO: Run Behavior\BuildLiteBehavior [ RunTime:0.000015s ]
INFO: [ app_init ] --END-- [ RunTime:0.002780s ]
INFO: [ app_begin ] --START--
INFO: Run Behavior\ReadHtmlCacheBehavior [ RunTime:0.002196s ]
INFO: [ app_begin ] --END-- [ RunTime:0.002253s ]
SQL: SHOW COLUMNS FROM `user` [ RunTime:0.0403s ]
SQL: SELECT * FROM `user` WHERE `username` = '1'  [ RunTime:0.0006s ]
NOTIC: [8] Undefined offset: 0 D:\xampp\htdocs\waijiedemo\waijie\Application\Home\Controller\UserController.class.php 第 24 行.
SQL: SELECT * FROM `user` WHERE `username` = '1'  [ RunTime:0.0005s ]
NOTIC: [8] Undefined offset: 0 D:\xampp\htdocs\waijiedemo\waijie\Application\Home\Controller\UserController.class.php 第 25 行.
SQL: SELECT COUNT(*) AS tp_count FROM `user` WHERE `username` = '1' LIMIT 1   [ RunTime:0.0005s ]
NOTIC: [2] Use of undefined constant code - assumed 'code' (this will throw an Error in a future version of PHP) D:\xampp\htdocs\waijiedemo\waijie\Application\Home\Controller\UserController.class.php 第 30 行.
NOTIC: [2] Use of undefined constant msg - assumed 'msg' (this will throw an Error in a future version of PHP) D:\xampp\htdocs\waijiedemo\waijie\Application\Home\Controller\UserController.class.php 第 31 行.

[ 2018-11-06T22:07:37+08:00 ] ::1 /waijiedemo/waijie/index.php/Home/user/login
INFO: [ app_init ] --START--
INFO: Run Behavior\BuildLiteBehavior [ RunTime:0.000013s ]
INFO: [ app_init ] --END-- [ RunTime:0.000860s ]
INFO: [ app_begin ] --START--
INFO: Run Behavior\ReadHtmlCacheBehavior [ RunTime:0.001749s ]
INFO: [ app_begin ] --END-- [ RunTime:0.001807s ]
SQL: SHOW COLUMNS FROM `user` [ RunTime:0.0059s ]
SQL: SELECT * FROM `user` WHERE `username` = '1'  [ RunTime:0.0005s ]
NOTIC: [8] Undefined offset: 0 D:\xampp\htdocs\waijiedemo\waijie\Application\Home\Controller\UserController.class.php 第 24 行.
SQL: SELECT * FROM `user` WHERE `username` = '1'  [ RunTime:0.0005s ]
NOTIC: [8] Undefined offset: 0 D:\xampp\htdocs\waijiedemo\waijie\Application\Home\Controller\UserController.class.php 第 25 行.
SQL: SELECT COUNT(*) AS tp_count FROM `user` WHERE `username` = '1' LIMIT 1   [ RunTime:0.0004s ]
NOTIC: [2] Use of undefined constant code - assumed 'code' (this will throw an Error in a future version of PHP) D:\xampp\htdocs\waijiedemo\waijie\Application\Home\Controller\UserController.class.php 第 30 行.
NOTIC: [2] Use of undefined constant msg - assumed 'msg' (this will throw an Error in a future version of PHP) D:\xampp\htdocs\waijiedemo\waijie\Application\Home\Controller\UserController.class.php 第 31 行.

[ 2018-11-06T22:08:12+08:00 ] ::1 /waijiedemo/waijie/index.php/Home/user/login
INFO: [ app_init ] --START--
INFO: Run Behavior\BuildLiteBehavior [ RunTime:0.000007s ]
INFO: [ app_init ] --END-- [ RunTime:0.000635s ]
INFO: [ app_begin ] --START--
INFO: Run Behavior\ReadHtmlCacheBehavior [ RunTime:0.000862s ]
INFO: [ app_begin ] --END-- [ RunTime:0.000890s ]
SQL: SHOW COLUMNS FROM `user` [ RunTime:0.0060s ]
SQL: SELECT * FROM `user` WHERE `username` = 'wukun'  [ RunTime:0.0004s ]
SQL: SELECT * FROM `user` WHERE `username` = 'wukun'  [ RunTime:0.0004s ]
SQL: SELECT COUNT(*) AS tp_count FROM `user` WHERE `username` = 'wukun' LIMIT 1   [ RunTime:0.0003s ]
SQL: SELECT COUNT(*) AS tp_count FROM `user` WHERE `username` = 'wukun' AND `password` = '1' LIMIT 1   [ RunTime:0.0003s ]
NOTIC: [2] Use of undefined constant code - assumed 'code' (this will throw an Error in a future version of PHP) D:\xampp\htdocs\waijiedemo\waijie\Application\Home\Controller\UserController.class.php 第 48 行.
NOTIC: [2] Use of undefined constant msg - assumed 'msg' (this will throw an Error in a future version of PHP) D:\xampp\htdocs\waijiedemo\waijie\Application\Home\Controller\UserController.class.php 第 49 行.

[ 2018-11-06T22:08:25+08:00 ] ::1 /waijiedemo/waijie/index.php/Home/user/login
INFO: [ app_init ] --START--
INFO: Run Behavior\BuildLiteBehavior [ RunTime:0.000007s ]
INFO: [ app_init ] --END-- [ RunTime:0.000611s ]
INFO: [ app_begin ] --START--
INFO: Run Behavior\ReadHtmlCacheBehavior [ RunTime:0.000871s ]
INFO: [ app_begin ] --END-- [ RunTime:0.000899s ]
SQL: SHOW COLUMNS FROM `user` [ RunTime:0.0303s ]
SQL: SELECT * FROM `user` WHERE `username` = 'wukun'  [ RunTime:0.0004s ]
SQL: SELECT * FROM `user` WHERE `username` = 'wukun'  [ RunTime:0.0003s ]
SQL: SELECT COUNT(*) AS tp_count FROM `user` WHERE `username` = 'wukun' LIMIT 1   [ RunTime:0.0003s ]
SQL: SELECT COUNT(*) AS tp_count FROM `user` WHERE `username` = 'wukun' AND `password` = '111' LIMIT 1   [ RunTime:0.0003s ]
NOTIC: [2] Use of undefined constant code - assumed 'code' (this will throw an Error in a future version of PHP) D:\xampp\htdocs\waijiedemo\waijie\Application\Home\Controller\UserController.class.php 第 41 行.
NOTIC: [2] Use of undefined constant msg - assumed 'msg' (this will throw an Error in a future version of PHP) D:\xampp\htdocs\waijiedemo\waijie\Application\Home\Controller\UserController.class.php 第 42 行.
NOTIC: [2] Use of undefined constant uid - assumed 'uid' (this will throw an Error in a future version of PHP) D:\xampp\htdocs\waijiedemo\waijie\Application\Home\Controller\UserController.class.php 第 43 行.
NOTIC: [2] Use of undefined constant uname - assumed 'uname' (this will throw an Error in a future version of PHP) D:\xampp\htdocs\waijiedemo\waijie\Application\Home\Controller\UserController.class.php 第 44 行.

[ 2018-11-06T22:09:25+08:00 ] ::1 /waijiedemo/waijie/index.php/Home/user/login
INFO: [ app_init ] --START--
INFO: Run Behavior\BuildLiteBehavior [ RunTime:0.000008s ]
INFO: [ app_init ] --END-- [ RunTime:0.000605s ]
INFO: [ app_begin ] --START--
INFO: Run Behavior\ReadHtmlCacheBehavior [ RunTime:0.000880s ]
INFO: [ app_begin ] --END-- [ RunTime:0.000908s ]
SQL: SHOW COLUMNS FROM `user` [ RunTime:0.0093s ]
SQL: SELECT * FROM `user` WHERE `username` = 'wukun'  [ RunTime:0.0005s ]
SQL: SELECT * FROM `user` WHERE `username` = 'wukun'  [ RunTime:0.0005s ]
SQL: SELECT COUNT(*) AS tp_count FROM `user` WHERE `username` = 'wukun' LIMIT 1   [ RunTime:0.0004s ]
SQL: SELECT COUNT(*) AS tp_count FROM `user` WHERE `username` = 'wukun' AND `password` = '111' LIMIT 1   [ RunTime:0.0004s ]
NOTIC: [2] Use of undefined constant code - assumed 'code' (this will throw an Error in a future version of PHP) D:\xampp\htdocs\waijiedemo\waijie\Application\Home\Controller\UserController.class.php 第 41 行.
NOTIC: [2] Use of undefined constant msg - assumed 'msg' (this will throw an Error in a future version of PHP) D:\xampp\htdocs\waijiedemo\waijie\Application\Home\Controller\UserController.class.php 第 42 行.
NOTIC: [2] Use of undefined constant uid - assumed 'uid' (this will throw an Error in a future version of PHP) D:\xampp\htdocs\waijiedemo\waijie\Application\Home\Controller\UserController.class.php 第 43 行.
NOTIC: [2] Use of undefined constant uname - assumed 'uname' (this will throw an Error in a future version of PHP) D:\xampp\htdocs\waijiedemo\waijie\Application\Home\Controller\UserController.class.php 第 44 行.

[ 2018-11-06T22:12:22+08:00 ] ::1 /waijiedemo/waijie/index.php/Home/user/login
INFO: [ app_init ] --START--
INFO: Run Behavior\BuildLiteBehavior [ RunTime:0.000007s ]
INFO: [ app_init ] --END-- [ RunTime:0.000679s ]
INFO: [ app_begin ] --START--
INFO: Run Behavior\ReadHtmlCacheBehavior [ RunTime:0.001090s ]
INFO: [ app_begin ] --END-- [ RunTime:0.001119s ]
SQL: SHOW COLUMNS FROM `user` [ RunTime:0.0145s ]
SQL: SELECT * FROM `user` WHERE `username` = '1'  [ RunTime:0.0004s ]
NOTIC: [8] Undefined offset: 0 D:\xampp\htdocs\waijiedemo\waijie\Application\Home\Controller\UserController.class.php 第 24 行.
SQL: SELECT * FROM `user` WHERE `username` = '1'  [ RunTime:0.0003s ]
NOTIC: [8] Undefined offset: 0 D:\xampp\htdocs\waijiedemo\waijie\Application\Home\Controller\UserController.class.php 第 25 行.
SQL: SELECT COUNT(*) AS tp_count FROM `user` WHERE `username` = '1' LIMIT 1   [ RunTime:0.0003s ]
NOTIC: [2] Use of undefined constant code - assumed 'code' (this will throw an Error in a future version of PHP) D:\xampp\htdocs\waijiedemo\waijie\Application\Home\Controller\UserController.class.php 第 30 行.
NOTIC: [2] Use of undefined constant msg - assumed 'msg' (this will throw an Error in a future version of PHP) D:\xampp\htdocs\waijiedemo\waijie\Application\Home\Controller\UserController.class.php 第 31 行.

[ 2018-11-06T22:12:46+08:00 ] ::1 /waijiedemo/waijie/index.php/Home/user/login
INFO: [ app_init ] --START--
INFO: Run Behavior\BuildLiteBehavior [ RunTime:0.000007s ]
INFO: [ app_init ] --END-- [ RunTime:0.000609s ]
INFO: [ app_begin ] --START--
INFO: Run Behavior\ReadHtmlCacheBehavior [ RunTime:0.000900s ]
INFO: [ app_begin ] --END-- [ RunTime:0.000933s ]
SQL: SHOW COLUMNS FROM `user` [ RunTime:0.0046s ]
SQL: SELECT * FROM `user` WHERE `username` = 'wukun'  [ RunTime:0.0004s ]
SQL: SELECT * FROM `user` WHERE `username` = 'wukun'  [ RunTime:0.0004s ]
SQL: SELECT COUNT(*) AS tp_count FROM `user` WHERE `username` = 'wukun' LIMIT 1   [ RunTime:0.0003s ]
SQL: SELECT COUNT(*) AS tp_count FROM `user` WHERE `username` = 'wukun' AND `password` = '111' LIMIT 1   [ RunTime:0.0003s ]
NOTIC: [2] Use of undefined constant code - assumed 'code' (this will throw an Error in a future version of PHP) D:\xampp\htdocs\waijiedemo\waijie\Application\Home\Controller\UserController.class.php 第 41 行.
NOTIC: [2] Use of undefined constant msg - assumed 'msg' (this will throw an Error in a future version of PHP) D:\xampp\htdocs\waijiedemo\waijie\Application\Home\Controller\UserController.class.php 第 42 行.
NOTIC: [2] Use of undefined constant uid - assumed 'uid' (this will throw an Error in a future version of PHP) D:\xampp\htdocs\waijiedemo\waijie\Application\Home\Controller\UserController.class.php 第 43 行.
NOTIC: [2] Use of undefined constant uname - assumed 'uname' (this will throw an Error in a future version of PHP) D:\xampp\htdocs\waijiedemo\waijie\Application\Home\Controller\UserController.class.php 第 44 行.

[ 2018-11-06T22:17:03+08:00 ] ::1 /waijiedemo/waijie/index.php
INFO: [ app_init ] --START--
INFO: Run Behavior\BuildLiteBehavior [ RunTime:0.000007s ]
INFO: [ app_init ] --END-- [ RunTime:0.000673s ]
INFO: [ app_begin ] --START--
INFO: Run Behavior\ReadHtmlCacheBehavior [ RunTime:0.001097s ]
INFO: [ app_begin ] --END-- [ RunTime:0.001129s ]
INFO: [ view_parse ] --START--
INFO: [ template_filter ] --START--
INFO: Run Behavior\ContentReplaceBehavior [ RunTime:0.000020s ]
INFO: [ template_filter ] --END-- [ RunTime:0.000058s ]
INFO: Run Behavior\ParseTemplateBehavior [ RunTime:0.007602s ]
INFO: [ view_parse ] --END-- [ RunTime:0.007637s ]
INFO: [ view_filter ] --START--
INFO: Run Behavior\WriteHtmlCacheBehavior [ RunTime:0.000856s ]
INFO: [ view_filter ] --END-- [ RunTime:0.000888s ]
INFO: [ app_end ] --START--
INFO: Run Behavior\ShowPageTraceBehavior [ RunTime:0.001091s ]
INFO: [ app_end ] --END-- [ RunTime:0.001112s ]

[ 2018-11-06T22:20:58+08:00 ] ::1 /waijiedemo/waijie/index.php/Home/user/login
INFO: [ app_init ] --START--
INFO: Run Behavior\BuildLiteBehavior [ RunTime:0.000007s ]
INFO: [ app_init ] --END-- [ RunTime:0.000680s ]
INFO: [ app_begin ] --START--
INFO: Run Behavior\ReadHtmlCacheBehavior [ RunTime:0.001119s ]
INFO: [ app_begin ] --END-- [ RunTime:0.001150s ]
ERR: syntax error, unexpected '-', expecting identifier (T_STRING) or variable (T_VARIABLE) or '{' or '$'

[ 2018-11-06T22:21:04+08:00 ] ::1 /waijiedemo/waijie/index.php/Home/user/login
INFO: [ app_init ] --START--
INFO: Run Behavior\BuildLiteBehavior [ RunTime:0.000015s ]
INFO: [ app_init ] --END-- [ RunTime:0.000879s ]
INFO: [ app_begin ] --START--
INFO: Run Behavior\ReadHtmlCacheBehavior [ RunTime:0.000994s ]
INFO: [ app_begin ] --END-- [ RunTime:0.001042s ]
ERR: syntax error, unexpected '-', expecting identifier (T_STRING) or variable (T_VARIABLE) or '{' or '$'

[ 2018-11-06T22:21:13+08:00 ] ::1 /waijiedemo/waijie/index.php/Home/user/login
INFO: [ app_init ] --START--
INFO: Run Behavior\BuildLiteBehavior [ RunTime:0.000020s ]
INFO: [ app_init ] --END-- [ RunTime:0.000637s ]
INFO: [ app_begin ] --START--
INFO: Run Behavior\ReadHtmlCacheBehavior [ RunTime:0.000953s ]
INFO: [ app_begin ] --END-- [ RunTime:0.000990s ]
ERR: syntax error, unexpected '-', expecting identifier (T_STRING) or variable (T_VARIABLE) or '{' or '$'

[ 2018-11-06T22:21:32+08:00 ] ::1 /waijiedemo/waijie/index.php/Home/user/login
INFO: [ app_init ] --START--
INFO: Run Behavior\BuildLiteBehavior [ RunTime:0.000007s ]
INFO: [ app_init ] --END-- [ RunTime:0.000694s ]
INFO: [ app_begin ] --START--
INFO: Run Behavior\ReadHtmlCacheBehavior [ RunTime:0.000860s ]
INFO: [ app_begin ] --END-- [ RunTime:0.000904s ]
SQL: SHOW COLUMNS FROM `user` [ RunTime:0.0247s ]
SQL: SELECT * FROM `user` WHERE `username` = '1'  [ RunTime:0.0004s ]
NOTIC: [8] Undefined offset: 0 D:\xampp\htdocs\waijiedemo\waijie\Application\Home\Controller\UserController.class.php 第 24 行.
SQL: SELECT * FROM `user` WHERE `username` = '1'  [ RunTime:0.0003s ]
NOTIC: [8] Undefined offset: 0 D:\xampp\htdocs\waijiedemo\waijie\Application\Home\Controller\UserController.class.php 第 25 行.
SQL: SELECT COUNT(*) AS tp_count FROM `user` WHERE `username` = '1' LIMIT 1   [ RunTime:0.0003s ]
NOTIC: [2] Use of undefined constant code - assumed 'code' (this will throw an Error in a future version of PHP) D:\xampp\htdocs\waijiedemo\waijie\Application\Home\Controller\UserController.class.php 第 30 行.
NOTIC: [2] Use of undefined constant msg - assumed 'msg' (this will throw an Error in a future version of PHP) D:\xampp\htdocs\waijiedemo\waijie\Application\Home\Controller\UserController.class.php 第 31 行.
INFO: [ app_end ] --START--
INFO: Run Behavior\ShowPageTraceBehavior [ RunTime:0.001186s ]
INFO: [ app_end ] --END-- [ RunTime:0.001210s ]

[ 2018-11-06T22:21:48+08:00 ] ::1 /waijiedemo/waijie/index.php/Home/user/login
INFO: [ app_init ] --START--
INFO: Run Behavior\BuildLiteBehavior [ RunTime:0.000035s ]
INFO: [ app_init ] --END-- [ RunTime:0.000680s ]
INFO: [ app_begin ] --START--
INFO: Run Behavior\ReadHtmlCacheBehavior [ RunTime:0.001097s ]
INFO: [ app_begin ] --END-- [ RunTime:0.001147s ]
SQL: SHOW COLUMNS FROM `user` [ RunTime:0.0045s ]
SQL: SELECT * FROM `user` WHERE `username` = 'wukun'  [ RunTime:0.0004s ]
SQL: SELECT * FROM `user` WHERE `username` = 'wukun'  [ RunTime:0.0003s ]
SQL: SELECT COUNT(*) AS tp_count FROM `user` WHERE `username` = 'wukun' LIMIT 1   [ RunTime:0.0003s ]
SQL: SELECT COUNT(*) AS tp_count FROM `user` WHERE `username` = 'wukun' AND `password` = '111' LIMIT 1   [ RunTime:0.0003s ]
NOTIC: [2] Use of undefined constant code - assumed 'code' (this will throw an Error in a future version of PHP) D:\xampp\htdocs\waijiedemo\waijie\Application\Home\Controller\UserController.class.php 第 41 行.
NOTIC: [2] Use of undefined constant msg - assumed 'msg' (this will throw an Error in a future version of PHP) D:\xampp\htdocs\waijiedemo\waijie\Application\Home\Controller\UserController.class.php 第 42 行.
NOTIC: [2] Use of undefined constant uid - assumed 'uid' (this will throw an Error in a future version of PHP) D:\xampp\htdocs\waijiedemo\waijie\Application\Home\Controller\UserController.class.php 第 43 行.
NOTIC: [2] Use of undefined constant uname - assumed 'uname' (this will throw an Error in a future version of PHP) D:\xampp\htdocs\waijiedemo\waijie\Application\Home\Controller\UserController.class.php 第 44 行.

[ 2018-11-06T22:22:43+08:00 ] ::1 /waijiedemo/waijie/index.php/Home/user/login
INFO: [ app_init ] --START--
INFO: Run Behavior\BuildLiteBehavior [ RunTime:0.000007s ]
INFO: [ app_init ] --END-- [ RunTime:0.000645s ]
INFO: [ app_begin ] --START--
INFO: Run Behavior\ReadHtmlCacheBehavior [ RunTime:0.000875s ]
INFO: [ app_begin ] --END-- [ RunTime:0.000900s ]
SQL: SHOW COLUMNS FROM `user` [ RunTime:0.0061s ]
SQL: SELECT * FROM `user` WHERE `username` = '1'  [ RunTime:0.0004s ]
NOTIC: [8] Undefined offset: 0 D:\xampp\htdocs\waijiedemo\waijie\Application\Home\Controller\UserController.class.php 第 24 行.
SQL: SELECT * FROM `user` WHERE `username` = '1'  [ RunTime:0.0004s ]
NOTIC: [8] Undefined offset: 0 D:\xampp\htdocs\waijiedemo\waijie\Application\Home\Controller\UserController.class.php 第 25 行.
SQL: SELECT COUNT(*) AS tp_count FROM `user` WHERE `username` = '1' LIMIT 1   [ RunTime:0.0003s ]
NOTIC: [2] Use of undefined constant code - assumed 'code' (this will throw an Error in a future version of PHP) D:\xampp\htdocs\waijiedemo\waijie\Application\Home\Controller\UserController.class.php 第 30 行.
NOTIC: [2] Use of undefined constant msg - assumed 'msg' (this will throw an Error in a future version of PHP) D:\xampp\htdocs\waijiedemo\waijie\Application\Home\Controller\UserController.class.php 第 31 行.

[ 2018-11-06T22:24:08+08:00 ] ::1 /waijiedemo/waijie/index.php/Home/user/login
INFO: [ app_init ] --START--
INFO: Run Behavior\BuildLiteBehavior [ RunTime:0.000009s ]
INFO: [ app_init ] --END-- [ RunTime:0.000820s ]
INFO: [ app_begin ] --START--
INFO: Run Behavior\ReadHtmlCacheBehavior [ RunTime:0.001504s ]
INFO: [ app_begin ] --END-- [ RunTime:0.001562s ]
SQL: SHOW COLUMNS FROM `user` [ RunTime:0.0068s ]
SQL: SELECT * FROM `user` WHERE `username` = '1'  [ RunTime:0.0004s ]
NOTIC: [8] Undefined offset: 0 D:\xampp\htdocs\waijiedemo\waijie\Application\Home\Controller\UserController.class.php 第 24 行.
SQL: SELECT * FROM `user` WHERE `username` = '1'  [ RunTime:0.0004s ]
NOTIC: [8] Undefined offset: 0 D:\xampp\htdocs\waijiedemo\waijie\Application\Home\Controller\UserController.class.php 第 25 行.
SQL: SELECT COUNT(*) AS tp_count FROM `user` WHERE `username` = '1' LIMIT 1   [ RunTime:0.0004s ]
NOTIC: [2] Use of undefined constant code - assumed 'code' (this will throw an Error in a future version of PHP) D:\xampp\htdocs\waijiedemo\waijie\Application\Home\Controller\UserController.class.php 第 30 行.
NOTIC: [2] Use of undefined constant msg - assumed 'msg' (this will throw an Error in a future version of PHP) D:\xampp\htdocs\waijiedemo\waijie\Application\Home\Controller\UserController.class.php 第 31 行.

