[ 2018-11-06T20:07:51+08:00 ] ::1 /waijiedemo/waijie/Application/Home/Controller/usercontroller.php
INFO: [ app_init ] --START--
INFO: Run Behavior\BuildLiteBehavior [ RunTime:0.000008s ]
INFO: [ app_init ] --END-- [ RunTime:0.000943s ]
ERR: 无法加载模块:Application

[ 2018-11-06T20:15:23+08:00 ] ::1 /waijiedemo/waijie/Application/Home/Controller/usercontroller.php
INFO: [ app_init ] --START--
INFO: Run Behavior\BuildLiteBehavior [ RunTime:0.000007s ]
INFO: [ app_init ] --END-- [ RunTime:0.000711s ]
ERR: 无法加载模块:Application

[ 2018-11-06T20:15:30+08:00 ] ::1 /waijiedemo/waijie/Application/Home/Controller/usercontroller.php
INFO: [ app_init ] --START--
INFO: Run Behavior\BuildLiteBehavior [ RunTime:0.000007s ]
INFO: [ app_init ] --END-- [ RunTime:0.000698s ]
ERR: 无法加载模块:Application

[ 2018-11-06T20:17:31+08:00 ] ::1 /waijiedemo/waijie/Application/Home/Controller/usercontroller.php
INFO: [ app_init ] --START--
INFO: Run Behavior\BuildLiteBehavior [ RunTime:0.000008s ]
INFO: [ app_init ] --END-- [ RunTime:0.001253s ]
ERR: 无法加载模块:Application

[ 2018-11-06T20:17:37+08:00 ] ::1 /waijiedemo/waijie/Application/Home/Controller/usercontroller.php
INFO: [ app_init ] --START--
INFO: Run Behavior\BuildLiteBehavior [ RunTime:0.000008s ]
INFO: [ app_init ] --END-- [ RunTime:0.000779s ]
ERR: 无法加载模块:Application

